{"uid":"c9c0163be8bdd0ca","name":"QR type - chromium","fullName":"tests.tests_default_flow.test_default_sign_up_pdf_download_welcome_modal.TestDefaultSignUpFlow#test_default_sign_up_website_qr_type","historyId":"ed7fad6d6cca6d99d143a2a4279e969e","time":{"start":1733485340892,"stop":1733485391069,"duration":50177},"status":"broken","statusMessage":"playwright._impl._errors.TimeoutError: Timeout 30000ms exceeded while waiting for event \"download\"\n=========================== logs ===========================\nwaiting for event \"download\"\n============================================================","statusTrace":"self = <tests.tests_default_flow.test_default_sign_up_pdf_download_welcome_modal.TestDefaultSignUpFlow object at 0x7fa3f0c85d00>\nsign_up_fixture = None, qr_create_method = 'website_qr_create'\nfake_email = 'wtl-automation1974119546420@test.com', resolution = 'Default'\n\n    @allure.title(f\"QR type - {os.getenv('BROWSER')}\")\n    @pytest.mark.parametrize(\"qr_create_method\", [\"website_qr_create\", \"menu_link_qr_create\"])\n    @pytest.mark.parametrize(\"resolution\", resolution_qr_code_pdf)\n    def test_default_sign_up_website_qr_type(self, sign_up_fixture, qr_create_method, fake_email, resolution):\n        qr_create_method_func = getattr(self.qr_creation_page, qr_create_method)\n        qr_create_method_func()\n        try:\n            expect(self.qr_creation_page.locator.create_button).to_be_disabled(timeout=5000)\n        except AssertionError: \"The button has not become disabled, continuing the test\"\n        self.qr_creation_page.locator.create_button.is_enabled()\n        self.qr_creation_page.locator.create_button.click()\n        self.my_qr_codes_page.expect(self.my_qr_codes_page.locator.sign_up_success_image).to_be_enabled(timeout=30000)\n>       self.my_qr_codes_page.download_parametrize_files(pdf_download_format, resolution)\n\ntests/tests_default_flow/test_default_sign_up_pdf_download_welcome_modal.py:44: \n_ _ _ _ _ _ _ _ _ _ _ _ _ _ _ _ _ _ _ _ _ _ _ _ _ _ _ _ _ _ _ _ _ _ _ _ _ _ _ _ \npages/my_qr_codes_page.py:35: in download_parametrize_files\n    with self.page.expect_download() as download_info:\n/usr/local/lib/python3.12/dist-packages/playwright/_impl/_sync_base.py:85: in __exit__\n    self._event.value\n_ _ _ _ _ _ _ _ _ _ _ _ _ _ _ _ _ _ _ _ _ _ _ _ _ _ _ _ _ _ _ _ _ _ _ _ _ _ _ _ \n\nself = <playwright._impl._sync_base.EventInfo object at 0x7fa3ef2de6f0>\n\n    @property\n    def value(self) -> T:\n        while not self._future.done():\n            self._sync_base._dispatcher_fiber.switch()\n        asyncio._set_running_loop(self._sync_base._loop)\n        exception = self._future.exception()\n        if exception:\n>           raise exception\nE           playwright._impl._errors.TimeoutError: Timeout 30000ms exceeded while waiting for event \"download\"\nE           =========================== logs ===========================\nE           waiting for event \"download\"\nE           ============================================================\n\n/usr/local/lib/python3.12/dist-packages/playwright/_impl/_sync_base.py:59: TimeoutError","flaky":false,"newFailed":false,"newBroken":false,"newPassed":false,"retriesCount":0,"retriesStatusChange":false,"beforeStages":[{"name":"_session_faker","time":{"start":1733485220305,"stop":1733485220405,"duration":100},"status":"passed","steps":[],"attachments":[],"parameters":[],"shouldDisplayMessage":false,"attachmentsCount":0,"stepsCount":0,"hasContent":false,"attachmentStep":false},{"name":"pytestconfig","time":{"start":1733485220305,"stop":1733485220305,"duration":0},"status":"passed","steps":[],"attachments":[],"parameters":[],"shouldDisplayMessage":false,"attachmentsCount":0,"stepsCount":0,"hasContent":false,"attachmentStep":false},{"name":"_verify_url","time":{"start":1733485220305,"stop":1733485220305,"duration":0},"status":"passed","steps":[],"attachments":[],"parameters":[],"shouldDisplayMessage":false,"attachmentsCount":0,"stepsCount":0,"hasContent":false,"attachmentStep":false},{"name":"delete_output_dir","time":{"start":1733485220305,"stop":1733485220305,"duration":0},"status":"passed","steps":[],"attachments":[],"parameters":[],"shouldDisplayMessage":false,"attachmentsCount":0,"stepsCount":0,"hasContent":false,"attachmentStep":false},{"name":"base_url","time":{"start":1733485220305,"stop":1733485220305,"duration":0},"status":"passed","steps":[],"attachments":[],"parameters":[],"shouldDisplayMessage":false,"attachmentsCount":0,"stepsCount":0,"hasContent":false,"attachmentStep":false},{"name":"Set up browser: chromium","time":{"start":1733485220406,"stop":1733485221037,"duration":631},"status":"passed","steps":[],"attachments":[],"parameters":[],"shouldDisplayMessage":false,"attachmentsCount":0,"stepsCount":0,"hasContent":false,"attachmentStep":false},{"name":"context","time":{"start":1733485339317,"stop":1733485339336,"duration":19},"status":"passed","steps":[],"attachments":[],"parameters":[],"shouldDisplayMessage":false,"attachmentsCount":0,"stepsCount":0,"hasContent":false,"attachmentStep":false},{"name":"Failed test artifacts","time":{"start":1733485339317,"stop":1733485339317,"duration":0},"status":"passed","steps":[],"attachments":[],"parameters":[],"shouldDisplayMessage":false,"attachmentsCount":0,"stepsCount":0,"hasContent":false,"attachmentStep":false},{"name":"fake_email","time":{"start":1733485339317,"stop":1733485339317,"duration":0},"status":"passed","steps":[],"attachments":[],"parameters":[],"shouldDisplayMessage":false,"attachmentsCount":0,"stepsCount":0,"hasContent":false,"attachmentStep":false},{"name":"Delete user after test","time":{"start":1733485339317,"stop":1733485339317,"duration":0},"status":"passed","steps":[],"attachments":[],"parameters":[],"shouldDisplayMessage":false,"attachmentsCount":0,"stepsCount":0,"hasContent":false,"attachmentStep":false},{"name":"page","time":{"start":1733485339336,"stop":1733485339438,"duration":102},"status":"passed","steps":[],"attachments":[],"parameters":[],"shouldDisplayMessage":false,"attachmentsCount":0,"stepsCount":0,"hasContent":false,"attachmentStep":false},{"name":"setup","time":{"start":1733485339438,"stop":1733485339438,"duration":0},"status":"passed","steps":[],"attachments":[],"parameters":[],"shouldDisplayMessage":false,"attachmentsCount":0,"stepsCount":0,"hasContent":false,"attachmentStep":false},{"name":"Sign up","time":{"start":1733485339439,"stop":1733485340891,"duration":1452},"status":"passed","steps":[{"name":"Sign up","time":{"start":1733485340579,"stop":1733485340891,"duration":312},"status":"passed","steps":[],"attachments":[],"parameters":[{"name":"temporary_mail","value":"'wtl-automation1974119546420@test.com'"},{"name":"signup_password","value":"'wtl-automation1974119546420@test.com'"}],"shouldDisplayMessage":false,"attachmentsCount":0,"stepsCount":0,"hasContent":true,"attachmentStep":false}],"attachments":[],"parameters":[],"shouldDisplayMessage":false,"attachmentsCount":0,"stepsCount":1,"hasContent":true,"attachmentStep":false}],"testStage":{"status":"broken","statusMessage":"playwright._impl._errors.TimeoutError: Timeout 30000ms exceeded while waiting for event \"download\"\n=========================== logs ===========================\nwaiting for event \"download\"\n============================================================","statusTrace":"self = <tests.tests_default_flow.test_default_sign_up_pdf_download_welcome_modal.TestDefaultSignUpFlow object at 0x7fa3f0c85d00>\nsign_up_fixture = None, qr_create_method = 'website_qr_create'\nfake_email = 'wtl-automation1974119546420@test.com', resolution = 'Default'\n\n    @allure.title(f\"QR type - {os.getenv('BROWSER')}\")\n    @pytest.mark.parametrize(\"qr_create_method\", [\"website_qr_create\", \"menu_link_qr_create\"])\n    @pytest.mark.parametrize(\"resolution\", resolution_qr_code_pdf)\n    def test_default_sign_up_website_qr_type(self, sign_up_fixture, qr_create_method, fake_email, resolution):\n        qr_create_method_func = getattr(self.qr_creation_page, qr_create_method)\n        qr_create_method_func()\n        try:\n            expect(self.qr_creation_page.locator.create_button).to_be_disabled(timeout=5000)\n        except AssertionError: \"The button has not become disabled, continuing the test\"\n        self.qr_creation_page.locator.create_button.is_enabled()\n        self.qr_creation_page.locator.create_button.click()\n        self.my_qr_codes_page.expect(self.my_qr_codes_page.locator.sign_up_success_image).to_be_enabled(timeout=30000)\n>       self.my_qr_codes_page.download_parametrize_files(pdf_download_format, resolution)\n\ntests/tests_default_flow/test_default_sign_up_pdf_download_welcome_modal.py:44: \n_ _ _ _ _ _ _ _ _ _ _ _ _ _ _ _ _ _ _ _ _ _ _ _ _ _ _ _ _ _ _ _ _ _ _ _ _ _ _ _ \npages/my_qr_codes_page.py:35: in download_parametrize_files\n    with self.page.expect_download() as download_info:\n/usr/local/lib/python3.12/dist-packages/playwright/_impl/_sync_base.py:85: in __exit__\n    self._event.value\n_ _ _ _ _ _ _ _ _ _ _ _ _ _ _ _ _ _ _ _ _ _ _ _ _ _ _ _ _ _ _ _ _ _ _ _ _ _ _ _ \n\nself = <playwright._impl._sync_base.EventInfo object at 0x7fa3ef2de6f0>\n\n    @property\n    def value(self) -> T:\n        while not self._future.done():\n            self._sync_base._dispatcher_fiber.switch()\n        asyncio._set_running_loop(self._sync_base._loop)\n        exception = self._future.exception()\n        if exception:\n>           raise exception\nE           playwright._impl._errors.TimeoutError: Timeout 30000ms exceeded while waiting for event \"download\"\nE           =========================== logs ===========================\nE           waiting for event \"download\"\nE           ============================================================\n\n/usr/local/lib/python3.12/dist-packages/playwright/_impl/_sync_base.py:59: TimeoutError","steps":[{"name":"Create Webiste QR code","time":{"start":1733485340969,"stop":1733485357862,"duration":16893},"status":"passed","steps":[{"name":"Set QR code name","time":{"start":1733485347302,"stop":1733485347487,"duration":185},"status":"passed","steps":[],"attachments":[],"parameters":[{"name":"qr_code_type","value":"'Website'"}],"shouldDisplayMessage":false,"attachmentsCount":0,"stepsCount":0,"hasContent":true,"attachmentStep":false},{"name":"Close help modal window step 3","time":{"start":1733485347626,"stop":1733485348784,"duration":1158},"status":"passed","steps":[],"attachments":[],"parameters":[],"shouldDisplayMessage":false,"attachmentsCount":0,"stepsCount":0,"hasContent":false,"attachmentStep":false},{"name":"Select qr frame on step 3","time":{"start":1733485348785,"stop":1733485351735,"duration":2950},"status":"passed","steps":[],"attachments":[],"parameters":[],"shouldDisplayMessage":false,"attachmentsCount":0,"stepsCount":0,"hasContent":false,"attachmentStep":false},{"name":"Select QR cornets on step 3","time":{"start":1733485353847,"stop":1733485356530,"duration":2683},"status":"passed","steps":[],"attachments":[],"parameters":[],"shouldDisplayMessage":false,"attachmentsCount":0,"stepsCount":0,"hasContent":false,"attachmentStep":false},{"name":"Set file","time":{"start":1733485356637,"stop":1733485357862,"duration":1225},"status":"passed","steps":[{"name":"Generate file","time":{"start":1733485356637,"stop":1733485357822,"duration":1185},"status":"passed","steps":[],"attachments":[],"parameters":[{"name":"file_type","value":"'image'"}],"shouldDisplayMessage":false,"attachmentsCount":0,"stepsCount":0,"hasContent":true,"attachmentStep":false}],"attachments":[],"parameters":[{"name":"selector","value":"<Locator frame=<Frame name= url='https://oqg-staging.test-qr.com/qr?step=3&qr_onboarding=active'> selector=\"//input[@id='qr_code_logo']\">"},{"name":"file_type","value":"'image'"}],"shouldDisplayMessage":false,"attachmentsCount":0,"stepsCount":1,"hasContent":true,"attachmentStep":false}],"attachments":[],"parameters":[],"shouldDisplayMessage":false,"attachmentsCount":0,"stepsCount":6,"hasContent":true,"attachmentStep":false},{"name":"Download QR code with parameters","time":{"start":1733485360579,"stop":1733485391068,"duration":30489},"status":"broken","statusMessage":"playwright._impl._errors.TimeoutError: Timeout 30000ms exceeded while waiting for event \"download\"\n=========================== logs ===========================\nwaiting for event \"download\"\n============================================================\n","statusTrace":"  File \"/usr/local/lib/python3.12/dist-packages/allure_commons/_allure.py\", line 192, in impl\n    return func(*a, **kw)\n           ^^^^^^^^^^^^^^\n  File \"/app/workspace/pages/my_qr_codes_page.py\", line 35, in download_parametrize_files\n    with self.page.expect_download() as download_info:\n  File \"/usr/local/lib/python3.12/dist-packages/playwright/_impl/_sync_base.py\", line 85, in __exit__\n    self._event.value\n  File \"/usr/local/lib/python3.12/dist-packages/playwright/_impl/_sync_base.py\", line 59, in value\n    raise exception\n","steps":[],"attachments":[],"parameters":[{"name":"file_format","value":"'PDF'"},{"name":"resolution","value":"'Default'"}],"shouldDisplayMessage":true,"attachmentsCount":0,"stepsCount":0,"hasContent":true,"attachmentStep":false}],"attachments":[],"parameters":[],"shouldDisplayMessage":true,"attachmentsCount":0,"stepsCount":8,"hasContent":true,"attachmentStep":false},"afterStages":[{"name":"Sign up::0","time":{"start":1733485391076,"stop":1733485391076,"duration":0},"status":"passed","steps":[],"attachments":[],"parameters":[],"shouldDisplayMessage":false,"attachmentsCount":0,"stepsCount":0,"hasContent":false,"attachmentStep":false},{"name":"page::0","time":{"start":1733485391076,"stop":1733485393491,"duration":2415},"status":"passed","steps":[],"attachments":[],"parameters":[],"shouldDisplayMessage":false,"attachmentsCount":0,"stepsCount":0,"hasContent":false,"attachmentStep":false},{"name":"context::0","time":{"start":1733485393491,"stop":1733485393503,"duration":12},"status":"passed","steps":[],"attachments":[],"parameters":[],"shouldDisplayMessage":false,"attachmentsCount":0,"stepsCount":0,"hasContent":false,"attachmentStep":false},{"name":"Delete user after test::0","time":{"start":1733485393504,"stop":1733485393638,"duration":134},"status":"passed","steps":[],"attachments":[],"parameters":[],"shouldDisplayMessage":false,"attachmentsCount":0,"stepsCount":0,"hasContent":false,"attachmentStep":false},{"name":"Failed test artifacts::0","time":{"start":1733485393638,"stop":1733485393641,"duration":3},"status":"passed","steps":[],"attachments":[{"uid":"d8f19faf6c8a6f5b","name":"screenshot","source":"d8f19faf6c8a6f5b.png","type":"image/png","size":8391},{"uid":"d44eb20913cecab3","name":"video","source":"d44eb20913cecab3.webm","type":"video/webm","size":1903510}],"parameters":[],"shouldDisplayMessage":false,"attachmentsCount":2,"stepsCount":0,"hasContent":true,"attachmentStep":false},{"name":"Set up browser: chromium::0","time":{"start":1733485393641,"stop":1733485393676,"duration":35},"status":"passed","steps":[],"attachments":[],"parameters":[],"shouldDisplayMessage":false,"attachmentsCount":0,"stepsCount":0,"hasContent":false,"attachmentStep":false}],"labels":[{"name":"feature","value":"Default sign up flow - chromium - chromium"},{"name":"parentSuite","value":"tests.tests_default_flow"},{"name":"suite","value":"test_default_sign_up_pdf_download_welcome_modal"},{"name":"subSuite","value":"TestDefaultSignUpFlow"},{"name":"host","value":"6e852d572b88"},{"name":"thread","value":"25-MainThread"},{"name":"framework","value":"pytest"},{"name":"language","value":"cpython3"},{"name":"package","value":"tests.tests_default_flow.test_default_sign_up_pdf_download_welcome_modal"},{"name":"resultFormat","value":"allure2"}],"parameters":[{"name":"language","value":"'en'"},{"name":"qr_create_method","value":"'website_qr_create'"},{"name":"resolution","value":"'Default'"}],"links":[],"hidden":false,"retry":false,"extra":{"severity":"normal","retries":[],"categories":[{"name":"Test defects","matchedStatuses":[],"flaky":false}],"tags":[]},"source":"c9c0163be8bdd0ca.json","parameterValues":["'en'","'website_qr_create'","'Default'"]}