{"uid":"340dadf2e2b0e0f7","name":"QR type - chromium","fullName":"tests.tests_nsf_flow.test_nsf_sign_up_jpeg_download_welcome_modal.TestNSFSignUpFlow#test_dpf_sign_up_qr_type","historyId":"7d1a70a2394af54dfa119aa42ae1fd3f","time":{"start":1733329578200,"stop":1733329605590,"duration":27390},"status":"failed","statusMessage":"AssertionError: Locator expected to be enabled\nActual value: <element(s) not found> \nCall log:\nLocatorAssertions.to_be_enabled with timeout 5000ms\n  - waiting for locator(\"//img[contains(@class,'dl-modal-head-img')]\")","statusTrace":"self = <tests.tests_nsf_flow.test_nsf_sign_up_jpeg_download_welcome_modal.TestNSFSignUpFlow object at 0x7fa6a9b8d010>\nnavigate_to_nsf_page = None, qr_create_method = 'wifi_qr_create'\nfake_email = 'wtl-automation6452922311629@test.com', resolution = '512x512'\n\n    @allure.title(f\"QR type - {os.getenv('BROWSER')}\")\n    @pytest.mark.parametrize(\"qr_create_method\", qr_create_methods)\n    @pytest.mark.parametrize(\"resolution\", resolution_qr_code_images)\n    def test_dpf_sign_up_qr_type(self, navigate_to_nsf_page, qr_create_method, fake_email, resolution):\n        qr_create_method_func = getattr(self.qr_creation_page, qr_create_method)\n        qr_create_method_func()\n        self.qr_creation_page.click_next_button_step2()\n        self.qr_creation_page.complete_step_3()\n        expect(self.qr_creation_page.locator.create_button).to_be_disabled()\n        self.qr_creation_page.locator.create_button.is_enabled()\n        self.qr_creation_page.locator.create_button.click()\n        self.qr_creation_page.locator.dpf_form_email_input.fill(fake_email)\n        self.qr_creation_page.locator.dpf_form_submit_button.click()\n>       self.my_qr_codes_page.expect(self.my_qr_codes_page.locator.sign_up_success_image).to_be_enabled()\nE       AssertionError: Locator expected to be enabled\nE       Actual value: <element(s) not found> \nE       Call log:\nE       LocatorAssertions.to_be_enabled with timeout 5000ms\nE         - waiting for locator(\"//img[contains(@class,'dl-modal-head-img')]\")\n\ntests/tests_nsf_flow/test_nsf_sign_up_jpeg_download_welcome_modal.py:27: AssertionError","flaky":false,"newFailed":false,"newBroken":false,"newPassed":false,"retriesCount":0,"retriesStatusChange":false,"beforeStages":[{"name":"_verify_url","time":{"start":1733329472439,"stop":1733329472439,"duration":0},"status":"passed","steps":[],"attachments":[],"parameters":[],"shouldDisplayMessage":false,"attachmentsCount":0,"hasContent":false,"stepsCount":0,"attachmentStep":false},{"name":"base_url","time":{"start":1733329472439,"stop":1733329472439,"duration":0},"status":"passed","steps":[],"attachments":[],"parameters":[],"shouldDisplayMessage":false,"attachmentsCount":0,"hasContent":false,"stepsCount":0,"attachmentStep":false},{"name":"_session_faker","time":{"start":1733329472440,"stop":1733329472538,"duration":98},"status":"passed","steps":[],"attachments":[],"parameters":[],"shouldDisplayMessage":false,"attachmentsCount":0,"hasContent":false,"stepsCount":0,"attachmentStep":false},{"name":"delete_output_dir","time":{"start":1733329472440,"stop":1733329472440,"duration":0},"status":"passed","steps":[],"attachments":[],"parameters":[],"shouldDisplayMessage":false,"attachmentsCount":0,"hasContent":false,"stepsCount":0,"attachmentStep":false},{"name":"pytestconfig","time":{"start":1733329472440,"stop":1733329472440,"duration":0},"status":"passed","steps":[],"attachments":[],"parameters":[],"shouldDisplayMessage":false,"attachmentsCount":0,"hasContent":false,"stepsCount":0,"attachmentStep":false},{"name":"Set up browser: chromium","time":{"start":1733329472539,"stop":1733329473280,"duration":741},"status":"passed","steps":[],"attachments":[],"parameters":[],"shouldDisplayMessage":false,"attachmentsCount":0,"hasContent":false,"stepsCount":0,"attachmentStep":false},{"name":"Failed test artifacts","time":{"start":1733329570059,"stop":1733329570059,"duration":0},"status":"passed","steps":[],"attachments":[],"parameters":[],"shouldDisplayMessage":false,"attachmentsCount":0,"hasContent":false,"stepsCount":0,"attachmentStep":false},{"name":"fake_email","time":{"start":1733329570059,"stop":1733329570059,"duration":0},"status":"passed","steps":[],"attachments":[],"parameters":[],"shouldDisplayMessage":false,"attachmentsCount":0,"hasContent":false,"stepsCount":0,"attachmentStep":false},{"name":"context","time":{"start":1733329570059,"stop":1733329570067,"duration":8},"status":"passed","steps":[],"attachments":[],"parameters":[],"shouldDisplayMessage":false,"attachmentsCount":0,"hasContent":false,"stepsCount":0,"attachmentStep":false},{"name":"Delete user after test","time":{"start":1733329570059,"stop":1733329570059,"duration":0},"status":"passed","steps":[],"attachments":[],"parameters":[],"shouldDisplayMessage":false,"attachmentsCount":0,"hasContent":false,"stepsCount":0,"attachmentStep":false},{"name":"page","time":{"start":1733329570067,"stop":1733329570100,"duration":33},"status":"passed","steps":[],"attachments":[],"parameters":[],"shouldDisplayMessage":false,"attachmentsCount":0,"hasContent":false,"stepsCount":0,"attachmentStep":false},{"name":"setup","time":{"start":1733329570101,"stop":1733329570101,"duration":0},"status":"passed","steps":[],"attachments":[],"parameters":[],"shouldDisplayMessage":false,"attachmentsCount":0,"hasContent":false,"stepsCount":0,"attachmentStep":false},{"name":"Navigate to NSF funnel","time":{"start":1733329570101,"stop":1733329578199,"duration":8098},"status":"passed","steps":[],"attachments":[],"parameters":[],"shouldDisplayMessage":false,"attachmentsCount":0,"hasContent":false,"stepsCount":0,"attachmentStep":false}],"testStage":{"status":"failed","statusMessage":"AssertionError: Locator expected to be enabled\nActual value: <element(s) not found> \nCall log:\nLocatorAssertions.to_be_enabled with timeout 5000ms\n  - waiting for locator(\"//img[contains(@class,'dl-modal-head-img')]\")","statusTrace":"self = <tests.tests_nsf_flow.test_nsf_sign_up_jpeg_download_welcome_modal.TestNSFSignUpFlow object at 0x7fa6a9b8d010>\nnavigate_to_nsf_page = None, qr_create_method = 'wifi_qr_create'\nfake_email = 'wtl-automation6452922311629@test.com', resolution = '512x512'\n\n    @allure.title(f\"QR type - {os.getenv('BROWSER')}\")\n    @pytest.mark.parametrize(\"qr_create_method\", qr_create_methods)\n    @pytest.mark.parametrize(\"resolution\", resolution_qr_code_images)\n    def test_dpf_sign_up_qr_type(self, navigate_to_nsf_page, qr_create_method, fake_email, resolution):\n        qr_create_method_func = getattr(self.qr_creation_page, qr_create_method)\n        qr_create_method_func()\n        self.qr_creation_page.click_next_button_step2()\n        self.qr_creation_page.complete_step_3()\n        expect(self.qr_creation_page.locator.create_button).to_be_disabled()\n        self.qr_creation_page.locator.create_button.is_enabled()\n        self.qr_creation_page.locator.create_button.click()\n        self.qr_creation_page.locator.dpf_form_email_input.fill(fake_email)\n        self.qr_creation_page.locator.dpf_form_submit_button.click()\n>       self.my_qr_codes_page.expect(self.my_qr_codes_page.locator.sign_up_success_image).to_be_enabled()\nE       AssertionError: Locator expected to be enabled\nE       Actual value: <element(s) not found> \nE       Call log:\nE       LocatorAssertions.to_be_enabled with timeout 5000ms\nE         - waiting for locator(\"//img[contains(@class,'dl-modal-head-img')]\")\n\ntests/tests_nsf_flow/test_nsf_sign_up_jpeg_download_welcome_modal.py:27: AssertionError","steps":[{"name":"Create Wi-Fi QR code","time":{"start":1733329578366,"stop":1733329581204,"duration":2838},"status":"passed","steps":[{"name":"Set QR code name","time":{"start":1733329580844,"stop":1733329581204,"duration":360},"status":"passed","steps":[],"attachments":[],"parameters":[{"name":"qr_code_type","value":"'Wi-Fi'"}],"shouldDisplayMessage":false,"attachmentsCount":0,"hasContent":true,"stepsCount":0,"attachmentStep":false}],"attachments":[],"parameters":[],"shouldDisplayMessage":false,"attachmentsCount":0,"hasContent":true,"stepsCount":1,"attachmentStep":false},{"name":"Click on Next button","time":{"start":1733329581204,"stop":1733329581634,"duration":430},"status":"passed","steps":[],"attachments":[],"parameters":[],"shouldDisplayMessage":false,"attachmentsCount":0,"hasContent":false,"stepsCount":0,"attachmentStep":false},{"name":"Complete step 3","time":{"start":1733329581634,"stop":1733329593958,"duration":12324},"status":"passed","steps":[{"name":"Close help modal window step 3","time":{"start":1733329581634,"stop":1733329582762,"duration":1128},"status":"passed","steps":[],"attachments":[],"parameters":[],"shouldDisplayMessage":false,"attachmentsCount":0,"hasContent":false,"stepsCount":0,"attachmentStep":false},{"name":"Select qr frame on step 3","time":{"start":1733329582762,"stop":1733329585367,"duration":2605},"status":"passed","steps":[],"attachments":[],"parameters":[],"shouldDisplayMessage":false,"attachmentsCount":0,"hasContent":false,"stepsCount":0,"attachmentStep":false},{"name":"Select QR cornets on step 3","time":{"start":1733329587744,"stop":1733329591905,"duration":4161},"status":"passed","steps":[],"attachments":[],"parameters":[],"shouldDisplayMessage":false,"attachmentsCount":0,"hasContent":false,"stepsCount":0,"attachmentStep":false},{"name":"Set file","time":{"start":1733329592746,"stop":1733329593958,"duration":1212},"status":"passed","steps":[{"name":"Generate file","time":{"start":1733329592746,"stop":1733329593915,"duration":1169},"status":"passed","steps":[],"attachments":[],"parameters":[{"name":"file_type","value":"'image'"}],"shouldDisplayMessage":false,"attachmentsCount":0,"hasContent":true,"stepsCount":0,"attachmentStep":false}],"attachments":[],"parameters":[{"name":"selector","value":"<Locator frame=<Frame name= url='https://oqg-staging.test-qr.com/bg/qr?step=3&qr_onboarding=active_nsf'> selector=\"//input[@id='qr_code_logo']\">"},{"name":"file_type","value":"'image'"}],"shouldDisplayMessage":false,"attachmentsCount":0,"hasContent":true,"stepsCount":1,"attachmentStep":false}],"attachments":[],"parameters":[],"shouldDisplayMessage":false,"attachmentsCount":0,"hasContent":true,"stepsCount":5,"attachmentStep":false}],"attachments":[],"parameters":[],"shouldDisplayMessage":true,"attachmentsCount":0,"hasContent":true,"stepsCount":9,"attachmentStep":false},"afterStages":[{"name":"page::0","time":{"start":1733329605624,"stop":1733329635647,"duration":30023},"status":"broken","statusMessage":"playwright._impl._errors.TimeoutError: Page.screenshot: Timeout 30000ms exceeded.\nCall log:\ntaking page screenshot\n  - waiting for fonts to load...\n  - fonts loaded\n\n","statusTrace":"  File \"/usr/local/lib/python3.12/dist-packages/allure_commons/_allure.py\", line 221, in __call__\n    return self._fixture_function(*args, **kwargs)\n           ^^^^^^^^^^^^^^^^^^^^^^^^^^^^^^^^^^^^^^^\n  File \"/usr/local/lib/python3.12/dist-packages/_pytest/fixtures.py\", line 907, in _teardown_yield_fixture\n    next(it)\n  File \"/app/workspace/conftest.py\", line 34, in page\n    page.screenshot(path=f\"artifacts/screenshots/{request.node.name}.png\", full_page=True)\n  File \"/usr/local/lib/python3.12/dist-packages/playwright/sync_api/_generated.py\", line 9762, in screenshot\n    self._sync(\n  File \"/usr/local/lib/python3.12/dist-packages/playwright/_impl/_sync_base.py\", line 115, in _sync\n    return task.result()\n           ^^^^^^^^^^^^^\n  File \"/usr/local/lib/python3.12/dist-packages/playwright/_impl/_page.py\", line 790, in screenshot\n    encoded_binary = await self._channel.send(\"screenshot\", params)\n                     ^^^^^^^^^^^^^^^^^^^^^^^^^^^^^^^^^^^^^^^^^^^^^^\n  File \"/usr/local/lib/python3.12/dist-packages/playwright/_impl/_connection.py\", line 59, in send\n    return await self._connection.wrap_api_call(\n           ^^^^^^^^^^^^^^^^^^^^^^^^^^^^^^^^^^^^^\n  File \"/usr/local/lib/python3.12/dist-packages/playwright/_impl/_connection.py\", line 520, in wrap_api_call\n    raise rewrite_error(error, f\"{parsed_st['apiName']}: {error}\") from None\n","steps":[],"attachments":[],"parameters":[],"shouldDisplayMessage":true,"attachmentsCount":0,"hasContent":true,"stepsCount":0,"attachmentStep":false},{"name":"context::0","time":{"start":1733329635647,"stop":1733329635673,"duration":26},"status":"passed","steps":[],"attachments":[],"parameters":[],"shouldDisplayMessage":false,"attachmentsCount":0,"hasContent":false,"stepsCount":0,"attachmentStep":false},{"name":"Delete user after test::0","time":{"start":1733329635674,"stop":1733329708961,"duration":73287},"status":"passed","steps":[],"attachments":[],"parameters":[],"shouldDisplayMessage":false,"attachmentsCount":0,"hasContent":false,"stepsCount":0,"attachmentStep":false},{"name":"Failed test artifacts::0","time":{"start":1733329708962,"stop":1733329708963,"duration":1},"status":"broken","statusMessage":"FileNotFoundError: [Errno 2] No such file or directory: 'artifacts/screenshots/test_dpf_sign_up_qr_type[512x512-wifi_qr_create-bg].png'\n","statusTrace":"  File \"/usr/local/lib/python3.12/dist-packages/allure_commons/_allure.py\", line 221, in __call__\n    return self._fixture_function(*args, **kwargs)\n           ^^^^^^^^^^^^^^^^^^^^^^^^^^^^^^^^^^^^^^^\n  File \"/usr/local/lib/python3.12/dist-packages/_pytest/fixtures.py\", line 907, in _teardown_yield_fixture\n    next(it)\n  File \"/app/workspace/conftest.py\", line 52, in artifacts\n    allure.attach.file(f\"artifacts/screenshots/{request.node.name}.png\", name=\"screenshot\",\n  File \"/usr/local/lib/python3.12/dist-packages/allure_commons/_allure.py\", line 203, in file\n    plugin_manager.hook.attach_file(source=source, name=name, attachment_type=attachment_type, extension=extension)\n  File \"/usr/local/lib/python3.12/dist-packages/pluggy/_hooks.py\", line 513, in __call__\n    return self._hookexec(self.name, self._hookimpls.copy(), kwargs, firstresult)\n           ^^^^^^^^^^^^^^^^^^^^^^^^^^^^^^^^^^^^^^^^^^^^^^^^^^^^^^^^^^^^^^^^^^^^^^\n  File \"/usr/local/lib/python3.12/dist-packages/pluggy/_manager.py\", line 120, in _hookexec\n    return self._inner_hookexec(hook_name, methods, kwargs, firstresult)\n           ^^^^^^^^^^^^^^^^^^^^^^^^^^^^^^^^^^^^^^^^^^^^^^^^^^^^^^^^^^^^^\n  File \"/usr/local/lib/python3.12/dist-packages/pluggy/_callers.py\", line 139, in _multicall\n    raise exception.with_traceback(exception.__traceback__)\n  File \"/usr/local/lib/python3.12/dist-packages/pluggy/_callers.py\", line 103, in _multicall\n    res = hook_impl.function(*args)\n          ^^^^^^^^^^^^^^^^^^^^^^^^^\n  File \"/usr/local/lib/python3.12/dist-packages/allure_pytest/listener.py\", line 256, in attach_file\n    self.allure_logger.attach_file(uuid4(), source, name=name, attachment_type=attachment_type, extension=extension)\n  File \"/usr/local/lib/python3.12/dist-packages/allure_commons/reporter.py\", line 160, in attach_file\n    plugin_manager.hook.report_attached_file(source=source, file_name=file_name)\n  File \"/usr/local/lib/python3.12/dist-packages/pluggy/_hooks.py\", line 513, in __call__\n    return self._hookexec(self.name, self._hookimpls.copy(), kwargs, firstresult)\n           ^^^^^^^^^^^^^^^^^^^^^^^^^^^^^^^^^^^^^^^^^^^^^^^^^^^^^^^^^^^^^^^^^^^^^^\n  File \"/usr/local/lib/python3.12/dist-packages/pluggy/_manager.py\", line 120, in _hookexec\n    return self._inner_hookexec(hook_name, methods, kwargs, firstresult)\n           ^^^^^^^^^^^^^^^^^^^^^^^^^^^^^^^^^^^^^^^^^^^^^^^^^^^^^^^^^^^^^\n  File \"/usr/local/lib/python3.12/dist-packages/pluggy/_callers.py\", line 139, in _multicall\n    raise exception.with_traceback(exception.__traceback__)\n  File \"/usr/local/lib/python3.12/dist-packages/pluggy/_callers.py\", line 103, in _multicall\n    res = hook_impl.function(*args)\n          ^^^^^^^^^^^^^^^^^^^^^^^^^\n  File \"/usr/local/lib/python3.12/dist-packages/allure_commons/logger.py\", line 39, in report_attached_file\n    shutil.copy2(source, destination)\n  File \"/usr/lib/python3.12/shutil.py\", line 475, in copy2\n    copyfile(src, dst, follow_symlinks=follow_symlinks)\n  File \"/usr/lib/python3.12/shutil.py\", line 260, in copyfile\n    with open(src, 'rb') as fsrc:\n         ^^^^^^^^^^^^^^^\n","steps":[],"attachments":[{"name":"screenshot","type":"image/png","size":0}],"parameters":[],"shouldDisplayMessage":true,"attachmentsCount":1,"hasContent":true,"stepsCount":0,"attachmentStep":false},{"name":"Set up browser: chromium::0","time":{"start":1733330579694,"stop":1733330579732,"duration":38},"status":"passed","steps":[],"attachments":[],"parameters":[],"shouldDisplayMessage":false,"attachmentsCount":0,"hasContent":false,"stepsCount":0,"attachmentStep":false}],"labels":[{"name":"feature","value":"NSF sign up flow - chromium"},{"name":"parentSuite","value":"tests.tests_nsf_flow"},{"name":"suite","value":"test_nsf_sign_up_jpeg_download_welcome_modal"},{"name":"subSuite","value":"TestNSFSignUpFlow"},{"name":"host","value":"f2471dc3556a"},{"name":"thread","value":"28-MainThread"},{"name":"framework","value":"pytest"},{"name":"language","value":"cpython3"},{"name":"package","value":"tests.tests_nsf_flow.test_nsf_sign_up_jpeg_download_welcome_modal"},{"name":"resultFormat","value":"allure2"}],"parameters":[{"name":"language","value":"'bg'"},{"name":"qr_create_method","value":"'wifi_qr_create'"},{"name":"resolution","value":"'512x512'"}],"links":[],"hidden":false,"retry":false,"extra":{"severity":"normal","retries":[],"categories":[{"name":"Product defects","matchedStatuses":[],"flaky":false}],"tags":[]},"source":"340dadf2e2b0e0f7.json","parameterValues":["'bg'","'wifi_qr_create'","'512x512'"]}