{"uid":"39710702e1ddb2af","name":"test_nsf_sign_up_qr_type[''-2048x2048-links_qr_create]","fullName":"tests.tests_nsf_flow.test_nsf_sign_up_eps_download_welcome_modal.TestNSFSignUpFlowEps#test_nsf_sign_up_qr_type","historyId":"7a57ac03fdc966f6a35ca0e33e3d3787","time":{"start":1734897546803,"stop":1734897576907,"duration":30104},"status":"failed","statusMessage":"AssertionError: Locator expected to be visible\nActual value: <element(s) not found> \nCall log:\nLocatorAssertions.to_be_visible with timeout 30000ms\n  - waiting for locator(\"//input[@value='links']/../../..\")","statusTrace":"self = <tests.tests_nsf_flow.test_nsf_sign_up_eps_download_welcome_modal.TestNSFSignUpFlowEps object at 0x7fcd172f7170>\nnavigate_to_nsf_page = None, qr_create_method = 'links_qr_create'\nfake_email = 'wtl-automation7672445207519@test.com', resolution = '2048x2048'\n\n    @pytest.mark.parametrize(\"qr_create_method\", qr_create_methods)\n    @pytest.mark.parametrize(\"resolution\", resolution_qr_code_images)\n    def test_nsf_sign_up_qr_type(self, navigate_to_nsf_page, qr_create_method, fake_email, resolution):\n        qr_create_method_func = getattr(self.qr_creation_page, qr_create_method)\n>       qr_create_method_func()\n\ntests/tests_nsf_flow/test_nsf_sign_up_eps_download_welcome_modal.py:19: \n_ _ _ _ _ _ _ _ _ _ _ _ _ _ _ _ _ _ _ _ _ _ _ _ _ _ _ _ _ _ _ _ _ _ _ _ _ _ _ _ \npages/qr_creation_flow_page.py:81: in links_qr_create\n    self.checked_locator(locator=self.locator.links_qr_type).click()\n_ _ _ _ _ _ _ _ _ _ _ _ _ _ _ _ _ _ _ _ _ _ _ _ _ _ _ _ _ _ _ _ _ _ _ _ _ _ _ _ \n\nself = <pages.qr_creation_flow_page.QrCreationPage object at 0x7fcd16b8a4e0>\nlocator = <Locator frame=<Frame name= url=\"https://oqg-staging.test-qr.com/''/create?step=1&qr_onboarding=active_nsf\"> selector=\"//input[@value='links']/../../..\">\n\n    def checked_locator(self, locator):\n>       self.expect(locator).to_be_visible(timeout=30000)\nE       AssertionError: Locator expected to be visible\nE       Actual value: <element(s) not found> \nE       Call log:\nE       LocatorAssertions.to_be_visible with timeout 30000ms\nE         - waiting for locator(\"//input[@value='links']/../../..\")\n\nbase/base_page.py:12: AssertionError","flaky":false,"newFailed":true,"newBroken":false,"newPassed":false,"retriesCount":0,"retriesStatusChange":false,"beforeStages":[{"name":"_session_faker","time":{"start":1734897282186,"stop":1734897282351,"duration":165},"status":"passed","steps":[],"attachments":[],"parameters":[],"stepsCount":0,"shouldDisplayMessage":false,"attachmentsCount":0,"hasContent":false,"attachmentStep":false},{"name":"_verify_url","time":{"start":1734897282351,"stop":1734897282351,"duration":0},"status":"passed","steps":[],"attachments":[],"parameters":[],"stepsCount":0,"shouldDisplayMessage":false,"attachmentsCount":0,"hasContent":false,"attachmentStep":false},{"name":"pytestconfig","time":{"start":1734897282351,"stop":1734897282351,"duration":0},"status":"passed","steps":[],"attachments":[],"parameters":[],"stepsCount":0,"shouldDisplayMessage":false,"attachmentsCount":0,"hasContent":false,"attachmentStep":false},{"name":"delete_output_dir","time":{"start":1734897282351,"stop":1734897282351,"duration":0},"status":"passed","steps":[],"attachments":[],"parameters":[],"stepsCount":0,"shouldDisplayMessage":false,"attachmentsCount":0,"hasContent":false,"attachmentStep":false},{"name":"base_url","time":{"start":1734897282351,"stop":1734897282351,"duration":0},"status":"passed","steps":[],"attachments":[],"parameters":[],"stepsCount":0,"shouldDisplayMessage":false,"attachmentsCount":0,"hasContent":false,"attachmentStep":false},{"name":"Set up browser: chromium","time":{"start":1734897282352,"stop":1734897284221,"duration":1869},"status":"passed","steps":[],"attachments":[],"parameters":[],"stepsCount":0,"shouldDisplayMessage":false,"attachmentsCount":0,"hasContent":false,"attachmentStep":false},{"name":"Delete user after test","time":{"start":1734897546112,"stop":1734897546112,"duration":0},"status":"passed","steps":[],"attachments":[],"parameters":[],"stepsCount":0,"shouldDisplayMessage":false,"attachmentsCount":0,"hasContent":false,"attachmentStep":false},{"name":"context","time":{"start":1734897546112,"stop":1734897546124,"duration":12},"status":"passed","steps":[],"attachments":[],"parameters":[],"stepsCount":0,"shouldDisplayMessage":false,"attachmentsCount":0,"hasContent":false,"attachmentStep":false},{"name":"fake_email","time":{"start":1734897546112,"stop":1734897546112,"duration":0},"status":"passed","steps":[],"attachments":[],"parameters":[],"stepsCount":0,"shouldDisplayMessage":false,"attachmentsCount":0,"hasContent":false,"attachmentStep":false},{"name":"Failed test artifacts","time":{"start":1734897546112,"stop":1734897546112,"duration":0},"status":"passed","steps":[],"attachments":[],"parameters":[],"stepsCount":0,"shouldDisplayMessage":false,"attachmentsCount":0,"hasContent":false,"attachmentStep":false},{"name":"page","time":{"start":1734897546124,"stop":1734897546209,"duration":85},"status":"passed","steps":[],"attachments":[],"parameters":[],"stepsCount":0,"shouldDisplayMessage":false,"attachmentsCount":0,"hasContent":false,"attachmentStep":false},{"name":"setup","time":{"start":1734897546209,"stop":1734897546209,"duration":0},"status":"passed","steps":[],"attachments":[],"parameters":[],"stepsCount":0,"shouldDisplayMessage":false,"attachmentsCount":0,"hasContent":false,"attachmentStep":false},{"name":"Navigate to NSF funnel","time":{"start":1734897546209,"stop":1734897546801,"duration":592},"status":"passed","steps":[],"attachments":[],"parameters":[],"stepsCount":0,"shouldDisplayMessage":false,"attachmentsCount":0,"hasContent":false,"attachmentStep":false}],"testStage":{"status":"failed","statusMessage":"AssertionError: Locator expected to be visible\nActual value: <element(s) not found> \nCall log:\nLocatorAssertions.to_be_visible with timeout 30000ms\n  - waiting for locator(\"//input[@value='links']/../../..\")","statusTrace":"self = <tests.tests_nsf_flow.test_nsf_sign_up_eps_download_welcome_modal.TestNSFSignUpFlowEps object at 0x7fcd172f7170>\nnavigate_to_nsf_page = None, qr_create_method = 'links_qr_create'\nfake_email = 'wtl-automation7672445207519@test.com', resolution = '2048x2048'\n\n    @pytest.mark.parametrize(\"qr_create_method\", qr_create_methods)\n    @pytest.mark.parametrize(\"resolution\", resolution_qr_code_images)\n    def test_nsf_sign_up_qr_type(self, navigate_to_nsf_page, qr_create_method, fake_email, resolution):\n        qr_create_method_func = getattr(self.qr_creation_page, qr_create_method)\n>       qr_create_method_func()\n\ntests/tests_nsf_flow/test_nsf_sign_up_eps_download_welcome_modal.py:19: \n_ _ _ _ _ _ _ _ _ _ _ _ _ _ _ _ _ _ _ _ _ _ _ _ _ _ _ _ _ _ _ _ _ _ _ _ _ _ _ _ \npages/qr_creation_flow_page.py:81: in links_qr_create\n    self.checked_locator(locator=self.locator.links_qr_type).click()\n_ _ _ _ _ _ _ _ _ _ _ _ _ _ _ _ _ _ _ _ _ _ _ _ _ _ _ _ _ _ _ _ _ _ _ _ _ _ _ _ \n\nself = <pages.qr_creation_flow_page.QrCreationPage object at 0x7fcd16b8a4e0>\nlocator = <Locator frame=<Frame name= url=\"https://oqg-staging.test-qr.com/''/create?step=1&qr_onboarding=active_nsf\"> selector=\"//input[@value='links']/../../..\">\n\n    def checked_locator(self, locator):\n>       self.expect(locator).to_be_visible(timeout=30000)\nE       AssertionError: Locator expected to be visible\nE       Actual value: <element(s) not found> \nE       Call log:\nE       LocatorAssertions.to_be_visible with timeout 30000ms\nE         - waiting for locator(\"//input[@value='links']/../../..\")\n\nbase/base_page.py:12: AssertionError","steps":[{"name":"Create Links QR code","time":{"start":1734897546901,"stop":1734897576906,"duration":30005},"status":"failed","statusMessage":"AssertionError: Locator expected to be visible\nActual value: <element(s) not found> \nCall log:\nLocatorAssertions.to_be_visible with timeout 30000ms\n  - waiting for locator(\"//input[@value='links']/../../..\")\n\n","statusTrace":"  File \"/usr/local/lib/python3.12/dist-packages/allure_commons/_allure.py\", line 192, in impl\n    return func(*a, **kw)\n           ^^^^^^^^^^^^^^\n  File \"/app/workspace/pages/qr_creation_flow_page.py\", line 81, in links_qr_create\n    self.checked_locator(locator=self.locator.links_qr_type).click()\n    ^^^^^^^^^^^^^^^^^^^^^^^^^^^^^^^^^^^^^^^^^^^^^^^^^^^^^^^^\n  File \"/app/workspace/base/base_page.py\", line 12, in checked_locator\n    self.expect(locator).to_be_visible(timeout=30000)\n  File \"/usr/local/lib/python3.12/dist-packages/playwright/sync_api/_generated.py\", line 20061, in to_be_visible\n    self._sync(self._impl_obj.to_be_visible(visible=visible, timeout=timeout))\n  File \"/usr/local/lib/python3.12/dist-packages/playwright/_impl/_sync_base.py\", line 115, in _sync\n    return task.result()\n           ^^^^^^^^^^^^^\n  File \"/usr/local/lib/python3.12/dist-packages/playwright/_impl/_assertions.py\", line 668, in to_be_visible\n    await self._expect_impl(\n  File \"/usr/local/lib/python3.12/dist-packages/playwright/_impl/_assertions.py\", line 74, in _expect_impl\n    raise AssertionError(\n","steps":[],"attachments":[],"parameters":[],"stepsCount":0,"shouldDisplayMessage":true,"attachmentsCount":0,"hasContent":true,"attachmentStep":false}],"attachments":[],"parameters":[],"stepsCount":1,"shouldDisplayMessage":true,"attachmentsCount":0,"hasContent":true,"attachmentStep":false},"afterStages":[{"name":"page::0","time":{"start":1734897576918,"stop":1734897579614,"duration":2696},"status":"passed","steps":[],"attachments":[],"parameters":[],"stepsCount":0,"shouldDisplayMessage":false,"attachmentsCount":0,"hasContent":false,"attachmentStep":false},{"name":"context::0","time":{"start":1734897579614,"stop":1734897579627,"duration":13},"status":"passed","steps":[],"attachments":[],"parameters":[],"stepsCount":0,"shouldDisplayMessage":false,"attachmentsCount":0,"hasContent":false,"attachmentStep":false},{"name":"Delete user after test::0","time":{"start":1734897579627,"stop":1734897579838,"duration":211},"status":"passed","steps":[],"attachments":[],"parameters":[],"stepsCount":0,"shouldDisplayMessage":false,"attachmentsCount":0,"hasContent":false,"attachmentStep":false},{"name":"Failed test artifacts::0","time":{"start":1734897579838,"stop":1734897579839,"duration":1},"status":"passed","steps":[],"attachments":[{"uid":"97110da6da7bf1b2","name":"screenshot","source":"97110da6da7bf1b2.png","type":"image/png","size":63543},{"uid":"6f54a7ace16bc3","name":"video","source":"6f54a7ace16bc3.webm","type":"video/webm","size":320383}],"parameters":[],"stepsCount":0,"shouldDisplayMessage":false,"attachmentsCount":2,"hasContent":true,"attachmentStep":false},{"name":"Set up browser: chromium::0","time":{"start":1734899602310,"stop":1734899602400,"duration":90},"status":"passed","steps":[],"attachments":[],"parameters":[],"stepsCount":0,"shouldDisplayMessage":false,"attachmentsCount":0,"hasContent":false,"attachmentStep":false}],"labels":[{"name":"feature","value":"NSF sign up flow - chromium"},{"name":"tag","value":"regression"},{"name":"parentSuite","value":"tests.tests_nsf_flow"},{"name":"suite","value":"test_nsf_sign_up_eps_download_welcome_modal"},{"name":"subSuite","value":"TestNSFSignUpFlowEps"},{"name":"host","value":"1d78b98dfc48"},{"name":"thread","value":"32-MainThread"},{"name":"framework","value":"pytest"},{"name":"language","value":"cpython3"},{"name":"package","value":"tests.tests_nsf_flow.test_nsf_sign_up_eps_download_welcome_modal"},{"name":"resultFormat","value":"allure2"}],"parameters":[{"name":"navigate_to_nsf_page","value":"''''"},{"name":"qr_create_method","value":"'links_qr_create'"},{"name":"resolution","value":"'2048x2048'"}],"links":[],"hidden":false,"retry":false,"extra":{"severity":"normal","retries":[],"categories":[{"name":"Product defects","matchedStatuses":[],"flaky":false}],"history":{"statistic":{"failed":1,"broken":1,"skipped":0,"passed":0,"unknown":0,"total":2},"items":[{"uid":"54ae22d82153babf","reportUrl":"https://Bohdan-wtl.github.io/qr-generator/allure-action/cicd/chromium/12456295753_1734889613569/#testresult/54ae22d82153babf","status":"broken","statusDetails":"_pytest.fixtures.FixtureLookupError: ('language', <SubRequest 'navigate_to_nsf_page' for <Function test_nsf_sign_up_qr_type[''-2048x2048-links_qr_create]>>)","time":{"start":1734889236012,"stop":1734889236012,"duration":0}}]},"tags":["regression"]},"source":"39710702e1ddb2af.json","parameterValues":["''''","'links_qr_create'","'2048x2048'"]}