{"uid":"b0809028e08e9d32","name":"test_nsf_sign_up_qr_type[ bg-4096x4096-business_qr_create]","fullName":"tests.tests_nsf_flow.test_nsf_sign_up_eps_download_welcome_modal.TestNSFSignUpFlowEps#test_nsf_sign_up_qr_type","historyId":"d2469babcfdf3ccca2769558ca448bf3","time":{"start":1734899294985,"stop":1734899325093,"duration":30108},"status":"failed","statusMessage":"AssertionError: Locator expected to be visible\nActual value: <element(s) not found> \nCall log:\nLocatorAssertions.to_be_visible with timeout 30000ms\n  - waiting for locator(\"//input[@value='business']/../../..\")","statusTrace":"self = <tests.tests_nsf_flow.test_nsf_sign_up_eps_download_welcome_modal.TestNSFSignUpFlowEps object at 0x7fc31151b3e0>\nnavigate_to_nsf_page = None, qr_create_method = 'business_qr_create'\nfake_email = 'wtl-automation826307897571@test.com', resolution = '4096x4096'\n\n    @pytest.mark.parametrize(\"qr_create_method\", qr_create_methods)\n    @pytest.mark.parametrize(\"resolution\", resolution_qr_code_images)\n    def test_nsf_sign_up_qr_type(self, navigate_to_nsf_page, qr_create_method, fake_email, resolution):\n        qr_create_method_func = getattr(self.qr_creation_page, qr_create_method)\n>       qr_create_method_func()\n\ntests/tests_nsf_flow/test_nsf_sign_up_eps_download_welcome_modal.py:19: \n_ _ _ _ _ _ _ _ _ _ _ _ _ _ _ _ _ _ _ _ _ _ _ _ _ _ _ _ _ _ _ _ _ _ _ _ _ _ _ _ \npages/qr_creation_flow_page.py:119: in business_qr_create\n    self.checked_locator(locator=self.locator.business_qr_type).click()\n_ _ _ _ _ _ _ _ _ _ _ _ _ _ _ _ _ _ _ _ _ _ _ _ _ _ _ _ _ _ _ _ _ _ _ _ _ _ _ _ \n\nself = <pages.qr_creation_flow_page.QrCreationPage object at 0x7fc30f5517f0>\nlocator = <Locator frame=<Frame name= url='https://oqg-staging.test-qr.com/%20bg/create?step=1&qr_onboarding=active_nsf'> selector=\"//input[@value='business']/../../..\">\n\n    def checked_locator(self, locator):\n>       self.expect(locator).to_be_visible(timeout=30000)\nE       AssertionError: Locator expected to be visible\nE       Actual value: <element(s) not found> \nE       Call log:\nE       LocatorAssertions.to_be_visible with timeout 30000ms\nE         - waiting for locator(\"//input[@value='business']/../../..\")\n\nbase/base_page.py:12: AssertionError","flaky":false,"newFailed":true,"newBroken":false,"newPassed":false,"retriesCount":0,"retriesStatusChange":false,"beforeStages":[{"name":"_session_faker","time":{"start":1734897282184,"stop":1734897282350,"duration":166},"status":"passed","steps":[],"attachments":[],"parameters":[],"stepsCount":0,"shouldDisplayMessage":false,"attachmentsCount":0,"hasContent":false,"attachmentStep":false},{"name":"pytestconfig","time":{"start":1734897282351,"stop":1734897282351,"duration":0},"status":"passed","steps":[],"attachments":[],"parameters":[],"stepsCount":0,"shouldDisplayMessage":false,"attachmentsCount":0,"hasContent":false,"attachmentStep":false},{"name":"delete_output_dir","time":{"start":1734897282351,"stop":1734897282351,"duration":0},"status":"passed","steps":[],"attachments":[],"parameters":[],"stepsCount":0,"shouldDisplayMessage":false,"attachmentsCount":0,"hasContent":false,"attachmentStep":false},{"name":"_verify_url","time":{"start":1734897282354,"stop":1734897282354,"duration":0},"status":"passed","steps":[],"attachments":[],"parameters":[],"stepsCount":0,"shouldDisplayMessage":false,"attachmentsCount":0,"hasContent":false,"attachmentStep":false},{"name":"Set up browser: chromium","time":{"start":1734897282354,"stop":1734897283919,"duration":1565},"status":"passed","steps":[],"attachments":[],"parameters":[],"stepsCount":0,"shouldDisplayMessage":false,"attachmentsCount":0,"hasContent":false,"attachmentStep":false},{"name":"base_url","time":{"start":1734897282354,"stop":1734897282354,"duration":0},"status":"passed","steps":[],"attachments":[],"parameters":[],"stepsCount":0,"shouldDisplayMessage":false,"attachmentsCount":0,"hasContent":false,"attachmentStep":false},{"name":"fake_email","time":{"start":1734899294267,"stop":1734899294267,"duration":0},"status":"passed","steps":[],"attachments":[],"parameters":[],"stepsCount":0,"shouldDisplayMessage":false,"attachmentsCount":0,"hasContent":false,"attachmentStep":false},{"name":"context","time":{"start":1734899294267,"stop":1734899294279,"duration":12},"status":"passed","steps":[],"attachments":[],"parameters":[],"stepsCount":0,"shouldDisplayMessage":false,"attachmentsCount":0,"hasContent":false,"attachmentStep":false},{"name":"Failed test artifacts","time":{"start":1734899294267,"stop":1734899294267,"duration":0},"status":"passed","steps":[],"attachments":[],"parameters":[],"stepsCount":0,"shouldDisplayMessage":false,"attachmentsCount":0,"hasContent":false,"attachmentStep":false},{"name":"Delete user after test","time":{"start":1734899294267,"stop":1734899294267,"duration":0},"status":"passed","steps":[],"attachments":[],"parameters":[],"stepsCount":0,"shouldDisplayMessage":false,"attachmentsCount":0,"hasContent":false,"attachmentStep":false},{"name":"page","time":{"start":1734899294279,"stop":1734899294371,"duration":92},"status":"passed","steps":[],"attachments":[],"parameters":[],"stepsCount":0,"shouldDisplayMessage":false,"attachmentsCount":0,"hasContent":false,"attachmentStep":false},{"name":"Navigate to NSF funnel","time":{"start":1734899294371,"stop":1734899294984,"duration":613},"status":"passed","steps":[],"attachments":[],"parameters":[],"stepsCount":0,"shouldDisplayMessage":false,"attachmentsCount":0,"hasContent":false,"attachmentStep":false},{"name":"setup","time":{"start":1734899294371,"stop":1734899294371,"duration":0},"status":"passed","steps":[],"attachments":[],"parameters":[],"stepsCount":0,"shouldDisplayMessage":false,"attachmentsCount":0,"hasContent":false,"attachmentStep":false}],"testStage":{"status":"failed","statusMessage":"AssertionError: Locator expected to be visible\nActual value: <element(s) not found> \nCall log:\nLocatorAssertions.to_be_visible with timeout 30000ms\n  - waiting for locator(\"//input[@value='business']/../../..\")","statusTrace":"self = <tests.tests_nsf_flow.test_nsf_sign_up_eps_download_welcome_modal.TestNSFSignUpFlowEps object at 0x7fc31151b3e0>\nnavigate_to_nsf_page = None, qr_create_method = 'business_qr_create'\nfake_email = 'wtl-automation826307897571@test.com', resolution = '4096x4096'\n\n    @pytest.mark.parametrize(\"qr_create_method\", qr_create_methods)\n    @pytest.mark.parametrize(\"resolution\", resolution_qr_code_images)\n    def test_nsf_sign_up_qr_type(self, navigate_to_nsf_page, qr_create_method, fake_email, resolution):\n        qr_create_method_func = getattr(self.qr_creation_page, qr_create_method)\n>       qr_create_method_func()\n\ntests/tests_nsf_flow/test_nsf_sign_up_eps_download_welcome_modal.py:19: \n_ _ _ _ _ _ _ _ _ _ _ _ _ _ _ _ _ _ _ _ _ _ _ _ _ _ _ _ _ _ _ _ _ _ _ _ _ _ _ _ \npages/qr_creation_flow_page.py:119: in business_qr_create\n    self.checked_locator(locator=self.locator.business_qr_type).click()\n_ _ _ _ _ _ _ _ _ _ _ _ _ _ _ _ _ _ _ _ _ _ _ _ _ _ _ _ _ _ _ _ _ _ _ _ _ _ _ _ \n\nself = <pages.qr_creation_flow_page.QrCreationPage object at 0x7fc30f5517f0>\nlocator = <Locator frame=<Frame name= url='https://oqg-staging.test-qr.com/%20bg/create?step=1&qr_onboarding=active_nsf'> selector=\"//input[@value='business']/../../..\">\n\n    def checked_locator(self, locator):\n>       self.expect(locator).to_be_visible(timeout=30000)\nE       AssertionError: Locator expected to be visible\nE       Actual value: <element(s) not found> \nE       Call log:\nE       LocatorAssertions.to_be_visible with timeout 30000ms\nE         - waiting for locator(\"//input[@value='business']/../../..\")\n\nbase/base_page.py:12: AssertionError","steps":[{"name":"Create Business QR code","time":{"start":1734899295085,"stop":1734899325092,"duration":30007},"status":"failed","statusMessage":"AssertionError: Locator expected to be visible\nActual value: <element(s) not found> \nCall log:\nLocatorAssertions.to_be_visible with timeout 30000ms\n  - waiting for locator(\"//input[@value='business']/../../..\")\n\n","statusTrace":"  File \"/usr/local/lib/python3.12/dist-packages/allure_commons/_allure.py\", line 192, in impl\n    return func(*a, **kw)\n           ^^^^^^^^^^^^^^\n  File \"/app/workspace/pages/qr_creation_flow_page.py\", line 119, in business_qr_create\n    self.checked_locator(locator=self.locator.business_qr_type).click()\n    ^^^^^^^^^^^^^^^^^^^^^^^^^^^^^^^^^^^^^^^^^^^^^^^^^^^^^^^^^^^\n  File \"/app/workspace/base/base_page.py\", line 12, in checked_locator\n    self.expect(locator).to_be_visible(timeout=30000)\n  File \"/usr/local/lib/python3.12/dist-packages/playwright/sync_api/_generated.py\", line 20061, in to_be_visible\n    self._sync(self._impl_obj.to_be_visible(visible=visible, timeout=timeout))\n  File \"/usr/local/lib/python3.12/dist-packages/playwright/_impl/_sync_base.py\", line 115, in _sync\n    return task.result()\n           ^^^^^^^^^^^^^\n  File \"/usr/local/lib/python3.12/dist-packages/playwright/_impl/_assertions.py\", line 668, in to_be_visible\n    await self._expect_impl(\n  File \"/usr/local/lib/python3.12/dist-packages/playwright/_impl/_assertions.py\", line 74, in _expect_impl\n    raise AssertionError(\n","steps":[],"attachments":[],"parameters":[],"stepsCount":0,"shouldDisplayMessage":true,"attachmentsCount":0,"hasContent":true,"attachmentStep":false}],"attachments":[],"parameters":[],"stepsCount":1,"shouldDisplayMessage":true,"attachmentsCount":0,"hasContent":true,"attachmentStep":false},"afterStages":[{"name":"page::0","time":{"start":1734899325105,"stop":1734899327832,"duration":2727},"status":"passed","steps":[],"attachments":[],"parameters":[],"stepsCount":0,"shouldDisplayMessage":false,"attachmentsCount":0,"hasContent":false,"attachmentStep":false},{"name":"context::0","time":{"start":1734899327833,"stop":1734899327846,"duration":13},"status":"passed","steps":[],"attachments":[],"parameters":[],"stepsCount":0,"shouldDisplayMessage":false,"attachmentsCount":0,"hasContent":false,"attachmentStep":false},{"name":"Delete user after test::0","time":{"start":1734899327847,"stop":1734899328052,"duration":205},"status":"passed","steps":[],"attachments":[],"parameters":[],"stepsCount":0,"shouldDisplayMessage":false,"attachmentsCount":0,"hasContent":false,"attachmentStep":false},{"name":"Failed test artifacts::0","time":{"start":1734899328053,"stop":1734899328054,"duration":1},"status":"passed","steps":[],"attachments":[{"uid":"2167a50ec3771e05","name":"screenshot","source":"2167a50ec3771e05.png","type":"image/png","size":63543},{"uid":"5e5eabc2c65e6ee8","name":"video","source":"5e5eabc2c65e6ee8.webm","type":"video/webm","size":321160}],"parameters":[],"stepsCount":0,"shouldDisplayMessage":false,"attachmentsCount":2,"hasContent":true,"attachmentStep":false},{"name":"Set up browser: chromium::0","time":{"start":1734899597962,"stop":1734899598035,"duration":73},"status":"passed","steps":[],"attachments":[],"parameters":[],"stepsCount":0,"shouldDisplayMessage":false,"attachmentsCount":0,"hasContent":false,"attachmentStep":false}],"labels":[{"name":"feature","value":"NSF sign up flow - chromium"},{"name":"tag","value":"regression"},{"name":"parentSuite","value":"tests.tests_nsf_flow"},{"name":"suite","value":"test_nsf_sign_up_eps_download_welcome_modal"},{"name":"subSuite","value":"TestNSFSignUpFlowEps"},{"name":"host","value":"1d78b98dfc48"},{"name":"thread","value":"26-MainThread"},{"name":"framework","value":"pytest"},{"name":"language","value":"cpython3"},{"name":"package","value":"tests.tests_nsf_flow.test_nsf_sign_up_eps_download_welcome_modal"},{"name":"resultFormat","value":"allure2"}],"parameters":[{"name":"navigate_to_nsf_page","value":"' bg'"},{"name":"qr_create_method","value":"'business_qr_create'"},{"name":"resolution","value":"'4096x4096'"}],"links":[],"hidden":false,"retry":false,"extra":{"severity":"normal","retries":[],"categories":[{"name":"Product defects","matchedStatuses":[],"flaky":false}],"history":{"statistic":{"failed":1,"broken":1,"skipped":0,"passed":0,"unknown":0,"total":2},"items":[{"uid":"3c8dde46c73f1319","reportUrl":"https://Bohdan-wtl.github.io/qr-generator/allure-action/cicd/chromium/12456295753_1734889613569/#testresult/3c8dde46c73f1319","status":"broken","statusDetails":"_pytest.fixtures.FixtureLookupError: ('language', <SubRequest 'navigate_to_nsf_page' for <Function test_nsf_sign_up_qr_type[ bg-4096x4096-business_qr_create]>>)","time":{"start":1734889265265,"stop":1734889265265,"duration":0}}]},"tags":["regression"]},"source":"b0809028e08e9d32.json","parameterValues":["' bg'","'business_qr_create'","'4096x4096'"]}