{"uid":"700c1362fa50b6a","name":"QR type - chromium","fullName":"tests.tests_nsf_flow.test_nsf_sign_up_svg_download_welcome_modal.TestNSFSignUpFlow#test_nsf_sign_up_qr_type","historyId":"682ff1f01dbf49775a7a9379eda31820","time":{"start":1733508846711,"stop":1733508892648,"duration":45937},"status":"broken","statusMessage":"playwright._impl._errors.TimeoutError: Timeout 30000ms exceeded while waiting for event \"download\"\n=========================== logs ===========================\nwaiting for event \"download\"\n============================================================","statusTrace":"self = <tests.tests_nsf_flow.test_nsf_sign_up_svg_download_welcome_modal.TestNSFSignUpFlow object at 0x7f138e469a30>\nnavigate_to_nsf_page = None, qr_create_method = 'whatsapp_qr_create'\nfake_email = 'wtl-automation4012033126053@test.com', resolution = 'Default'\n\n    @allure.title(f\"QR type - {os.getenv('BROWSER')}\")\n    @pytest.mark.parametrize(\"qr_create_method\", qr_create_methods)\n    @pytest.mark.parametrize(\"resolution\", resolution_qr_code_images)\n    def test_nsf_sign_up_qr_type(self, navigate_to_nsf_page, qr_create_method, fake_email, resolution):\n        qr_create_method_func = getattr(self.qr_creation_page, qr_create_method)\n        qr_create_method_func()\n        self.qr_creation_page.click_next_button_step2()\n        self.qr_creation_page.complete_step_3()\n        try:\n            expect(self.qr_creation_page.locator.create_button).to_be_disabled(timeout=5000)\n        except AssertionError: \"The button has not become disabled, continuing the test\"\n        self.qr_creation_page.locator.create_button.is_enabled()\n        self.qr_creation_page.locator.create_button.click()\n        self.qr_creation_page.locator.dpf_form_email_input.fill(fake_email)\n        self.qr_creation_page.locator.dpf_form_submit_button.click()\n        self.my_qr_codes_page.expect(self.my_qr_codes_page.locator.sign_up_success_image).to_be_enabled(timeout=30000)\n>       self.my_qr_codes_page.download_parametrize_files(svg_download_format, resolution)\n\ntests/tests_nsf_flow/test_nsf_sign_up_svg_download_welcome_modal.py:30: \n_ _ _ _ _ _ _ _ _ _ _ _ _ _ _ _ _ _ _ _ _ _ _ _ _ _ _ _ _ _ _ _ _ _ _ _ _ _ _ _ \npages/my_qr_codes_page.py:35: in download_parametrize_files\n    with self.page.expect_download() as download_info:\n/usr/local/lib/python3.12/dist-packages/playwright/_impl/_sync_base.py:85: in __exit__\n    self._event.value\n_ _ _ _ _ _ _ _ _ _ _ _ _ _ _ _ _ _ _ _ _ _ _ _ _ _ _ _ _ _ _ _ _ _ _ _ _ _ _ _ \n\nself = <playwright._impl._sync_base.EventInfo object at 0x7f138cd074a0>\n\n    @property\n    def value(self) -> T:\n        while not self._future.done():\n            self._sync_base._dispatcher_fiber.switch()\n        asyncio._set_running_loop(self._sync_base._loop)\n        exception = self._future.exception()\n        if exception:\n>           raise exception\nE           playwright._impl._errors.TimeoutError: Timeout 30000ms exceeded while waiting for event \"download\"\nE           =========================== logs ===========================\nE           waiting for event \"download\"\nE           ============================================================\n\n/usr/local/lib/python3.12/dist-packages/playwright/_impl/_sync_base.py:59: TimeoutError","flaky":false,"newFailed":false,"newBroken":true,"newPassed":false,"retriesCount":0,"retriesStatusChange":false,"beforeStages":[{"name":"pytestconfig","time":{"start":1733508727747,"stop":1733508727748,"duration":1},"status":"passed","steps":[],"attachments":[],"parameters":[],"shouldDisplayMessage":false,"attachmentsCount":0,"stepsCount":0,"hasContent":false,"attachmentStep":false},{"name":"base_url","time":{"start":1733508727747,"stop":1733508727747,"duration":0},"status":"passed","steps":[],"attachments":[],"parameters":[],"shouldDisplayMessage":false,"attachmentsCount":0,"stepsCount":0,"hasContent":false,"attachmentStep":false},{"name":"_verify_url","time":{"start":1733508727747,"stop":1733508727747,"duration":0},"status":"passed","steps":[],"attachments":[],"parameters":[],"shouldDisplayMessage":false,"attachmentsCount":0,"stepsCount":0,"hasContent":false,"attachmentStep":false},{"name":"_session_faker","time":{"start":1733508727748,"stop":1733508727848,"duration":100},"status":"passed","steps":[],"attachments":[],"parameters":[],"shouldDisplayMessage":false,"attachmentsCount":0,"stepsCount":0,"hasContent":false,"attachmentStep":false},{"name":"delete_output_dir","time":{"start":1733508727748,"stop":1733508727748,"duration":0},"status":"passed","steps":[],"attachments":[],"parameters":[],"shouldDisplayMessage":false,"attachmentsCount":0,"stepsCount":0,"hasContent":false,"attachmentStep":false},{"name":"Set up browser: chromium","time":{"start":1733508727848,"stop":1733508728482,"duration":634},"status":"passed","steps":[],"attachments":[],"parameters":[],"shouldDisplayMessage":false,"attachmentsCount":0,"stepsCount":0,"hasContent":false,"attachmentStep":false},{"name":"Failed test artifacts","time":{"start":1733508843978,"stop":1733508843978,"duration":0},"status":"passed","steps":[],"attachments":[],"parameters":[],"shouldDisplayMessage":false,"attachmentsCount":0,"stepsCount":0,"hasContent":false,"attachmentStep":false},{"name":"fake_email","time":{"start":1733508843978,"stop":1733508843978,"duration":0},"status":"passed","steps":[],"attachments":[],"parameters":[],"shouldDisplayMessage":false,"attachmentsCount":0,"stepsCount":0,"hasContent":false,"attachmentStep":false},{"name":"Delete user after test","time":{"start":1733508843979,"stop":1733508843979,"duration":0},"status":"passed","steps":[],"attachments":[],"parameters":[],"shouldDisplayMessage":false,"attachmentsCount":0,"stepsCount":0,"hasContent":false,"attachmentStep":false},{"name":"context","time":{"start":1733508843979,"stop":1733508844002,"duration":23},"status":"passed","steps":[],"attachments":[],"parameters":[],"shouldDisplayMessage":false,"attachmentsCount":0,"stepsCount":0,"hasContent":false,"attachmentStep":false},{"name":"page","time":{"start":1733508844002,"stop":1733508844073,"duration":71},"status":"passed","steps":[],"attachments":[],"parameters":[],"shouldDisplayMessage":false,"attachmentsCount":0,"stepsCount":0,"hasContent":false,"attachmentStep":false},{"name":"setup","time":{"start":1733508844073,"stop":1733508844073,"duration":0},"status":"passed","steps":[],"attachments":[],"parameters":[],"shouldDisplayMessage":false,"attachmentsCount":0,"stepsCount":0,"hasContent":false,"attachmentStep":false},{"name":"Navigate to NSF funnel","time":{"start":1733508844073,"stop":1733508846710,"duration":2637},"status":"passed","steps":[],"attachments":[],"parameters":[],"shouldDisplayMessage":false,"attachmentsCount":0,"stepsCount":0,"hasContent":false,"attachmentStep":false}],"testStage":{"status":"broken","statusMessage":"playwright._impl._errors.TimeoutError: Timeout 30000ms exceeded while waiting for event \"download\"\n=========================== logs ===========================\nwaiting for event \"download\"\n============================================================","statusTrace":"self = <tests.tests_nsf_flow.test_nsf_sign_up_svg_download_welcome_modal.TestNSFSignUpFlow object at 0x7f138e469a30>\nnavigate_to_nsf_page = None, qr_create_method = 'whatsapp_qr_create'\nfake_email = 'wtl-automation4012033126053@test.com', resolution = 'Default'\n\n    @allure.title(f\"QR type - {os.getenv('BROWSER')}\")\n    @pytest.mark.parametrize(\"qr_create_method\", qr_create_methods)\n    @pytest.mark.parametrize(\"resolution\", resolution_qr_code_images)\n    def test_nsf_sign_up_qr_type(self, navigate_to_nsf_page, qr_create_method, fake_email, resolution):\n        qr_create_method_func = getattr(self.qr_creation_page, qr_create_method)\n        qr_create_method_func()\n        self.qr_creation_page.click_next_button_step2()\n        self.qr_creation_page.complete_step_3()\n        try:\n            expect(self.qr_creation_page.locator.create_button).to_be_disabled(timeout=5000)\n        except AssertionError: \"The button has not become disabled, continuing the test\"\n        self.qr_creation_page.locator.create_button.is_enabled()\n        self.qr_creation_page.locator.create_button.click()\n        self.qr_creation_page.locator.dpf_form_email_input.fill(fake_email)\n        self.qr_creation_page.locator.dpf_form_submit_button.click()\n        self.my_qr_codes_page.expect(self.my_qr_codes_page.locator.sign_up_success_image).to_be_enabled(timeout=30000)\n>       self.my_qr_codes_page.download_parametrize_files(svg_download_format, resolution)\n\ntests/tests_nsf_flow/test_nsf_sign_up_svg_download_welcome_modal.py:30: \n_ _ _ _ _ _ _ _ _ _ _ _ _ _ _ _ _ _ _ _ _ _ _ _ _ _ _ _ _ _ _ _ _ _ _ _ _ _ _ _ \npages/my_qr_codes_page.py:35: in download_parametrize_files\n    with self.page.expect_download() as download_info:\n/usr/local/lib/python3.12/dist-packages/playwright/_impl/_sync_base.py:85: in __exit__\n    self._event.value\n_ _ _ _ _ _ _ _ _ _ _ _ _ _ _ _ _ _ _ _ _ _ _ _ _ _ _ _ _ _ _ _ _ _ _ _ _ _ _ _ \n\nself = <playwright._impl._sync_base.EventInfo object at 0x7f138cd074a0>\n\n    @property\n    def value(self) -> T:\n        while not self._future.done():\n            self._sync_base._dispatcher_fiber.switch()\n        asyncio._set_running_loop(self._sync_base._loop)\n        exception = self._future.exception()\n        if exception:\n>           raise exception\nE           playwright._impl._errors.TimeoutError: Timeout 30000ms exceeded while waiting for event \"download\"\nE           =========================== logs ===========================\nE           waiting for event \"download\"\nE           ============================================================\n\n/usr/local/lib/python3.12/dist-packages/playwright/_impl/_sync_base.py:59: TimeoutError","steps":[{"name":"Create WhatsApp QR code","time":{"start":1733508846790,"stop":1733508849345,"duration":2555},"status":"passed","steps":[{"name":"Close help modal window step 2","time":{"start":1733508847956,"stop":1733508849071,"duration":1115},"status":"passed","steps":[],"attachments":[],"parameters":[],"shouldDisplayMessage":false,"attachmentsCount":0,"stepsCount":0,"hasContent":false,"attachmentStep":false},{"name":"Set QR code name","time":{"start":1733508849270,"stop":1733508849345,"duration":75},"status":"passed","steps":[],"attachments":[],"parameters":[{"name":"qr_code_type","value":"'WhatsApp'"}],"shouldDisplayMessage":false,"attachmentsCount":0,"stepsCount":0,"hasContent":true,"attachmentStep":false}],"attachments":[],"parameters":[],"shouldDisplayMessage":false,"attachmentsCount":0,"stepsCount":2,"hasContent":true,"attachmentStep":false},{"name":"Click on Next button","time":{"start":1733508849345,"stop":1733508849420,"duration":75},"status":"passed","steps":[],"attachments":[],"parameters":[],"shouldDisplayMessage":false,"attachmentsCount":0,"stepsCount":0,"hasContent":false,"attachmentStep":false},{"name":"Complete step 3","time":{"start":1733508849420,"stop":1733508856659,"duration":7239},"status":"passed","steps":[{"name":"Close help modal window step 3","time":{"start":1733508849420,"stop":1733508850840,"duration":1420},"status":"passed","steps":[],"attachments":[],"parameters":[],"shouldDisplayMessage":false,"attachmentsCount":0,"stepsCount":0,"hasContent":false,"attachmentStep":false},{"name":"Select qr frame on step 3","time":{"start":1733508850840,"stop":1733508852346,"duration":1506},"status":"passed","steps":[],"attachments":[],"parameters":[],"shouldDisplayMessage":false,"attachmentsCount":0,"stepsCount":0,"hasContent":false,"attachmentStep":false},{"name":"Set file","time":{"start":1733508854226,"stop":1733508855004,"duration":778},"status":"passed","steps":[{"name":"Generate file","time":{"start":1733508854226,"stop":1733508854978,"duration":752},"status":"passed","steps":[],"attachments":[],"parameters":[{"name":"file_type","value":"'image'"}],"shouldDisplayMessage":false,"attachmentsCount":0,"stepsCount":0,"hasContent":true,"attachmentStep":false}],"attachments":[],"parameters":[{"name":"selector","value":"<Locator frame=<Frame name= url='https://qci-staging.test-qr.com/qr?step=3&qr_onboarding=active_nsf'> selector=\"//input[@id='qr_code_logo']\">"},{"name":"file_type","value":"'image'"}],"shouldDisplayMessage":false,"attachmentsCount":0,"stepsCount":1,"hasContent":true,"attachmentStep":false},{"name":"Select QR cornets on step 3","time":{"start":1733508855216,"stop":1733508856659,"duration":1443},"status":"passed","steps":[],"attachments":[],"parameters":[],"shouldDisplayMessage":false,"attachmentsCount":0,"stepsCount":0,"hasContent":false,"attachmentStep":false}],"attachments":[],"parameters":[],"shouldDisplayMessage":false,"attachmentsCount":0,"stepsCount":5,"hasContent":true,"attachmentStep":false},{"name":"Download QR code with parameters","time":{"start":1733508862286,"stop":1733508892648,"duration":30362},"status":"broken","statusMessage":"playwright._impl._errors.TimeoutError: Timeout 30000ms exceeded while waiting for event \"download\"\n=========================== logs ===========================\nwaiting for event \"download\"\n============================================================\n","statusTrace":"  File \"/usr/local/lib/python3.12/dist-packages/allure_commons/_allure.py\", line 192, in impl\n    return func(*a, **kw)\n           ^^^^^^^^^^^^^^\n  File \"/app/workspace/pages/my_qr_codes_page.py\", line 35, in download_parametrize_files\n    with self.page.expect_download() as download_info:\n  File \"/usr/local/lib/python3.12/dist-packages/playwright/_impl/_sync_base.py\", line 85, in __exit__\n    self._event.value\n  File \"/usr/local/lib/python3.12/dist-packages/playwright/_impl/_sync_base.py\", line 59, in value\n    raise exception\n","steps":[],"attachments":[],"parameters":[{"name":"file_format","value":"'SVG'"},{"name":"resolution","value":"'Default'"}],"shouldDisplayMessage":true,"attachmentsCount":0,"stepsCount":0,"hasContent":true,"attachmentStep":false}],"attachments":[],"parameters":[],"shouldDisplayMessage":true,"attachmentsCount":0,"stepsCount":11,"hasContent":true,"attachmentStep":false},"afterStages":[{"name":"page::0","time":{"start":1733508892666,"stop":1733508897061,"duration":4395},"status":"passed","steps":[],"attachments":[],"parameters":[],"shouldDisplayMessage":false,"attachmentsCount":0,"stepsCount":0,"hasContent":false,"attachmentStep":false},{"name":"context::0","time":{"start":1733508897062,"stop":1733508897097,"duration":35},"status":"passed","steps":[],"attachments":[],"parameters":[],"shouldDisplayMessage":false,"attachmentsCount":0,"stepsCount":0,"hasContent":false,"attachmentStep":false},{"name":"Delete user after test::0","time":{"start":1733508897097,"stop":1733508897221,"duration":124},"status":"passed","steps":[],"attachments":[],"parameters":[],"shouldDisplayMessage":false,"attachmentsCount":0,"stepsCount":0,"hasContent":false,"attachmentStep":false},{"name":"Failed test artifacts::0","time":{"start":1733508897221,"stop":1733508897224,"duration":3},"status":"passed","steps":[],"attachments":[{"uid":"664929cc82575da0","name":"screenshot","source":"664929cc82575da0.png","type":"image/png","size":102459},{"uid":"927e26e2d7f117d4","name":"video","source":"927e26e2d7f117d4.webm","type":"video/webm","size":2100152}],"parameters":[],"shouldDisplayMessage":false,"attachmentsCount":2,"stepsCount":0,"hasContent":true,"attachmentStep":false},{"name":"Set up browser: chromium::0","time":{"start":1733508933543,"stop":1733508933581,"duration":38},"status":"passed","steps":[],"attachments":[],"parameters":[],"shouldDisplayMessage":false,"attachmentsCount":0,"stepsCount":0,"hasContent":false,"attachmentStep":false}],"labels":[{"name":"feature","value":"NSF sign up flow - chromium"},{"name":"parentSuite","value":"tests.tests_nsf_flow"},{"name":"suite","value":"test_nsf_sign_up_svg_download_welcome_modal"},{"name":"subSuite","value":"TestNSFSignUpFlow"},{"name":"host","value":"bf2e957668b5"},{"name":"thread","value":"25-MainThread"},{"name":"framework","value":"pytest"},{"name":"language","value":"cpython3"},{"name":"package","value":"tests.tests_nsf_flow.test_nsf_sign_up_svg_download_welcome_modal"},{"name":"resultFormat","value":"allure2"}],"parameters":[{"name":"language","value":"'en'"},{"name":"qr_create_method","value":"'whatsapp_qr_create'"},{"name":"resolution","value":"'Default'"}],"links":[],"hidden":false,"retry":false,"extra":{"severity":"normal","retries":[],"categories":[{"name":"Test defects","matchedStatuses":[],"flaky":false}],"history":{"statistic":{"failed":0,"broken":1,"skipped":0,"passed":1,"unknown":0,"total":2},"items":[{"uid":"87905663087bd79f","reportUrl":"https://Bohdan-wtl.github.io/qr-generator/allure-action/main/chromium/12195666944_1733476347720/#testresult/87905663087bd79f","status":"passed","time":{"start":1733476158643,"stop":1733476186888,"duration":28245}}]},"tags":[]},"source":"700c1362fa50b6a.json","parameterValues":["'en'","'whatsapp_qr_create'","'Default'"]}