{"uid":"5ea37838bd2ffaf5","name":"test_nsf_sign_up_qr_type[''-512x512-menu_pdf_qr_create]","fullName":"tests.tests_nsf_flow.test_nsf_sign_up_eps_download_welcome_modal.TestNSFSignUpFlowEps#test_nsf_sign_up_qr_type","historyId":"3bc04fa410216b60b057f0aa523b5703","time":{"start":1734982198761,"stop":1734982228872,"duration":30111},"status":"failed","statusMessage":"AssertionError: Locator expected to be visible\nActual value: <element(s) not found> \nCall log:\nLocatorAssertions.to_be_visible with timeout 30000ms\n  - waiting for locator(\"//input[@value='menu']/../../..\")","statusTrace":"self = <tests.tests_nsf_flow.test_nsf_sign_up_eps_download_welcome_modal.TestNSFSignUpFlowEps object at 0x7f026d14bc20>\nnavigate_to_nsf_page = None, qr_create_method = 'menu_pdf_qr_create'\nfake_email = 'wtl-automation7374844350067@test.com', resolution = '512x512'\n\n    @pytest.mark.parametrize(\"qr_create_method\", qr_create_methods)\n    @pytest.mark.parametrize(\"resolution\", resolution_qr_code_images)\n    def test_nsf_sign_up_qr_type(\n        self, navigate_to_nsf_page, qr_create_method, fake_email, resolution\n    ):\n        qr_create_method_func = getattr(self.qr_creation_page, qr_create_method)\n>       qr_create_method_func()\n\ntests/tests_nsf_flow/test_nsf_sign_up_eps_download_welcome_modal.py:20: \n_ _ _ _ _ _ _ _ _ _ _ _ _ _ _ _ _ _ _ _ _ _ _ _ _ _ _ _ _ _ _ _ _ _ _ _ _ _ _ _ \npages/qr_creation_flow_page.py:273: in menu_pdf_qr_create\n    self.checked_locator(locator=self.locator.menu_qr_type).click()\n_ _ _ _ _ _ _ _ _ _ _ _ _ _ _ _ _ _ _ _ _ _ _ _ _ _ _ _ _ _ _ _ _ _ _ _ _ _ _ _ \n\nself = <pages.qr_creation_flow_page.QrCreationPage object at 0x7f026b94b2c0>\nlocator = <Locator frame=<Frame name= url=\"https://oqg-staging.test-qr.com/''/create?step=1&qr_onboarding=active_nsf\"> selector=\"//input[@value='menu']/../../..\">\n\n    def checked_locator(self, locator):\n>       self.expect(locator).to_be_visible(timeout=30000)\nE       AssertionError: Locator expected to be visible\nE       Actual value: <element(s) not found> \nE       Call log:\nE       LocatorAssertions.to_be_visible with timeout 30000ms\nE         - waiting for locator(\"//input[@value='menu']/../../..\")\n\nbase/base_page.py:13: AssertionError","flaky":false,"newFailed":false,"newBroken":false,"newPassed":false,"retriesCount":0,"retriesStatusChange":false,"beforeStages":[{"name":"_session_faker","time":{"start":1734981871815,"stop":1734981872003,"duration":188},"status":"passed","steps":[],"attachments":[],"parameters":[],"shouldDisplayMessage":false,"attachmentsCount":0,"stepsCount":0,"hasContent":false,"attachmentStep":false},{"name":"delete_output_dir","time":{"start":1734981872003,"stop":1734981872004,"duration":1},"status":"passed","steps":[],"attachments":[],"parameters":[],"shouldDisplayMessage":false,"attachmentsCount":0,"stepsCount":0,"hasContent":false,"attachmentStep":false},{"name":"pytestconfig","time":{"start":1734981872003,"stop":1734981872003,"duration":0},"status":"passed","steps":[],"attachments":[],"parameters":[],"shouldDisplayMessage":false,"attachmentsCount":0,"stepsCount":0,"hasContent":false,"attachmentStep":false},{"name":"_verify_url","time":{"start":1734981872005,"stop":1734981872005,"duration":0},"status":"passed","steps":[],"attachments":[],"parameters":[],"shouldDisplayMessage":false,"attachmentsCount":0,"stepsCount":0,"hasContent":false,"attachmentStep":false},{"name":"base_url","time":{"start":1734981872005,"stop":1734981872005,"duration":0},"status":"passed","steps":[],"attachments":[],"parameters":[],"shouldDisplayMessage":false,"attachmentsCount":0,"stepsCount":0,"hasContent":false,"attachmentStep":false},{"name":"Set up browser: chromium","time":{"start":1734981872005,"stop":1734981873773,"duration":1768},"status":"passed","steps":[],"attachments":[],"parameters":[],"shouldDisplayMessage":false,"attachmentsCount":0,"stepsCount":0,"hasContent":false,"attachmentStep":false},{"name":"Failed test artifacts","time":{"start":1734982198049,"stop":1734982198049,"duration":0},"status":"passed","steps":[],"attachments":[],"parameters":[],"shouldDisplayMessage":false,"attachmentsCount":0,"stepsCount":0,"hasContent":false,"attachmentStep":false},{"name":"Delete user after test","time":{"start":1734982198049,"stop":1734982198049,"duration":0},"status":"passed","steps":[],"attachments":[],"parameters":[],"shouldDisplayMessage":false,"attachmentsCount":0,"stepsCount":0,"hasContent":false,"attachmentStep":false},{"name":"context","time":{"start":1734982198049,"stop":1734982198061,"duration":12},"status":"passed","steps":[],"attachments":[],"parameters":[],"shouldDisplayMessage":false,"attachmentsCount":0,"stepsCount":0,"hasContent":false,"attachmentStep":false},{"name":"fake_email","time":{"start":1734982198049,"stop":1734982198049,"duration":0},"status":"passed","steps":[],"attachments":[],"parameters":[],"shouldDisplayMessage":false,"attachmentsCount":0,"stepsCount":0,"hasContent":false,"attachmentStep":false},{"name":"page","time":{"start":1734982198061,"stop":1734982198159,"duration":98},"status":"passed","steps":[],"attachments":[],"parameters":[],"shouldDisplayMessage":false,"attachmentsCount":0,"stepsCount":0,"hasContent":false,"attachmentStep":false},{"name":"setup","time":{"start":1734982198159,"stop":1734982198160,"duration":1},"status":"passed","steps":[],"attachments":[],"parameters":[],"shouldDisplayMessage":false,"attachmentsCount":0,"stepsCount":0,"hasContent":false,"attachmentStep":false},{"name":"Navigate to NSF funnel","time":{"start":1734982198160,"stop":1734982198760,"duration":600},"status":"passed","steps":[],"attachments":[],"parameters":[],"shouldDisplayMessage":false,"attachmentsCount":0,"stepsCount":0,"hasContent":false,"attachmentStep":false}],"testStage":{"status":"failed","statusMessage":"AssertionError: Locator expected to be visible\nActual value: <element(s) not found> \nCall log:\nLocatorAssertions.to_be_visible with timeout 30000ms\n  - waiting for locator(\"//input[@value='menu']/../../..\")","statusTrace":"self = <tests.tests_nsf_flow.test_nsf_sign_up_eps_download_welcome_modal.TestNSFSignUpFlowEps object at 0x7f026d14bc20>\nnavigate_to_nsf_page = None, qr_create_method = 'menu_pdf_qr_create'\nfake_email = 'wtl-automation7374844350067@test.com', resolution = '512x512'\n\n    @pytest.mark.parametrize(\"qr_create_method\", qr_create_methods)\n    @pytest.mark.parametrize(\"resolution\", resolution_qr_code_images)\n    def test_nsf_sign_up_qr_type(\n        self, navigate_to_nsf_page, qr_create_method, fake_email, resolution\n    ):\n        qr_create_method_func = getattr(self.qr_creation_page, qr_create_method)\n>       qr_create_method_func()\n\ntests/tests_nsf_flow/test_nsf_sign_up_eps_download_welcome_modal.py:20: \n_ _ _ _ _ _ _ _ _ _ _ _ _ _ _ _ _ _ _ _ _ _ _ _ _ _ _ _ _ _ _ _ _ _ _ _ _ _ _ _ \npages/qr_creation_flow_page.py:273: in menu_pdf_qr_create\n    self.checked_locator(locator=self.locator.menu_qr_type).click()\n_ _ _ _ _ _ _ _ _ _ _ _ _ _ _ _ _ _ _ _ _ _ _ _ _ _ _ _ _ _ _ _ _ _ _ _ _ _ _ _ \n\nself = <pages.qr_creation_flow_page.QrCreationPage object at 0x7f026b94b2c0>\nlocator = <Locator frame=<Frame name= url=\"https://oqg-staging.test-qr.com/''/create?step=1&qr_onboarding=active_nsf\"> selector=\"//input[@value='menu']/../../..\">\n\n    def checked_locator(self, locator):\n>       self.expect(locator).to_be_visible(timeout=30000)\nE       AssertionError: Locator expected to be visible\nE       Actual value: <element(s) not found> \nE       Call log:\nE       LocatorAssertions.to_be_visible with timeout 30000ms\nE         - waiting for locator(\"//input[@value='menu']/../../..\")\n\nbase/base_page.py:13: AssertionError","steps":[{"name":"Create Menu - PDF QR code","time":{"start":1734982198852,"stop":1734982228871,"duration":30019},"status":"failed","statusMessage":"AssertionError: Locator expected to be visible\nActual value: <element(s) not found> \nCall log:\nLocatorAssertions.to_be_visible with timeout 30000ms\n  - waiting for locator(\"//input[@value='menu']/../../..\")\n\n","statusTrace":"  File \"/usr/local/lib/python3.12/dist-packages/allure_commons/_allure.py\", line 192, in impl\n    return func(*a, **kw)\n           ^^^^^^^^^^^^^^\n  File \"/app/workspace/pages/qr_creation_flow_page.py\", line 273, in menu_pdf_qr_create\n    self.checked_locator(locator=self.locator.menu_qr_type).click()\n    ^^^^^^^^^^^^^^^^^^^^^^^^^^^^^^^^^^^^^^^^^^^^^^^^^^^^^^^\n  File \"/app/workspace/base/base_page.py\", line 13, in checked_locator\n    self.expect(locator).to_be_visible(timeout=30000)\n  File \"/usr/local/lib/python3.12/dist-packages/playwright/sync_api/_generated.py\", line 20061, in to_be_visible\n    self._sync(self._impl_obj.to_be_visible(visible=visible, timeout=timeout))\n  File \"/usr/local/lib/python3.12/dist-packages/playwright/_impl/_sync_base.py\", line 115, in _sync\n    return task.result()\n           ^^^^^^^^^^^^^\n  File \"/usr/local/lib/python3.12/dist-packages/playwright/_impl/_assertions.py\", line 668, in to_be_visible\n    await self._expect_impl(\n  File \"/usr/local/lib/python3.12/dist-packages/playwright/_impl/_assertions.py\", line 74, in _expect_impl\n    raise AssertionError(\n","steps":[],"attachments":[],"parameters":[],"shouldDisplayMessage":true,"attachmentsCount":0,"stepsCount":0,"hasContent":true,"attachmentStep":false}],"attachments":[],"parameters":[],"shouldDisplayMessage":true,"attachmentsCount":0,"stepsCount":1,"hasContent":true,"attachmentStep":false},"afterStages":[{"name":"page::0","time":{"start":1734982228927,"stop":1734982232886,"duration":3959},"status":"passed","steps":[],"attachments":[],"parameters":[],"shouldDisplayMessage":false,"attachmentsCount":0,"stepsCount":0,"hasContent":false,"attachmentStep":false},{"name":"context::0","time":{"start":1734982232886,"stop":1734982232899,"duration":13},"status":"passed","steps":[],"attachments":[],"parameters":[],"shouldDisplayMessage":false,"attachmentsCount":0,"stepsCount":0,"hasContent":false,"attachmentStep":false},{"name":"Delete user after test::0","time":{"start":1734982232900,"stop":1734982233110,"duration":210},"status":"passed","steps":[],"attachments":[],"parameters":[],"shouldDisplayMessage":false,"attachmentsCount":0,"stepsCount":0,"hasContent":false,"attachmentStep":false},{"name":"Failed test artifacts::0","time":{"start":1734982233111,"stop":1734982233111,"duration":0},"status":"passed","steps":[],"attachments":[{"uid":"293c0cd7bbe3024a","name":"screenshot","source":"293c0cd7bbe3024a.png","type":"image/png","size":63543},{"uid":"c03d3441af749ec1","name":"video","source":"c03d3441af749ec1.webm","type":"video/webm","size":335597}],"parameters":[],"shouldDisplayMessage":false,"attachmentsCount":2,"stepsCount":0,"hasContent":true,"attachmentStep":false},{"name":"Set up browser: chromium::0","time":{"start":1734982697593,"stop":1734982697799,"duration":206},"status":"passed","steps":[],"attachments":[],"parameters":[],"shouldDisplayMessage":false,"attachmentsCount":0,"stepsCount":0,"hasContent":false,"attachmentStep":false}],"labels":[{"name":"feature","value":"NSF sign up flow - chromium"},{"name":"tag","value":"regression"},{"name":"parentSuite","value":"tests.tests_nsf_flow"},{"name":"suite","value":"test_nsf_sign_up_eps_download_welcome_modal"},{"name":"subSuite","value":"TestNSFSignUpFlowEps"},{"name":"host","value":"c388a0e18d25"},{"name":"thread","value":"26-MainThread"},{"name":"framework","value":"pytest"},{"name":"language","value":"cpython3"},{"name":"package","value":"tests.tests_nsf_flow.test_nsf_sign_up_eps_download_welcome_modal"},{"name":"resultFormat","value":"allure2"}],"parameters":[{"name":"navigate_to_nsf_page","value":"''''"},{"name":"qr_create_method","value":"'menu_pdf_qr_create'"},{"name":"resolution","value":"'512x512'"}],"links":[],"hidden":false,"retry":false,"extra":{"severity":"normal","retries":[],"categories":[{"name":"Product defects","matchedStatuses":[],"flaky":false}],"tags":["regression"]},"source":"5ea37838bd2ffaf5.json","parameterValues":["''''","'menu_pdf_qr_create'","'512x512'"]}