{"uid":"8c7fbb659cf0b168","name":"test_nsf_sign_up_qr_type[''-Default-apps_qr_create]","fullName":"tests.tests_nsf_flow.test_nsf_sign_up_eps_download_welcome_modal.TestNSFSignUpFlowEps#test_nsf_sign_up_qr_type","historyId":"e8e152d1339dfa3c0fcd3d6cf2116613","time":{"start":1734981920667,"stop":1734981951108,"duration":30441},"status":"failed","statusMessage":"AssertionError: Locator expected to be visible\nActual value: <element(s) not found> \nCall log:\nLocatorAssertions.to_be_visible with timeout 30000ms\n  - waiting for locator(\"//input[@value='app']/../../..\")","statusTrace":"self = <tests.tests_nsf_flow.test_nsf_sign_up_eps_download_welcome_modal.TestNSFSignUpFlowEps object at 0x7eff16247050>\nnavigate_to_nsf_page = None, qr_create_method = 'apps_qr_create'\nfake_email = 'wtl-automation896507565086@test.com', resolution = 'Default'\n\n    @pytest.mark.parametrize(\"qr_create_method\", qr_create_methods)\n    @pytest.mark.parametrize(\"resolution\", resolution_qr_code_images)\n    def test_nsf_sign_up_qr_type(\n        self, navigate_to_nsf_page, qr_create_method, fake_email, resolution\n    ):\n        qr_create_method_func = getattr(self.qr_creation_page, qr_create_method)\n>       qr_create_method_func()\n\ntests/tests_nsf_flow/test_nsf_sign_up_eps_download_welcome_modal.py:20: \n_ _ _ _ _ _ _ _ _ _ _ _ _ _ _ _ _ _ _ _ _ _ _ _ _ _ _ _ _ _ _ _ _ _ _ _ _ _ _ _ \npages/qr_creation_flow_page.py:182: in apps_qr_create\n    self.checked_locator(locator=self.locator.apps_qr_type).click()\n_ _ _ _ _ _ _ _ _ _ _ _ _ _ _ _ _ _ _ _ _ _ _ _ _ _ _ _ _ _ _ _ _ _ _ _ _ _ _ _ \n\nself = <pages.qr_creation_flow_page.QrCreationPage object at 0x7eff161881d0>\nlocator = <Locator frame=<Frame name= url=\"https://oqg-staging.test-qr.com/''/create?step=1&qr_onboarding=active_nsf\"> selector=\"//input[@value='app']/../../..\">\n\n    def checked_locator(self, locator):\n>       self.expect(locator).to_be_visible(timeout=30000)\nE       AssertionError: Locator expected to be visible\nE       Actual value: <element(s) not found> \nE       Call log:\nE       LocatorAssertions.to_be_visible with timeout 30000ms\nE         - waiting for locator(\"//input[@value='app']/../../..\")\n\nbase/base_page.py:13: AssertionError","flaky":false,"newFailed":false,"newBroken":false,"newPassed":false,"retriesCount":0,"retriesStatusChange":false,"beforeStages":[{"name":"_session_faker","time":{"start":1734981871815,"stop":1734981872037,"duration":222},"status":"passed","steps":[],"attachments":[],"parameters":[],"shouldDisplayMessage":false,"attachmentsCount":0,"stepsCount":0,"hasContent":false,"attachmentStep":false},{"name":"pytestconfig","time":{"start":1734981872037,"stop":1734981872037,"duration":0},"status":"passed","steps":[],"attachments":[],"parameters":[],"shouldDisplayMessage":false,"attachmentsCount":0,"stepsCount":0,"hasContent":false,"attachmentStep":false},{"name":"base_url","time":{"start":1734981872037,"stop":1734981872038,"duration":1},"status":"passed","steps":[],"attachments":[],"parameters":[],"shouldDisplayMessage":false,"attachmentsCount":0,"stepsCount":0,"hasContent":false,"attachmentStep":false},{"name":"delete_output_dir","time":{"start":1734981872037,"stop":1734981872037,"duration":0},"status":"passed","steps":[],"attachments":[],"parameters":[],"shouldDisplayMessage":false,"attachmentsCount":0,"stepsCount":0,"hasContent":false,"attachmentStep":false},{"name":"_verify_url","time":{"start":1734981872044,"stop":1734981872044,"duration":0},"status":"passed","steps":[],"attachments":[],"parameters":[],"shouldDisplayMessage":false,"attachmentsCount":0,"stepsCount":0,"hasContent":false,"attachmentStep":false},{"name":"Set up browser: chromium","time":{"start":1734981872044,"stop":1734981874201,"duration":2157},"status":"passed","steps":[],"attachments":[],"parameters":[],"shouldDisplayMessage":false,"attachmentsCount":0,"stepsCount":0,"hasContent":false,"attachmentStep":false},{"name":"Delete user after test","time":{"start":1734981918466,"stop":1734981918466,"duration":0},"status":"passed","steps":[],"attachments":[],"parameters":[],"shouldDisplayMessage":false,"attachmentsCount":0,"stepsCount":0,"hasContent":false,"attachmentStep":false},{"name":"fake_email","time":{"start":1734981918466,"stop":1734981918466,"duration":0},"status":"passed","steps":[],"attachments":[],"parameters":[],"shouldDisplayMessage":false,"attachmentsCount":0,"stepsCount":0,"hasContent":false,"attachmentStep":false},{"name":"context","time":{"start":1734981918466,"stop":1734981918510,"duration":44},"status":"passed","steps":[],"attachments":[],"parameters":[],"shouldDisplayMessage":false,"attachmentsCount":0,"stepsCount":0,"hasContent":false,"attachmentStep":false},{"name":"Failed test artifacts","time":{"start":1734981918466,"stop":1734981918466,"duration":0},"status":"passed","steps":[],"attachments":[],"parameters":[],"shouldDisplayMessage":false,"attachmentsCount":0,"stepsCount":0,"hasContent":false,"attachmentStep":false},{"name":"page","time":{"start":1734981918510,"stop":1734981918689,"duration":179},"status":"passed","steps":[],"attachments":[],"parameters":[],"shouldDisplayMessage":false,"attachmentsCount":0,"stepsCount":0,"hasContent":false,"attachmentStep":false},{"name":"setup","time":{"start":1734981918689,"stop":1734981918689,"duration":0},"status":"passed","steps":[],"attachments":[],"parameters":[],"shouldDisplayMessage":false,"attachmentsCount":0,"stepsCount":0,"hasContent":false,"attachmentStep":false},{"name":"Navigate to NSF funnel","time":{"start":1734981918689,"stop":1734981920661,"duration":1972},"status":"passed","steps":[],"attachments":[],"parameters":[],"shouldDisplayMessage":false,"attachmentsCount":0,"stepsCount":0,"hasContent":false,"attachmentStep":false}],"testStage":{"status":"failed","statusMessage":"AssertionError: Locator expected to be visible\nActual value: <element(s) not found> \nCall log:\nLocatorAssertions.to_be_visible with timeout 30000ms\n  - waiting for locator(\"//input[@value='app']/../../..\")","statusTrace":"self = <tests.tests_nsf_flow.test_nsf_sign_up_eps_download_welcome_modal.TestNSFSignUpFlowEps object at 0x7eff16247050>\nnavigate_to_nsf_page = None, qr_create_method = 'apps_qr_create'\nfake_email = 'wtl-automation896507565086@test.com', resolution = 'Default'\n\n    @pytest.mark.parametrize(\"qr_create_method\", qr_create_methods)\n    @pytest.mark.parametrize(\"resolution\", resolution_qr_code_images)\n    def test_nsf_sign_up_qr_type(\n        self, navigate_to_nsf_page, qr_create_method, fake_email, resolution\n    ):\n        qr_create_method_func = getattr(self.qr_creation_page, qr_create_method)\n>       qr_create_method_func()\n\ntests/tests_nsf_flow/test_nsf_sign_up_eps_download_welcome_modal.py:20: \n_ _ _ _ _ _ _ _ _ _ _ _ _ _ _ _ _ _ _ _ _ _ _ _ _ _ _ _ _ _ _ _ _ _ _ _ _ _ _ _ \npages/qr_creation_flow_page.py:182: in apps_qr_create\n    self.checked_locator(locator=self.locator.apps_qr_type).click()\n_ _ _ _ _ _ _ _ _ _ _ _ _ _ _ _ _ _ _ _ _ _ _ _ _ _ _ _ _ _ _ _ _ _ _ _ _ _ _ _ \n\nself = <pages.qr_creation_flow_page.QrCreationPage object at 0x7eff161881d0>\nlocator = <Locator frame=<Frame name= url=\"https://oqg-staging.test-qr.com/''/create?step=1&qr_onboarding=active_nsf\"> selector=\"//input[@value='app']/../../..\">\n\n    def checked_locator(self, locator):\n>       self.expect(locator).to_be_visible(timeout=30000)\nE       AssertionError: Locator expected to be visible\nE       Actual value: <element(s) not found> \nE       Call log:\nE       LocatorAssertions.to_be_visible with timeout 30000ms\nE         - waiting for locator(\"//input[@value='app']/../../..\")\n\nbase/base_page.py:13: AssertionError","steps":[{"name":"Create Apps QR code","time":{"start":1734981921079,"stop":1734981951107,"duration":30028},"status":"failed","statusMessage":"AssertionError: Locator expected to be visible\nActual value: <element(s) not found> \nCall log:\nLocatorAssertions.to_be_visible with timeout 30000ms\n  - waiting for locator(\"//input[@value='app']/../../..\")\n\n","statusTrace":"  File \"/usr/local/lib/python3.12/dist-packages/allure_commons/_allure.py\", line 192, in impl\n    return func(*a, **kw)\n           ^^^^^^^^^^^^^^\n  File \"/app/workspace/pages/qr_creation_flow_page.py\", line 182, in apps_qr_create\n    self.checked_locator(locator=self.locator.apps_qr_type).click()\n    ^^^^^^^^^^^^^^^^^^^^^^^^^^^^^^^^^^^^^^^^^^^^^^^^^^^^^^^\n  File \"/app/workspace/base/base_page.py\", line 13, in checked_locator\n    self.expect(locator).to_be_visible(timeout=30000)\n  File \"/usr/local/lib/python3.12/dist-packages/playwright/sync_api/_generated.py\", line 20061, in to_be_visible\n    self._sync(self._impl_obj.to_be_visible(visible=visible, timeout=timeout))\n  File \"/usr/local/lib/python3.12/dist-packages/playwright/_impl/_sync_base.py\", line 115, in _sync\n    return task.result()\n           ^^^^^^^^^^^^^\n  File \"/usr/local/lib/python3.12/dist-packages/playwright/_impl/_assertions.py\", line 668, in to_be_visible\n    await self._expect_impl(\n  File \"/usr/local/lib/python3.12/dist-packages/playwright/_impl/_assertions.py\", line 74, in _expect_impl\n    raise AssertionError(\n","steps":[],"attachments":[],"parameters":[],"shouldDisplayMessage":true,"attachmentsCount":0,"stepsCount":0,"hasContent":true,"attachmentStep":false}],"attachments":[],"parameters":[],"shouldDisplayMessage":true,"attachmentsCount":0,"stepsCount":1,"hasContent":true,"attachmentStep":false},"afterStages":[{"name":"page::0","time":{"start":1734981951130,"stop":1734981962193,"duration":11063},"status":"passed","steps":[],"attachments":[],"parameters":[],"shouldDisplayMessage":false,"attachmentsCount":0,"stepsCount":0,"hasContent":false,"attachmentStep":false},{"name":"context::0","time":{"start":1734981962194,"stop":1734981962216,"duration":22},"status":"passed","steps":[],"attachments":[],"parameters":[],"shouldDisplayMessage":false,"attachmentsCount":0,"stepsCount":0,"hasContent":false,"attachmentStep":false},{"name":"Delete user after test::0","time":{"start":1734981962217,"stop":1734981962552,"duration":335},"status":"passed","steps":[],"attachments":[],"parameters":[],"shouldDisplayMessage":false,"attachmentsCount":0,"stepsCount":0,"hasContent":false,"attachmentStep":false},{"name":"Failed test artifacts::0","time":{"start":1734981962553,"stop":1734981962554,"duration":1},"status":"passed","steps":[],"attachments":[{"uid":"b3e4c3b1e945cd67","name":"screenshot","source":"b3e4c3b1e945cd67.png","type":"image/png","size":63543},{"uid":"ed6c34e48cc182a4","name":"video","source":"ed6c34e48cc182a4.webm","type":"video/webm","size":360813}],"parameters":[],"shouldDisplayMessage":false,"attachmentsCount":2,"stepsCount":0,"hasContent":true,"attachmentStep":false},{"name":"Set up browser: chromium::0","time":{"start":1734982683052,"stop":1734982683119,"duration":67},"status":"passed","steps":[],"attachments":[],"parameters":[],"shouldDisplayMessage":false,"attachmentsCount":0,"stepsCount":0,"hasContent":false,"attachmentStep":false}],"labels":[{"name":"feature","value":"NSF sign up flow - chromium"},{"name":"tag","value":"regression"},{"name":"parentSuite","value":"tests.tests_nsf_flow"},{"name":"suite","value":"test_nsf_sign_up_eps_download_welcome_modal"},{"name":"subSuite","value":"TestNSFSignUpFlowEps"},{"name":"host","value":"c388a0e18d25"},{"name":"thread","value":"23-MainThread"},{"name":"framework","value":"pytest"},{"name":"language","value":"cpython3"},{"name":"package","value":"tests.tests_nsf_flow.test_nsf_sign_up_eps_download_welcome_modal"},{"name":"resultFormat","value":"allure2"}],"parameters":[{"name":"navigate_to_nsf_page","value":"''''"},{"name":"qr_create_method","value":"'apps_qr_create'"},{"name":"resolution","value":"'Default'"}],"links":[],"hidden":false,"retry":false,"extra":{"severity":"normal","retries":[],"categories":[{"name":"Product defects","matchedStatuses":[],"flaky":false}],"tags":["regression"]},"source":"8c7fbb659cf0b168.json","parameterValues":["''''","'apps_qr_create'","'Default'"]}