{"uid":"a8883ac3c54d117c","name":"QR type - chromium","fullName":"tests.tests_dpf_flow.dpf_link_dpf_flow.test_dpf_sign_up_png_download_from_welcome_modal.TestDPFSignUpFlow#test_dpf_sign_up_qr_type","historyId":"14a11056c83338a64dda8c70d2589c12","time":{"start":1733468073443,"stop":1733468124001,"duration":50558},"status":"broken","statusMessage":"playwright._impl._errors.TimeoutError: Locator.click: Timeout 30000ms exceeded.\nCall log:\nwaiting for locator(\"//input[@id='dpfPlan3']\")","statusTrace":"self = <tests.tests_dpf_flow.dpf_link_dpf_flow.test_dpf_sign_up_png_download_from_welcome_modal.TestDPFSignUpFlow object at 0x7fc427682300>\nnavigate_to_dpf_page = None, qr_create_method = 'pdf_qr_create'\nfake_email = 'wtl-automation3855306219290@test.com', resolution = 'Default'\n\n    @allure.title(f\"QR type - {os.getenv('BROWSER')}\")\n    @pytest.mark.parametrize(\"qr_create_method\", qr_create_methods)\n    @pytest.mark.parametrize(\"resolution\", resolution_qr_code_images)\n    def test_dpf_sign_up_qr_type(self, navigate_to_dpf_page, qr_create_method, fake_email, resolution):\n        qr_create_method_func = getattr(self.qr_creation_page, qr_create_method)\n        qr_create_method_func()\n        self.qr_creation_page.click_next_button_step2()\n        self.qr_creation_page.complete_step_3()\n        try:\n            expect(self.qr_creation_page.locator.create_button).to_be_disabled(timeout=5000)\n        except AssertionError: \"The button has not become disabled, continuing the test\"\n        self.qr_creation_page.locator.create_button.is_enabled()\n        self.qr_creation_page.locator.create_button.click()\n        self.qr_creation_page.locator.dpf_form_email_input.fill(fake_email)\n        self.qr_creation_page.locator.dpf_form_submit_button.click()\n>       self.qr_creation_page.select_dpf_plan()\n\ntests/tests_dpf_flow/dpf_link_dpf_flow/test_dpf_sign_up_png_download_from_welcome_modal.py:31: \n_ _ _ _ _ _ _ _ _ _ _ _ _ _ _ _ _ _ _ _ _ _ _ _ _ _ _ _ _ _ _ _ _ _ _ _ _ _ _ _ \npages/qr_creation_flow_page.py:21: in select_dpf_plan\n    self.locator.annual_plan_button.click()\n/usr/local/lib/python3.12/dist-packages/playwright/sync_api/_generated.py:15398: in click\n    self._sync(\n/usr/local/lib/python3.12/dist-packages/playwright/_impl/_locator.py:156: in click\n    return await self._frame.click(self._selector, strict=True, **params)\n/usr/local/lib/python3.12/dist-packages/playwright/_impl/_frame.py:488: in click\n    await self._channel.send(\"click\", locals_to_params(locals()))\n/usr/local/lib/python3.12/dist-packages/playwright/_impl/_connection.py:59: in send\n    return await self._connection.wrap_api_call(\n_ _ _ _ _ _ _ _ _ _ _ _ _ _ _ _ _ _ _ _ _ _ _ _ _ _ _ _ _ _ _ _ _ _ _ _ _ _ _ _ \n\nself = <playwright._impl._connection.Connection object at 0x7fc4276c7770>\ncb = <function Channel.send.<locals>.<lambda> at 0x7fc4272b4720>\nis_internal = False\n\n    async def wrap_api_call(\n        self, cb: Callable[[], Any], is_internal: bool = False\n    ) -> Any:\n        if self._api_zone.get():\n            return await cb()\n        task = asyncio.current_task(self._loop)\n        st: List[inspect.FrameInfo] = getattr(task, \"__pw_stack__\", inspect.stack())\n        parsed_st = _extract_stack_trace_information_from_stack(st, is_internal)\n        self._api_zone.set(parsed_st)\n        try:\n            return await cb()\n        except Exception as error:\n>           raise rewrite_error(error, f\"{parsed_st['apiName']}: {error}\") from None\nE           playwright._impl._errors.TimeoutError: Locator.click: Timeout 30000ms exceeded.\nE           Call log:\nE           waiting for locator(\"//input[@id='dpfPlan3']\")\n\n/usr/local/lib/python3.12/dist-packages/playwright/_impl/_connection.py:520: TimeoutError","flaky":false,"newFailed":false,"newBroken":false,"newPassed":false,"retriesCount":0,"retriesStatusChange":false,"beforeStages":[{"name":"base_url","time":{"start":1733467937561,"stop":1733467937561,"duration":0},"status":"passed","steps":[],"attachments":[],"parameters":[],"shouldDisplayMessage":false,"attachmentsCount":0,"stepsCount":0,"hasContent":false,"attachmentStep":false},{"name":"_verify_url","time":{"start":1733467937561,"stop":1733467937561,"duration":0},"status":"passed","steps":[],"attachments":[],"parameters":[],"shouldDisplayMessage":false,"attachmentsCount":0,"stepsCount":0,"hasContent":false,"attachmentStep":false},{"name":"pytestconfig","time":{"start":1733467937561,"stop":1733467937561,"duration":0},"status":"passed","steps":[],"attachments":[],"parameters":[],"shouldDisplayMessage":false,"attachmentsCount":0,"stepsCount":0,"hasContent":false,"attachmentStep":false},{"name":"delete_output_dir","time":{"start":1733467937561,"stop":1733467937561,"duration":0},"status":"passed","steps":[],"attachments":[],"parameters":[],"shouldDisplayMessage":false,"attachmentsCount":0,"stepsCount":0,"hasContent":false,"attachmentStep":false},{"name":"_session_faker","time":{"start":1733467937561,"stop":1733467937662,"duration":101},"status":"passed","steps":[],"attachments":[],"parameters":[],"shouldDisplayMessage":false,"attachmentsCount":0,"stepsCount":0,"hasContent":false,"attachmentStep":false},{"name":"Set up browser: chromium","time":{"start":1733467937662,"stop":1733467938426,"duration":764},"status":"passed","steps":[],"attachments":[],"parameters":[],"shouldDisplayMessage":false,"attachmentsCount":0,"stepsCount":0,"hasContent":false,"attachmentStep":false},{"name":"context","time":{"start":1733468071139,"stop":1733468071156,"duration":17},"status":"passed","steps":[],"attachments":[],"parameters":[],"shouldDisplayMessage":false,"attachmentsCount":0,"stepsCount":0,"hasContent":false,"attachmentStep":false},{"name":"fake_email","time":{"start":1733468071139,"stop":1733468071139,"duration":0},"status":"passed","steps":[],"attachments":[],"parameters":[],"shouldDisplayMessage":false,"attachmentsCount":0,"stepsCount":0,"hasContent":false,"attachmentStep":false},{"name":"Delete user after test","time":{"start":1733468071139,"stop":1733468071139,"duration":0},"status":"passed","steps":[],"attachments":[],"parameters":[],"shouldDisplayMessage":false,"attachmentsCount":0,"stepsCount":0,"hasContent":false,"attachmentStep":false},{"name":"Failed test artifacts","time":{"start":1733468071139,"stop":1733468071139,"duration":0},"status":"passed","steps":[],"attachments":[],"parameters":[],"shouldDisplayMessage":false,"attachmentsCount":0,"stepsCount":0,"hasContent":false,"attachmentStep":false},{"name":"page","time":{"start":1733468071156,"stop":1733468071190,"duration":34},"status":"passed","steps":[],"attachments":[],"parameters":[],"shouldDisplayMessage":false,"attachmentsCount":0,"stepsCount":0,"hasContent":false,"attachmentStep":false},{"name":"Navigate to DPF funnel","time":{"start":1733468071191,"stop":1733468073442,"duration":2251},"status":"passed","steps":[],"attachments":[],"parameters":[],"shouldDisplayMessage":false,"attachmentsCount":0,"stepsCount":0,"hasContent":false,"attachmentStep":false},{"name":"setup","time":{"start":1733468071191,"stop":1733468071191,"duration":0},"status":"passed","steps":[],"attachments":[],"parameters":[],"shouldDisplayMessage":false,"attachmentsCount":0,"stepsCount":0,"hasContent":false,"attachmentStep":false}],"testStage":{"status":"broken","statusMessage":"playwright._impl._errors.TimeoutError: Locator.click: Timeout 30000ms exceeded.\nCall log:\nwaiting for locator(\"//input[@id='dpfPlan3']\")","statusTrace":"self = <tests.tests_dpf_flow.dpf_link_dpf_flow.test_dpf_sign_up_png_download_from_welcome_modal.TestDPFSignUpFlow object at 0x7fc427682300>\nnavigate_to_dpf_page = None, qr_create_method = 'pdf_qr_create'\nfake_email = 'wtl-automation3855306219290@test.com', resolution = 'Default'\n\n    @allure.title(f\"QR type - {os.getenv('BROWSER')}\")\n    @pytest.mark.parametrize(\"qr_create_method\", qr_create_methods)\n    @pytest.mark.parametrize(\"resolution\", resolution_qr_code_images)\n    def test_dpf_sign_up_qr_type(self, navigate_to_dpf_page, qr_create_method, fake_email, resolution):\n        qr_create_method_func = getattr(self.qr_creation_page, qr_create_method)\n        qr_create_method_func()\n        self.qr_creation_page.click_next_button_step2()\n        self.qr_creation_page.complete_step_3()\n        try:\n            expect(self.qr_creation_page.locator.create_button).to_be_disabled(timeout=5000)\n        except AssertionError: \"The button has not become disabled, continuing the test\"\n        self.qr_creation_page.locator.create_button.is_enabled()\n        self.qr_creation_page.locator.create_button.click()\n        self.qr_creation_page.locator.dpf_form_email_input.fill(fake_email)\n        self.qr_creation_page.locator.dpf_form_submit_button.click()\n>       self.qr_creation_page.select_dpf_plan()\n\ntests/tests_dpf_flow/dpf_link_dpf_flow/test_dpf_sign_up_png_download_from_welcome_modal.py:31: \n_ _ _ _ _ _ _ _ _ _ _ _ _ _ _ _ _ _ _ _ _ _ _ _ _ _ _ _ _ _ _ _ _ _ _ _ _ _ _ _ \npages/qr_creation_flow_page.py:21: in select_dpf_plan\n    self.locator.annual_plan_button.click()\n/usr/local/lib/python3.12/dist-packages/playwright/sync_api/_generated.py:15398: in click\n    self._sync(\n/usr/local/lib/python3.12/dist-packages/playwright/_impl/_locator.py:156: in click\n    return await self._frame.click(self._selector, strict=True, **params)\n/usr/local/lib/python3.12/dist-packages/playwright/_impl/_frame.py:488: in click\n    await self._channel.send(\"click\", locals_to_params(locals()))\n/usr/local/lib/python3.12/dist-packages/playwright/_impl/_connection.py:59: in send\n    return await self._connection.wrap_api_call(\n_ _ _ _ _ _ _ _ _ _ _ _ _ _ _ _ _ _ _ _ _ _ _ _ _ _ _ _ _ _ _ _ _ _ _ _ _ _ _ _ \n\nself = <playwright._impl._connection.Connection object at 0x7fc4276c7770>\ncb = <function Channel.send.<locals>.<lambda> at 0x7fc4272b4720>\nis_internal = False\n\n    async def wrap_api_call(\n        self, cb: Callable[[], Any], is_internal: bool = False\n    ) -> Any:\n        if self._api_zone.get():\n            return await cb()\n        task = asyncio.current_task(self._loop)\n        st: List[inspect.FrameInfo] = getattr(task, \"__pw_stack__\", inspect.stack())\n        parsed_st = _extract_stack_trace_information_from_stack(st, is_internal)\n        self._api_zone.set(parsed_st)\n        try:\n            return await cb()\n        except Exception as error:\n>           raise rewrite_error(error, f\"{parsed_st['apiName']}: {error}\") from None\nE           playwright._impl._errors.TimeoutError: Locator.click: Timeout 30000ms exceeded.\nE           Call log:\nE           waiting for locator(\"//input[@id='dpfPlan3']\")\n\n/usr/local/lib/python3.12/dist-packages/playwright/_impl/_connection.py:520: TimeoutError","steps":[{"name":"Create PDF QR code","time":{"start":1733468073495,"stop":1733468082955,"duration":9460},"status":"passed","steps":[{"name":"Close help modal window step 2","time":{"start":1733468074635,"stop":1733468076040,"duration":1405},"status":"passed","steps":[],"attachments":[],"parameters":[],"shouldDisplayMessage":false,"attachmentsCount":0,"stepsCount":0,"hasContent":false,"attachmentStep":false},{"name":"Emulate drag and drop","time":{"start":1733468076040,"stop":1733468076246,"duration":206},"status":"passed","steps":[{"name":"Generate file","time":{"start":1733468076040,"stop":1733468076056,"duration":16},"status":"passed","steps":[],"attachments":[],"parameters":[{"name":"file_type","value":"'pdf'"}],"shouldDisplayMessage":false,"attachmentsCount":0,"stepsCount":0,"hasContent":true,"attachmentStep":false}],"attachments":[],"parameters":[{"name":"selector","value":"'#pdf'"},{"name":"file_type","value":"'pdf'"}],"shouldDisplayMessage":false,"attachmentsCount":0,"stepsCount":1,"hasContent":true,"attachmentStep":false},{"name":"Set QR code style","time":{"start":1733468077606,"stop":1733468081133,"duration":3527},"status":"passed","steps":[],"attachments":[],"parameters":[],"shouldDisplayMessage":false,"attachmentsCount":0,"stepsCount":0,"hasContent":false,"attachmentStep":false},{"name":"Set QR code image on welcome screen","time":{"start":1733468081134,"stop":1733468082391,"duration":1257},"status":"passed","steps":[{"name":"Generate file","time":{"start":1733468081134,"stop":1733468082015,"duration":881},"status":"passed","steps":[],"attachments":[],"parameters":[{"name":"file_type","value":"'image'"}],"shouldDisplayMessage":false,"attachmentsCount":0,"stepsCount":0,"hasContent":true,"attachmentStep":false}],"attachments":[],"parameters":[],"shouldDisplayMessage":false,"attachmentsCount":0,"stepsCount":1,"hasContent":true,"attachmentStep":false},{"name":"Set QR code name","time":{"start":1733468082391,"stop":1733468082955,"duration":564},"status":"passed","steps":[],"attachments":[],"parameters":[{"name":"qr_code_type","value":"'PDF'"}],"shouldDisplayMessage":false,"attachmentsCount":0,"stepsCount":0,"hasContent":true,"attachmentStep":false}],"attachments":[],"parameters":[],"shouldDisplayMessage":false,"attachmentsCount":0,"stepsCount":7,"hasContent":true,"attachmentStep":false},{"name":"Click on Next button","time":{"start":1733468082955,"stop":1733468083319,"duration":364},"status":"passed","steps":[],"attachments":[],"parameters":[],"shouldDisplayMessage":false,"attachmentsCount":0,"stepsCount":0,"hasContent":false,"attachmentStep":false},{"name":"Complete step 3","time":{"start":1733468083320,"stop":1733468091565,"duration":8245},"status":"passed","steps":[{"name":"Close help modal window step 3","time":{"start":1733468083320,"stop":1733468084450,"duration":1130},"status":"passed","steps":[],"attachments":[],"parameters":[],"shouldDisplayMessage":false,"attachmentsCount":0,"stepsCount":0,"hasContent":false,"attachmentStep":false},{"name":"Select qr frame on step 3","time":{"start":1733468084450,"stop":1733468086289,"duration":1839},"status":"passed","steps":[],"attachments":[],"parameters":[],"shouldDisplayMessage":false,"attachmentsCount":0,"stepsCount":0,"hasContent":false,"attachmentStep":false},{"name":"Set file","time":{"start":1733468088404,"stop":1733468089306,"duration":902},"status":"passed","steps":[{"name":"Generate file","time":{"start":1733468088404,"stop":1733468089153,"duration":749},"status":"passed","steps":[],"attachments":[],"parameters":[{"name":"file_type","value":"'image'"}],"shouldDisplayMessage":false,"attachmentsCount":0,"stepsCount":0,"hasContent":true,"attachmentStep":false}],"attachments":[],"parameters":[{"name":"selector","value":"<Locator frame=<Frame name= url='https://oqg-staging.test-qr.com/qr?step=3&qr_onboarding=active_nsf'> selector=\"//input[@id='qr_code_logo']\">"},{"name":"file_type","value":"'image'"}],"shouldDisplayMessage":false,"attachmentsCount":0,"stepsCount":1,"hasContent":true,"attachmentStep":false},{"name":"Select QR cornets on step 3","time":{"start":1733468089763,"stop":1733468091565,"duration":1802},"status":"passed","steps":[],"attachments":[],"parameters":[],"shouldDisplayMessage":false,"attachmentsCount":0,"stepsCount":0,"hasContent":false,"attachmentStep":false}],"attachments":[],"parameters":[],"shouldDisplayMessage":false,"attachmentsCount":0,"stepsCount":5,"hasContent":true,"attachmentStep":false},{"name":"Select DPF plan","time":{"start":1733468093968,"stop":1733468124000,"duration":30032},"status":"broken","statusMessage":"playwright._impl._errors.TimeoutError: Locator.click: Timeout 30000ms exceeded.\nCall log:\nwaiting for locator(\"//input[@id='dpfPlan3']\")\n\n","statusTrace":"  File \"/usr/local/lib/python3.12/dist-packages/allure_commons/_allure.py\", line 192, in impl\n    return func(*a, **kw)\n           ^^^^^^^^^^^^^^\n  File \"/app/workspace/pages/qr_creation_flow_page.py\", line 21, in select_dpf_plan\n    self.locator.annual_plan_button.click()\n  File \"/usr/local/lib/python3.12/dist-packages/playwright/sync_api/_generated.py\", line 15398, in click\n    self._sync(\n  File \"/usr/local/lib/python3.12/dist-packages/playwright/_impl/_sync_base.py\", line 115, in _sync\n    return task.result()\n           ^^^^^^^^^^^^^\n  File \"/usr/local/lib/python3.12/dist-packages/playwright/_impl/_locator.py\", line 156, in click\n    return await self._frame.click(self._selector, strict=True, **params)\n           ^^^^^^^^^^^^^^^^^^^^^^^^^^^^^^^^^^^^^^^^^^^^^^^^^^^^^^^^^^^^^^\n  File \"/usr/local/lib/python3.12/dist-packages/playwright/_impl/_frame.py\", line 488, in click\n    await self._channel.send(\"click\", locals_to_params(locals()))\n  File \"/usr/local/lib/python3.12/dist-packages/playwright/_impl/_connection.py\", line 59, in send\n    return await self._connection.wrap_api_call(\n           ^^^^^^^^^^^^^^^^^^^^^^^^^^^^^^^^^^^^^\n  File \"/usr/local/lib/python3.12/dist-packages/playwright/_impl/_connection.py\", line 520, in wrap_api_call\n    raise rewrite_error(error, f\"{parsed_st['apiName']}: {error}\") from None\n","steps":[],"attachments":[],"parameters":[],"shouldDisplayMessage":true,"attachmentsCount":0,"stepsCount":0,"hasContent":true,"attachmentStep":false}],"attachments":[],"parameters":[],"shouldDisplayMessage":true,"attachmentsCount":0,"stepsCount":16,"hasContent":true,"attachmentStep":false},"afterStages":[{"name":"page::0","time":{"start":1733468124161,"stop":1733468126123,"duration":1962},"status":"passed","steps":[],"attachments":[],"parameters":[],"shouldDisplayMessage":false,"attachmentsCount":0,"stepsCount":0,"hasContent":false,"attachmentStep":false},{"name":"context::0","time":{"start":1733468126123,"stop":1733468126123,"duration":0},"status":"broken","statusMessage":"TypeError: Tracing.stop() got an unexpected keyword argument 'name'\n","statusTrace":"  File \"/usr/local/lib/python3.12/dist-packages/allure_commons/_allure.py\", line 221, in __call__\n    return self._fixture_function(*args, **kwargs)\n           ^^^^^^^^^^^^^^^^^^^^^^^^^^^^^^^^^^^^^^^\n  File \"/usr/local/lib/python3.12/dist-packages/_pytest/fixtures.py\", line 907, in _teardown_yield_fixture\n    next(it)\n  File \"/app/workspace/conftest.py\", line 27, in context\n    context.tracing.stop(name=f\"artifacts/traces/{request.node.name}.zip\")\n","steps":[],"attachments":[],"parameters":[],"shouldDisplayMessage":true,"attachmentsCount":0,"stepsCount":0,"hasContent":true,"attachmentStep":false},{"name":"Delete user after test::0","time":{"start":1733468126124,"stop":1733468126342,"duration":218},"status":"passed","steps":[],"attachments":[],"parameters":[],"shouldDisplayMessage":false,"attachmentsCount":0,"stepsCount":0,"hasContent":false,"attachmentStep":false},{"name":"Failed test artifacts::0","time":{"start":1733468126343,"stop":1733468126347,"duration":4},"status":"broken","statusMessage":"FileNotFoundError: [Errno 2] No such file or directory: 'artifacts/traces/test_dpf_sign_up_qr_type[Default-pdf_qr_create-en].zip'\n","statusTrace":"  File \"/usr/local/lib/python3.12/dist-packages/allure_commons/_allure.py\", line 221, in __call__\n    return self._fixture_function(*args, **kwargs)\n           ^^^^^^^^^^^^^^^^^^^^^^^^^^^^^^^^^^^^^^^\n  File \"/usr/local/lib/python3.12/dist-packages/_pytest/fixtures.py\", line 907, in _teardown_yield_fixture\n    next(it)\n  File \"/app/workspace/conftest.py\", line 57, in artifacts\n    allure.attach.file(f\"artifacts/traces/{request.node.name}.zip\", name=\"trace\",\n  File \"/usr/local/lib/python3.12/dist-packages/allure_commons/_allure.py\", line 203, in file\n    plugin_manager.hook.attach_file(source=source, name=name, attachment_type=attachment_type, extension=extension)\n  File \"/usr/local/lib/python3.12/dist-packages/pluggy/_hooks.py\", line 513, in __call__\n    return self._hookexec(self.name, self._hookimpls.copy(), kwargs, firstresult)\n           ^^^^^^^^^^^^^^^^^^^^^^^^^^^^^^^^^^^^^^^^^^^^^^^^^^^^^^^^^^^^^^^^^^^^^^\n  File \"/usr/local/lib/python3.12/dist-packages/pluggy/_manager.py\", line 120, in _hookexec\n    return self._inner_hookexec(hook_name, methods, kwargs, firstresult)\n           ^^^^^^^^^^^^^^^^^^^^^^^^^^^^^^^^^^^^^^^^^^^^^^^^^^^^^^^^^^^^^\n  File \"/usr/local/lib/python3.12/dist-packages/pluggy/_callers.py\", line 139, in _multicall\n    raise exception.with_traceback(exception.__traceback__)\n  File \"/usr/local/lib/python3.12/dist-packages/pluggy/_callers.py\", line 103, in _multicall\n    res = hook_impl.function(*args)\n          ^^^^^^^^^^^^^^^^^^^^^^^^^\n  File \"/usr/local/lib/python3.12/dist-packages/allure_pytest/listener.py\", line 256, in attach_file\n    self.allure_logger.attach_file(uuid4(), source, name=name, attachment_type=attachment_type, extension=extension)\n  File \"/usr/local/lib/python3.12/dist-packages/allure_commons/reporter.py\", line 160, in attach_file\n    plugin_manager.hook.report_attached_file(source=source, file_name=file_name)\n  File \"/usr/local/lib/python3.12/dist-packages/pluggy/_hooks.py\", line 513, in __call__\n    return self._hookexec(self.name, self._hookimpls.copy(), kwargs, firstresult)\n           ^^^^^^^^^^^^^^^^^^^^^^^^^^^^^^^^^^^^^^^^^^^^^^^^^^^^^^^^^^^^^^^^^^^^^^\n  File \"/usr/local/lib/python3.12/dist-packages/pluggy/_manager.py\", line 120, in _hookexec\n    return self._inner_hookexec(hook_name, methods, kwargs, firstresult)\n           ^^^^^^^^^^^^^^^^^^^^^^^^^^^^^^^^^^^^^^^^^^^^^^^^^^^^^^^^^^^^^\n  File \"/usr/local/lib/python3.12/dist-packages/pluggy/_callers.py\", line 139, in _multicall\n    raise exception.with_traceback(exception.__traceback__)\n  File \"/usr/local/lib/python3.12/dist-packages/pluggy/_callers.py\", line 103, in _multicall\n    res = hook_impl.function(*args)\n          ^^^^^^^^^^^^^^^^^^^^^^^^^\n  File \"/usr/local/lib/python3.12/dist-packages/allure_commons/logger.py\", line 39, in report_attached_file\n    shutil.copy2(source, destination)\n  File \"/usr/lib/python3.12/shutil.py\", line 475, in copy2\n    copyfile(src, dst, follow_symlinks=follow_symlinks)\n  File \"/usr/lib/python3.12/shutil.py\", line 260, in copyfile\n    with open(src, 'rb') as fsrc:\n         ^^^^^^^^^^^^^^^\n","steps":[],"attachments":[{"uid":"98275403f89fb4b0","name":"screenshot","source":"98275403f89fb4b0.png","type":"image/png","size":142045},{"uid":"4ade9f5734961349","name":"video","source":"4ade9f5734961349.webm","type":"video/webm","size":2584103},{"name":"trace","type":"application/zip","size":0}],"parameters":[],"shouldDisplayMessage":true,"attachmentsCount":3,"stepsCount":0,"hasContent":true,"attachmentStep":false},{"name":"Set up browser: chromium::0","time":{"start":1733468233816,"stop":1733468233982,"duration":166},"status":"passed","steps":[],"attachments":[],"parameters":[],"shouldDisplayMessage":false,"attachmentsCount":0,"stepsCount":0,"hasContent":false,"attachmentStep":false}],"labels":[{"name":"feature","value":"DPF sign up flow - chromium"},{"name":"parentSuite","value":"tests.tests_dpf_flow.dpf_link_dpf_flow"},{"name":"suite","value":"test_dpf_sign_up_png_download_from_welcome_modal"},{"name":"subSuite","value":"TestDPFSignUpFlow"},{"name":"host","value":"171acff31b50"},{"name":"thread","value":"34-MainThread"},{"name":"framework","value":"pytest"},{"name":"language","value":"cpython3"},{"name":"package","value":"tests.tests_dpf_flow.dpf_link_dpf_flow.test_dpf_sign_up_png_download_from_welcome_modal"},{"name":"resultFormat","value":"allure2"}],"parameters":[{"name":"language","value":"'en'"},{"name":"qr_create_method","value":"'pdf_qr_create'"},{"name":"resolution","value":"'Default'"}],"links":[],"hidden":false,"retry":false,"extra":{"severity":"normal","retries":[],"categories":[{"name":"Test defects","matchedStatuses":[],"flaky":false}],"history":{"statistic":{"failed":0,"broken":3,"skipped":0,"passed":0,"unknown":0,"total":3},"items":[{"uid":"67b36c75aaafe520","reportUrl":"https://Bohdan-wtl.github.io/qr-generator/allure-action/main/chromium/12185841111_1733425376774/#testresult/67b36c75aaafe520","status":"broken","statusDetails":"playwright._impl._errors.TimeoutError: Locator.click: Timeout 30000ms exceeded.\nCall log:\nwaiting for locator(\"//input[@id='dpfPlan3']\")","time":{"start":1733423832394,"stop":1733423885771,"duration":53377}},{"uid":"f337f4046717034a","reportUrl":"https://Bohdan-wtl.github.io/qr-generator/allure-action/main/chromium/12182115020_1733416269211/#testresult/f337f4046717034a","status":"broken","statusDetails":"playwright._impl._errors.TimeoutError: Locator.click: Timeout 30000ms exceeded.\nCall log:\nwaiting for locator(\"//input[@id='dpfPlan3']\")","time":{"start":1733411191139,"stop":1733411239815,"duration":48676}}]},"tags":[]},"source":"a8883ac3c54d117c.json","parameterValues":["'en'","'pdf_qr_create'","'Default'"]}