{"uid":"7f80fdf9e8e9fdf8","name":"QR type - chromium","fullName":"tests.tests_default_flow.test_default_sign_up_pdf_download_welcome_modal.TestDefaultSignUpFlow#test_default_sign_up_qr_type","historyId":"3ae2143689cc52ac7101652cee7b8200","time":{"start":1733423769268,"stop":1733423843229,"duration":73961},"status":"failed","statusMessage":"AssertionError: Locator expected to be enabled\nActual value: <element(s) not found> \nCall log:\nLocatorAssertions.to_be_enabled with timeout 30000ms\n  - waiting for locator(\"//img[contains(@class,'dl-modal-head-img')]\")","statusTrace":"self = <tests.tests_default_flow.test_default_sign_up_pdf_download_welcome_modal.TestDefaultSignUpFlow object at 0x7fa5b047dc40>\nsign_up_fixture = None, qr_create_method = 'social_media_qr_create'\nfake_email = 'wtl-automation8192046359337@test.com', resolution = 'Default'\n\n    @allure.title(f\"QR type - {os.getenv('BROWSER')}\")\n    @pytest.mark.parametrize(\"qr_create_method\", qr_create_methods)\n    @pytest.mark.parametrize(\"resolution\", resolution_qr_code_pdf)\n    def test_default_sign_up_qr_type(self, sign_up_fixture, qr_create_method, fake_email, resolution):\n        qr_create_method_func = getattr(self.qr_creation_page, qr_create_method)\n        qr_create_method_func()\n        self.qr_creation_page.click_next_button_step2()\n        self.qr_creation_page.complete_step_3()\n        try:\n            expect(self.qr_creation_page.locator.create_button).to_be_disabled(timeout=5000)\n        except AssertionError: \"The button has not become disabled, continuing the test\"\n        self.qr_creation_page.locator.create_button.is_enabled()\n        self.qr_creation_page.locator.create_button.click()\n>       self.my_qr_codes_page.expect(self.my_qr_codes_page.locator.sign_up_success_image).to_be_enabled(timeout=30000)\nE       AssertionError: Locator expected to be enabled\nE       Actual value: <element(s) not found> \nE       Call log:\nE       LocatorAssertions.to_be_enabled with timeout 30000ms\nE         - waiting for locator(\"//img[contains(@class,'dl-modal-head-img')]\")\n\ntests/tests_default_flow/test_default_sign_up_pdf_download_welcome_modal.py:27: AssertionError","flaky":false,"newFailed":true,"newBroken":false,"newPassed":false,"retriesCount":0,"retriesStatusChange":false,"beforeStages":[{"name":"delete_output_dir","time":{"start":1733423671142,"stop":1733423671142,"duration":0},"status":"passed","steps":[],"attachments":[],"parameters":[],"shouldDisplayMessage":false,"attachmentsCount":0,"stepsCount":0,"hasContent":false,"attachmentStep":false},{"name":"_verify_url","time":{"start":1733423671142,"stop":1733423671142,"duration":0},"status":"passed","steps":[],"attachments":[],"parameters":[],"shouldDisplayMessage":false,"attachmentsCount":0,"stepsCount":0,"hasContent":false,"attachmentStep":false},{"name":"pytestconfig","time":{"start":1733423671142,"stop":1733423671142,"duration":0},"status":"passed","steps":[],"attachments":[],"parameters":[],"shouldDisplayMessage":false,"attachmentsCount":0,"stepsCount":0,"hasContent":false,"attachmentStep":false},{"name":"_session_faker","time":{"start":1733423671142,"stop":1733423671240,"duration":98},"status":"passed","steps":[],"attachments":[],"parameters":[],"shouldDisplayMessage":false,"attachmentsCount":0,"stepsCount":0,"hasContent":false,"attachmentStep":false},{"name":"base_url","time":{"start":1733423671142,"stop":1733423671142,"duration":0},"status":"passed","steps":[],"attachments":[],"parameters":[],"shouldDisplayMessage":false,"attachmentsCount":0,"stepsCount":0,"hasContent":false,"attachmentStep":false},{"name":"Set up browser: chromium","time":{"start":1733423671241,"stop":1733423672025,"duration":784},"status":"passed","steps":[],"attachments":[],"parameters":[],"shouldDisplayMessage":false,"attachmentsCount":0,"stepsCount":0,"hasContent":false,"attachmentStep":false},{"name":"fake_email","time":{"start":1733423766501,"stop":1733423766502,"duration":1},"status":"passed","steps":[],"attachments":[],"parameters":[],"shouldDisplayMessage":false,"attachmentsCount":0,"stepsCount":0,"hasContent":false,"attachmentStep":false},{"name":"Failed test artifacts","time":{"start":1733423766501,"stop":1733423766501,"duration":0},"status":"passed","steps":[],"attachments":[],"parameters":[],"shouldDisplayMessage":false,"attachmentsCount":0,"stepsCount":0,"hasContent":false,"attachmentStep":false},{"name":"context","time":{"start":1733423766502,"stop":1733423766541,"duration":39},"status":"passed","steps":[],"attachments":[],"parameters":[],"shouldDisplayMessage":false,"attachmentsCount":0,"stepsCount":0,"hasContent":false,"attachmentStep":false},{"name":"Delete user after test","time":{"start":1733423766502,"stop":1733423766502,"duration":0},"status":"passed","steps":[],"attachments":[],"parameters":[],"shouldDisplayMessage":false,"attachmentsCount":0,"stepsCount":0,"hasContent":false,"attachmentStep":false},{"name":"page","time":{"start":1733423766541,"stop":1733423766711,"duration":170},"status":"passed","steps":[],"attachments":[],"parameters":[],"shouldDisplayMessage":false,"attachmentsCount":0,"stepsCount":0,"hasContent":false,"attachmentStep":false},{"name":"Sign up","time":{"start":1733423766711,"stop":1733423769267,"duration":2556},"status":"passed","steps":[{"name":"Sign up","time":{"start":1733423768844,"stop":1733423769267,"duration":423},"status":"passed","steps":[],"attachments":[],"parameters":[{"name":"temporary_mail","value":"'wtl-automation8192046359337@test.com'"},{"name":"signup_password","value":"'wtl-automation8192046359337@test.com'"}],"shouldDisplayMessage":false,"attachmentsCount":0,"stepsCount":0,"hasContent":true,"attachmentStep":false}],"attachments":[],"parameters":[],"shouldDisplayMessage":false,"attachmentsCount":0,"stepsCount":1,"hasContent":true,"attachmentStep":false},{"name":"setup","time":{"start":1733423766711,"stop":1733423766711,"duration":0},"status":"passed","steps":[],"attachments":[],"parameters":[],"shouldDisplayMessage":false,"attachmentsCount":0,"stepsCount":0,"hasContent":false,"attachmentStep":false}],"testStage":{"status":"failed","statusMessage":"AssertionError: Locator expected to be enabled\nActual value: <element(s) not found> \nCall log:\nLocatorAssertions.to_be_enabled with timeout 30000ms\n  - waiting for locator(\"//img[contains(@class,'dl-modal-head-img')]\")","statusTrace":"self = <tests.tests_default_flow.test_default_sign_up_pdf_download_welcome_modal.TestDefaultSignUpFlow object at 0x7fa5b047dc40>\nsign_up_fixture = None, qr_create_method = 'social_media_qr_create'\nfake_email = 'wtl-automation8192046359337@test.com', resolution = 'Default'\n\n    @allure.title(f\"QR type - {os.getenv('BROWSER')}\")\n    @pytest.mark.parametrize(\"qr_create_method\", qr_create_methods)\n    @pytest.mark.parametrize(\"resolution\", resolution_qr_code_pdf)\n    def test_default_sign_up_qr_type(self, sign_up_fixture, qr_create_method, fake_email, resolution):\n        qr_create_method_func = getattr(self.qr_creation_page, qr_create_method)\n        qr_create_method_func()\n        self.qr_creation_page.click_next_button_step2()\n        self.qr_creation_page.complete_step_3()\n        try:\n            expect(self.qr_creation_page.locator.create_button).to_be_disabled(timeout=5000)\n        except AssertionError: \"The button has not become disabled, continuing the test\"\n        self.qr_creation_page.locator.create_button.is_enabled()\n        self.qr_creation_page.locator.create_button.click()\n>       self.my_qr_codes_page.expect(self.my_qr_codes_page.locator.sign_up_success_image).to_be_enabled(timeout=30000)\nE       AssertionError: Locator expected to be enabled\nE       Actual value: <element(s) not found> \nE       Call log:\nE       LocatorAssertions.to_be_enabled with timeout 30000ms\nE         - waiting for locator(\"//img[contains(@class,'dl-modal-head-img')]\")\n\ntests/tests_default_flow/test_default_sign_up_pdf_download_welcome_modal.py:27: AssertionError","steps":[{"name":"Create LinkedIn QR code","time":{"start":1733423769387,"stop":1733423800395,"duration":31008},"status":"passed","steps":[{"name":"Close help modal window step 2","time":{"start":1733423778489,"stop":1733423781188,"duration":2699},"status":"passed","steps":[],"attachments":[],"parameters":[],"shouldDisplayMessage":false,"attachmentsCount":0,"stepsCount":0,"hasContent":false,"attachmentStep":false},{"name":"Emulate drag and drop","time":{"start":1733423782610,"stop":1733423786181,"duration":3571},"status":"passed","steps":[{"name":"Generate file","time":{"start":1733423782610,"stop":1733423783849,"duration":1239},"status":"passed","steps":[],"attachments":[],"parameters":[{"name":"file_type","value":"'image'"}],"shouldDisplayMessage":false,"attachmentsCount":0,"stepsCount":0,"hasContent":true,"attachmentStep":false}],"attachments":[],"parameters":[{"name":"selector","value":"'#files'"},{"name":"file_type","value":"'image'"}],"shouldDisplayMessage":false,"attachmentsCount":0,"stepsCount":1,"hasContent":true,"attachmentStep":false},{"name":"Set QR code style","time":{"start":1733423794183,"stop":1733423798091,"duration":3908},"status":"passed","steps":[],"attachments":[],"parameters":[],"shouldDisplayMessage":false,"attachmentsCount":0,"stepsCount":0,"hasContent":false,"attachmentStep":false},{"name":"Set QR code image on welcome screen","time":{"start":1733423798091,"stop":1733423799485,"duration":1394},"status":"passed","steps":[{"name":"Generate file","time":{"start":1733423798091,"stop":1733423798884,"duration":793},"status":"passed","steps":[],"attachments":[],"parameters":[{"name":"file_type","value":"'image'"}],"shouldDisplayMessage":false,"attachmentsCount":0,"stepsCount":0,"hasContent":true,"attachmentStep":false}],"attachments":[],"parameters":[],"shouldDisplayMessage":false,"attachmentsCount":0,"stepsCount":1,"hasContent":true,"attachmentStep":false},{"name":"Set QR code name","time":{"start":1733423799485,"stop":1733423800395,"duration":910},"status":"passed","steps":[],"attachments":[],"parameters":[{"name":"qr_code_type","value":"'Social Media'"}],"shouldDisplayMessage":false,"attachmentsCount":0,"stepsCount":0,"hasContent":true,"attachmentStep":false}],"attachments":[],"parameters":[],"shouldDisplayMessage":false,"attachmentsCount":0,"stepsCount":7,"hasContent":true,"attachmentStep":false},{"name":"Click on Next button","time":{"start":1733423800395,"stop":1733423800951,"duration":556},"status":"passed","steps":[],"attachments":[],"parameters":[],"shouldDisplayMessage":false,"attachmentsCount":0,"stepsCount":0,"hasContent":false,"attachmentStep":false},{"name":"Complete step 3","time":{"start":1733423800952,"stop":1733423811615,"duration":10663},"status":"passed","steps":[{"name":"Close help modal window step 3","time":{"start":1733423800952,"stop":1733423802199,"duration":1247},"status":"passed","steps":[],"attachments":[],"parameters":[],"shouldDisplayMessage":false,"attachmentsCount":0,"stepsCount":0,"hasContent":false,"attachmentStep":false},{"name":"Select qr frame on step 3","time":{"start":1733423802200,"stop":1733423804343,"duration":2143},"status":"passed","steps":[],"attachments":[],"parameters":[],"shouldDisplayMessage":false,"attachmentsCount":0,"stepsCount":0,"hasContent":false,"attachmentStep":false},{"name":"Set file","time":{"start":1733423807733,"stop":1733423809237,"duration":1504},"status":"passed","steps":[{"name":"Generate file","time":{"start":1733423807733,"stop":1733423808997,"duration":1264},"status":"passed","steps":[],"attachments":[],"parameters":[{"name":"file_type","value":"'image'"}],"shouldDisplayMessage":false,"attachmentsCount":0,"stepsCount":0,"hasContent":true,"attachmentStep":false}],"attachments":[],"parameters":[{"name":"selector","value":"<Locator frame=<Frame name= url='https://oqg-staging.test-qr.com/qr?step=3&qr_onboarding=active'> selector=\"//input[@id='qr_code_logo']\">"},{"name":"file_type","value":"'image'"}],"shouldDisplayMessage":false,"attachmentsCount":0,"stepsCount":1,"hasContent":true,"attachmentStep":false},{"name":"Select QR cornets on step 3","time":{"start":1733423809747,"stop":1733423811615,"duration":1868},"status":"passed","steps":[],"attachments":[],"parameters":[],"shouldDisplayMessage":false,"attachmentsCount":0,"stepsCount":0,"hasContent":false,"attachmentStep":false}],"attachments":[],"parameters":[],"shouldDisplayMessage":false,"attachmentsCount":0,"stepsCount":5,"hasContent":true,"attachmentStep":false}],"attachments":[],"parameters":[],"shouldDisplayMessage":true,"attachmentsCount":0,"stepsCount":15,"hasContent":true,"attachmentStep":false},"afterStages":[{"name":"Sign up::0","time":{"start":1733423843242,"stop":1733423843242,"duration":0},"status":"passed","steps":[],"attachments":[],"parameters":[],"shouldDisplayMessage":false,"attachmentsCount":0,"stepsCount":0,"hasContent":false,"attachmentStep":false},{"name":"page::0","time":{"start":1733423843245,"stop":1733423847761,"duration":4516},"status":"passed","steps":[],"attachments":[],"parameters":[],"shouldDisplayMessage":false,"attachmentsCount":0,"stepsCount":0,"hasContent":false,"attachmentStep":false},{"name":"context::0","time":{"start":1733423847762,"stop":1733423847762,"duration":0},"status":"broken","statusMessage":"TypeError: Tracing.stop() got an unexpected keyword argument 'name'\n","statusTrace":"  File \"/usr/local/lib/python3.12/dist-packages/allure_commons/_allure.py\", line 221, in __call__\n    return self._fixture_function(*args, **kwargs)\n           ^^^^^^^^^^^^^^^^^^^^^^^^^^^^^^^^^^^^^^^\n  File \"/usr/local/lib/python3.12/dist-packages/_pytest/fixtures.py\", line 907, in _teardown_yield_fixture\n    next(it)\n  File \"/app/workspace/conftest.py\", line 27, in context\n    context.tracing.stop(name=f\"artifacts/traces/{request.node.name}.zip\")\n","steps":[],"attachments":[],"parameters":[],"shouldDisplayMessage":true,"attachmentsCount":0,"stepsCount":0,"hasContent":true,"attachmentStep":false},{"name":"Delete user after test::0","time":{"start":1733423847762,"stop":1733423847935,"duration":173},"status":"passed","steps":[],"attachments":[],"parameters":[],"shouldDisplayMessage":false,"attachmentsCount":0,"stepsCount":0,"hasContent":false,"attachmentStep":false},{"name":"Failed test artifacts::0","time":{"start":1733423847936,"stop":1733423847943,"duration":7},"status":"broken","statusMessage":"FileNotFoundError: [Errno 2] No such file or directory: 'artifacts/traces/test_default_sign_up_qr_type[Default-social_media_qr_create-en].zip'\n","statusTrace":"  File \"/usr/local/lib/python3.12/dist-packages/allure_commons/_allure.py\", line 221, in __call__\n    return self._fixture_function(*args, **kwargs)\n           ^^^^^^^^^^^^^^^^^^^^^^^^^^^^^^^^^^^^^^^\n  File \"/usr/local/lib/python3.12/dist-packages/_pytest/fixtures.py\", line 907, in _teardown_yield_fixture\n    next(it)\n  File \"/app/workspace/conftest.py\", line 57, in artifacts\n    allure.attach.file(f\"artifacts/traces/{request.node.name}.zip\", name=\"trace\",\n  File \"/usr/local/lib/python3.12/dist-packages/allure_commons/_allure.py\", line 203, in file\n    plugin_manager.hook.attach_file(source=source, name=name, attachment_type=attachment_type, extension=extension)\n  File \"/usr/local/lib/python3.12/dist-packages/pluggy/_hooks.py\", line 513, in __call__\n    return self._hookexec(self.name, self._hookimpls.copy(), kwargs, firstresult)\n           ^^^^^^^^^^^^^^^^^^^^^^^^^^^^^^^^^^^^^^^^^^^^^^^^^^^^^^^^^^^^^^^^^^^^^^\n  File \"/usr/local/lib/python3.12/dist-packages/pluggy/_manager.py\", line 120, in _hookexec\n    return self._inner_hookexec(hook_name, methods, kwargs, firstresult)\n           ^^^^^^^^^^^^^^^^^^^^^^^^^^^^^^^^^^^^^^^^^^^^^^^^^^^^^^^^^^^^^\n  File \"/usr/local/lib/python3.12/dist-packages/pluggy/_callers.py\", line 139, in _multicall\n    raise exception.with_traceback(exception.__traceback__)\n  File \"/usr/local/lib/python3.12/dist-packages/pluggy/_callers.py\", line 103, in _multicall\n    res = hook_impl.function(*args)\n          ^^^^^^^^^^^^^^^^^^^^^^^^^\n  File \"/usr/local/lib/python3.12/dist-packages/allure_pytest/listener.py\", line 256, in attach_file\n    self.allure_logger.attach_file(uuid4(), source, name=name, attachment_type=attachment_type, extension=extension)\n  File \"/usr/local/lib/python3.12/dist-packages/allure_commons/reporter.py\", line 160, in attach_file\n    plugin_manager.hook.report_attached_file(source=source, file_name=file_name)\n  File \"/usr/local/lib/python3.12/dist-packages/pluggy/_hooks.py\", line 513, in __call__\n    return self._hookexec(self.name, self._hookimpls.copy(), kwargs, firstresult)\n           ^^^^^^^^^^^^^^^^^^^^^^^^^^^^^^^^^^^^^^^^^^^^^^^^^^^^^^^^^^^^^^^^^^^^^^\n  File \"/usr/local/lib/python3.12/dist-packages/pluggy/_manager.py\", line 120, in _hookexec\n    return self._inner_hookexec(hook_name, methods, kwargs, firstresult)\n           ^^^^^^^^^^^^^^^^^^^^^^^^^^^^^^^^^^^^^^^^^^^^^^^^^^^^^^^^^^^^^\n  File \"/usr/local/lib/python3.12/dist-packages/pluggy/_callers.py\", line 139, in _multicall\n    raise exception.with_traceback(exception.__traceback__)\n  File \"/usr/local/lib/python3.12/dist-packages/pluggy/_callers.py\", line 103, in _multicall\n    res = hook_impl.function(*args)\n          ^^^^^^^^^^^^^^^^^^^^^^^^^\n  File \"/usr/local/lib/python3.12/dist-packages/allure_commons/logger.py\", line 39, in report_attached_file\n    shutil.copy2(source, destination)\n  File \"/usr/lib/python3.12/shutil.py\", line 475, in copy2\n    copyfile(src, dst, follow_symlinks=follow_symlinks)\n  File \"/usr/lib/python3.12/shutil.py\", line 260, in copyfile\n    with open(src, 'rb') as fsrc:\n         ^^^^^^^^^^^^^^^\n","steps":[],"attachments":[{"uid":"2cb7cbc6f33c98ff","name":"screenshot","source":"2cb7cbc6f33c98ff.png","type":"image/png","size":105412},{"uid":"930542cbb20e4518","name":"video","source":"930542cbb20e4518.webm","type":"video/webm","size":2816971},{"name":"trace","type":"application/zip","size":0}],"parameters":[],"shouldDisplayMessage":true,"attachmentsCount":3,"stepsCount":0,"hasContent":true,"attachmentStep":false},{"name":"Set up browser: chromium::0","time":{"start":1733423879886,"stop":1733423880040,"duration":154},"status":"passed","steps":[],"attachments":[],"parameters":[],"shouldDisplayMessage":false,"attachmentsCount":0,"stepsCount":0,"hasContent":false,"attachmentStep":false}],"labels":[{"name":"feature","value":"Default sign up flow - chromium - chromium"},{"name":"parentSuite","value":"tests.tests_default_flow"},{"name":"suite","value":"test_default_sign_up_pdf_download_welcome_modal"},{"name":"subSuite","value":"TestDefaultSignUpFlow"},{"name":"host","value":"59a94a246d5c"},{"name":"thread","value":"31-MainThread"},{"name":"framework","value":"pytest"},{"name":"language","value":"cpython3"},{"name":"package","value":"tests.tests_default_flow.test_default_sign_up_pdf_download_welcome_modal"},{"name":"resultFormat","value":"allure2"}],"parameters":[{"name":"language","value":"'en'"},{"name":"qr_create_method","value":"'social_media_qr_create'"},{"name":"resolution","value":"'Default'"}],"links":[],"hidden":false,"retry":false,"extra":{"severity":"normal","retries":[],"categories":[{"name":"Product defects","matchedStatuses":[],"flaky":false}],"history":{"statistic":{"failed":1,"broken":1,"skipped":0,"passed":1,"unknown":0,"total":3},"items":[{"uid":"656c9fc6ef47806a","reportUrl":"https://Bohdan-wtl.github.io/qr-generator/allure-action/main/chromium/12182115020_1733416269211/#testresult/656c9fc6ef47806a","status":"broken","statusDetails":"playwright._impl._errors.TimeoutError: Timeout 30000ms exceeded while waiting for event \"download\"\n=========================== logs ===========================\nwaiting for event \"download\"\n============================================================","time":{"start":1733411090823,"stop":1733411157255,"duration":66432}},{"uid":"ac1a8de1c87335c9","reportUrl":"https://Bohdan-wtl.github.io/qr-generator/allure-action/main/chromium/12178904956_1733409136776/#testresult/ac1a8de1c87335c9","status":"passed","time":{"start":1733399577391,"stop":1733399624852,"duration":47461}}]},"tags":[]},"source":"7f80fdf9e8e9fdf8.json","parameterValues":["'en'","'social_media_qr_create'","'Default'"]}