{"uid":"a69323a6b3f7a01","name":"QR type - chromium","fullName":"tests.tests_dpf_flow.dpf_link_cff_flow.test_cff_sign_up_svg_download_from_welcome_modal.TestCFFSignUpFlow#test_cff_sign_up_website_qr_type","historyId":"e8f67ffebd8f4c51bf0e9a51500f6edd","time":{"start":1733424675515,"stop":1733424721844,"duration":46329},"status":"broken","statusMessage":"playwright._impl._errors.TimeoutError: Locator.click: Timeout 30000ms exceeded.\nCall log:\nwaiting for locator(\".billing-nav .animate-logo\")","statusTrace":"self = <tests.tests_dpf_flow.dpf_link_cff_flow.test_cff_sign_up_svg_download_from_welcome_modal.TestCFFSignUpFlow object at 0x7f6ccb081f40>\nnavigate_to_dpf_page = None, qr_create_method = 'website_qr_create'\nfake_email = 'wtl-automation2836858578542@test.com', resolution = 'Default'\n\n    @allure.title(f\"QR type - {os.getenv('BROWSER')}\")\n    @pytest.mark.parametrize(\"qr_create_method\", [\"website_qr_create\", \"menu_link_qr_create\"])\n    @pytest.mark.parametrize(\"resolution\", resolution_qr_code_images)\n    def test_cff_sign_up_website_qr_type(self, navigate_to_dpf_page, qr_create_method, fake_email, resolution):\n        qr_create_method_func = getattr(self.qr_creation_page, qr_create_method)\n        qr_create_method_func()\n        try:\n            expect(self.qr_creation_page.locator.create_button).to_be_disabled(timeout=5000)\n        except AssertionError: \"The button has not become disabled, continuing the test\"\n        self.qr_creation_page.locator.create_button.is_enabled()\n        self.qr_creation_page.locator.create_button.click()\n        self.qr_creation_page.locator.dpf_form_email_input.fill(fake_email)\n        self.qr_creation_page.locator.dpf_form_submit_button.click()\n>       self.main_page.locator.main_logo_link.click()\n\ntests/tests_dpf_flow/dpf_link_cff_flow/test_cff_sign_up_svg_download_from_welcome_modal.py:46: \n_ _ _ _ _ _ _ _ _ _ _ _ _ _ _ _ _ _ _ _ _ _ _ _ _ _ _ _ _ _ _ _ _ _ _ _ _ _ _ _ \n/usr/local/lib/python3.12/dist-packages/playwright/sync_api/_generated.py:15398: in click\n    self._sync(\n/usr/local/lib/python3.12/dist-packages/playwright/_impl/_locator.py:156: in click\n    return await self._frame.click(self._selector, strict=True, **params)\n/usr/local/lib/python3.12/dist-packages/playwright/_impl/_frame.py:488: in click\n    await self._channel.send(\"click\", locals_to_params(locals()))\n/usr/local/lib/python3.12/dist-packages/playwright/_impl/_connection.py:59: in send\n    return await self._connection.wrap_api_call(\n_ _ _ _ _ _ _ _ _ _ _ _ _ _ _ _ _ _ _ _ _ _ _ _ _ _ _ _ _ _ _ _ _ _ _ _ _ _ _ _ \n\nself = <playwright._impl._connection.Connection object at 0x7f6ccb64f0e0>\ncb = <function Channel.send.<locals>.<lambda> at 0x7f6cca9ea340>\nis_internal = False\n\n    async def wrap_api_call(\n        self, cb: Callable[[], Any], is_internal: bool = False\n    ) -> Any:\n        if self._api_zone.get():\n            return await cb()\n        task = asyncio.current_task(self._loop)\n        st: List[inspect.FrameInfo] = getattr(task, \"__pw_stack__\", inspect.stack())\n        parsed_st = _extract_stack_trace_information_from_stack(st, is_internal)\n        self._api_zone.set(parsed_st)\n        try:\n            return await cb()\n        except Exception as error:\n>           raise rewrite_error(error, f\"{parsed_st['apiName']}: {error}\") from None\nE           playwright._impl._errors.TimeoutError: Locator.click: Timeout 30000ms exceeded.\nE           Call log:\nE           waiting for locator(\".billing-nav .animate-logo\")\n\n/usr/local/lib/python3.12/dist-packages/playwright/_impl/_connection.py:520: TimeoutError","flaky":false,"newFailed":false,"newBroken":false,"newPassed":false,"retriesCount":0,"retriesStatusChange":false,"beforeStages":[{"name":"_verify_url","time":{"start":1733424438343,"stop":1733424438343,"duration":0},"status":"passed","steps":[],"attachments":[],"parameters":[],"shouldDisplayMessage":false,"attachmentsCount":0,"stepsCount":0,"hasContent":false,"attachmentStep":false},{"name":"pytestconfig","time":{"start":1733424438343,"stop":1733424438343,"duration":0},"status":"passed","steps":[],"attachments":[],"parameters":[],"shouldDisplayMessage":false,"attachmentsCount":0,"stepsCount":0,"hasContent":false,"attachmentStep":false},{"name":"_session_faker","time":{"start":1733424438343,"stop":1733424438443,"duration":100},"status":"passed","steps":[],"attachments":[],"parameters":[],"shouldDisplayMessage":false,"attachmentsCount":0,"stepsCount":0,"hasContent":false,"attachmentStep":false},{"name":"delete_output_dir","time":{"start":1733424438343,"stop":1733424438343,"duration":0},"status":"passed","steps":[],"attachments":[],"parameters":[],"shouldDisplayMessage":false,"attachmentsCount":0,"stepsCount":0,"hasContent":false,"attachmentStep":false},{"name":"base_url","time":{"start":1733424438343,"stop":1733424438343,"duration":0},"status":"passed","steps":[],"attachments":[],"parameters":[],"shouldDisplayMessage":false,"attachmentsCount":0,"stepsCount":0,"hasContent":false,"attachmentStep":false},{"name":"Set up browser: chromium","time":{"start":1733424438443,"stop":1733424439234,"duration":791},"status":"passed","steps":[],"attachments":[],"parameters":[],"shouldDisplayMessage":false,"attachmentsCount":0,"stepsCount":0,"hasContent":false,"attachmentStep":false},{"name":"Delete user after test","time":{"start":1733424671393,"stop":1733424671393,"duration":0},"status":"passed","steps":[],"attachments":[],"parameters":[],"shouldDisplayMessage":false,"attachmentsCount":0,"stepsCount":0,"hasContent":false,"attachmentStep":false},{"name":"fake_email","time":{"start":1733424671393,"stop":1733424671393,"duration":0},"status":"passed","steps":[],"attachments":[],"parameters":[],"shouldDisplayMessage":false,"attachmentsCount":0,"stepsCount":0,"hasContent":false,"attachmentStep":false},{"name":"context","time":{"start":1733424671393,"stop":1733424671475,"duration":82},"status":"passed","steps":[],"attachments":[],"parameters":[],"shouldDisplayMessage":false,"attachmentsCount":0,"stepsCount":0,"hasContent":false,"attachmentStep":false},{"name":"Failed test artifacts","time":{"start":1733424671393,"stop":1733424671393,"duration":0},"status":"passed","steps":[],"attachments":[],"parameters":[],"shouldDisplayMessage":false,"attachmentsCount":0,"stepsCount":0,"hasContent":false,"attachmentStep":false},{"name":"page","time":{"start":1733424671475,"stop":1733424671596,"duration":121},"status":"passed","steps":[],"attachments":[],"parameters":[],"shouldDisplayMessage":false,"attachmentsCount":0,"stepsCount":0,"hasContent":false,"attachmentStep":false},{"name":"Navigate to DPF funnel","time":{"start":1733424671596,"stop":1733424675514,"duration":3918},"status":"passed","steps":[],"attachments":[],"parameters":[],"shouldDisplayMessage":false,"attachmentsCount":0,"stepsCount":0,"hasContent":false,"attachmentStep":false},{"name":"setup","time":{"start":1733424671596,"stop":1733424671596,"duration":0},"status":"passed","steps":[],"attachments":[],"parameters":[],"shouldDisplayMessage":false,"attachmentsCount":0,"stepsCount":0,"hasContent":false,"attachmentStep":false}],"testStage":{"status":"broken","statusMessage":"playwright._impl._errors.TimeoutError: Locator.click: Timeout 30000ms exceeded.\nCall log:\nwaiting for locator(\".billing-nav .animate-logo\")","statusTrace":"self = <tests.tests_dpf_flow.dpf_link_cff_flow.test_cff_sign_up_svg_download_from_welcome_modal.TestCFFSignUpFlow object at 0x7f6ccb081f40>\nnavigate_to_dpf_page = None, qr_create_method = 'website_qr_create'\nfake_email = 'wtl-automation2836858578542@test.com', resolution = 'Default'\n\n    @allure.title(f\"QR type - {os.getenv('BROWSER')}\")\n    @pytest.mark.parametrize(\"qr_create_method\", [\"website_qr_create\", \"menu_link_qr_create\"])\n    @pytest.mark.parametrize(\"resolution\", resolution_qr_code_images)\n    def test_cff_sign_up_website_qr_type(self, navigate_to_dpf_page, qr_create_method, fake_email, resolution):\n        qr_create_method_func = getattr(self.qr_creation_page, qr_create_method)\n        qr_create_method_func()\n        try:\n            expect(self.qr_creation_page.locator.create_button).to_be_disabled(timeout=5000)\n        except AssertionError: \"The button has not become disabled, continuing the test\"\n        self.qr_creation_page.locator.create_button.is_enabled()\n        self.qr_creation_page.locator.create_button.click()\n        self.qr_creation_page.locator.dpf_form_email_input.fill(fake_email)\n        self.qr_creation_page.locator.dpf_form_submit_button.click()\n>       self.main_page.locator.main_logo_link.click()\n\ntests/tests_dpf_flow/dpf_link_cff_flow/test_cff_sign_up_svg_download_from_welcome_modal.py:46: \n_ _ _ _ _ _ _ _ _ _ _ _ _ _ _ _ _ _ _ _ _ _ _ _ _ _ _ _ _ _ _ _ _ _ _ _ _ _ _ _ \n/usr/local/lib/python3.12/dist-packages/playwright/sync_api/_generated.py:15398: in click\n    self._sync(\n/usr/local/lib/python3.12/dist-packages/playwright/_impl/_locator.py:156: in click\n    return await self._frame.click(self._selector, strict=True, **params)\n/usr/local/lib/python3.12/dist-packages/playwright/_impl/_frame.py:488: in click\n    await self._channel.send(\"click\", locals_to_params(locals()))\n/usr/local/lib/python3.12/dist-packages/playwright/_impl/_connection.py:59: in send\n    return await self._connection.wrap_api_call(\n_ _ _ _ _ _ _ _ _ _ _ _ _ _ _ _ _ _ _ _ _ _ _ _ _ _ _ _ _ _ _ _ _ _ _ _ _ _ _ _ \n\nself = <playwright._impl._connection.Connection object at 0x7f6ccb64f0e0>\ncb = <function Channel.send.<locals>.<lambda> at 0x7f6cca9ea340>\nis_internal = False\n\n    async def wrap_api_call(\n        self, cb: Callable[[], Any], is_internal: bool = False\n    ) -> Any:\n        if self._api_zone.get():\n            return await cb()\n        task = asyncio.current_task(self._loop)\n        st: List[inspect.FrameInfo] = getattr(task, \"__pw_stack__\", inspect.stack())\n        parsed_st = _extract_stack_trace_information_from_stack(st, is_internal)\n        self._api_zone.set(parsed_st)\n        try:\n            return await cb()\n        except Exception as error:\n>           raise rewrite_error(error, f\"{parsed_st['apiName']}: {error}\") from None\nE           playwright._impl._errors.TimeoutError: Locator.click: Timeout 30000ms exceeded.\nE           Call log:\nE           waiting for locator(\".billing-nav .animate-logo\")\n\n/usr/local/lib/python3.12/dist-packages/playwright/_impl/_connection.py:520: TimeoutError","steps":[{"name":"Create Webiste QR code","time":{"start":1733424675655,"stop":1733424688631,"duration":12976},"status":"passed","steps":[{"name":"Set QR code name","time":{"start":1733424677344,"stop":1733424677688,"duration":344},"status":"passed","steps":[],"attachments":[],"parameters":[{"name":"qr_code_type","value":"'Website'"}],"shouldDisplayMessage":false,"attachmentsCount":0,"stepsCount":0,"hasContent":true,"attachmentStep":false},{"name":"Close help modal window step 3","time":{"start":1733424678131,"stop":1733424679427,"duration":1296},"status":"passed","steps":[],"attachments":[],"parameters":[],"shouldDisplayMessage":false,"attachmentsCount":0,"stepsCount":0,"hasContent":false,"attachmentStep":false},{"name":"Select qr frame on step 3","time":{"start":1733424679427,"stop":1733424681463,"duration":2036},"status":"passed","steps":[],"attachments":[],"parameters":[],"shouldDisplayMessage":false,"attachmentsCount":0,"stepsCount":0,"hasContent":false,"attachmentStep":false},{"name":"Select QR cornets on step 3","time":{"start":1733424683330,"stop":1733424686717,"duration":3387},"status":"passed","steps":[],"attachments":[],"parameters":[],"shouldDisplayMessage":false,"attachmentsCount":0,"stepsCount":0,"hasContent":false,"attachmentStep":false},{"name":"Set file","time":{"start":1733424687835,"stop":1733424688631,"duration":796},"status":"passed","steps":[{"name":"Generate file","time":{"start":1733424687835,"stop":1733424688574,"duration":739},"status":"passed","steps":[],"attachments":[],"parameters":[{"name":"file_type","value":"'image'"}],"shouldDisplayMessage":false,"attachmentsCount":0,"stepsCount":0,"hasContent":true,"attachmentStep":false}],"attachments":[],"parameters":[{"name":"selector","value":"<Locator frame=<Frame name= url='https://oqg-staging.test-qr.com/qr?step=3&qr_onboarding=active_nsf'> selector=\"//input[@id='qr_code_logo']\">"},{"name":"file_type","value":"'image'"}],"shouldDisplayMessage":false,"attachmentsCount":0,"stepsCount":1,"hasContent":true,"attachmentStep":false}],"attachments":[],"parameters":[],"shouldDisplayMessage":false,"attachmentsCount":0,"stepsCount":6,"hasContent":true,"attachmentStep":false}],"attachments":[],"parameters":[],"shouldDisplayMessage":true,"attachmentsCount":0,"stepsCount":7,"hasContent":true,"attachmentStep":false},"afterStages":[{"name":"page::0","time":{"start":1733424721974,"stop":1733424724225,"duration":2251},"status":"passed","steps":[],"attachments":[],"parameters":[],"shouldDisplayMessage":false,"attachmentsCount":0,"stepsCount":0,"hasContent":false,"attachmentStep":false},{"name":"context::0","time":{"start":1733424724225,"stop":1733424724226,"duration":1},"status":"broken","statusMessage":"TypeError: Tracing.stop() got an unexpected keyword argument 'name'\n","statusTrace":"  File \"/usr/local/lib/python3.12/dist-packages/allure_commons/_allure.py\", line 221, in __call__\n    return self._fixture_function(*args, **kwargs)\n           ^^^^^^^^^^^^^^^^^^^^^^^^^^^^^^^^^^^^^^^\n  File \"/usr/local/lib/python3.12/dist-packages/_pytest/fixtures.py\", line 907, in _teardown_yield_fixture\n    next(it)\n  File \"/app/workspace/conftest.py\", line 27, in context\n    context.tracing.stop(name=f\"artifacts/traces/{request.node.name}.zip\")\n","steps":[],"attachments":[],"parameters":[],"shouldDisplayMessage":true,"attachmentsCount":0,"stepsCount":0,"hasContent":true,"attachmentStep":false},{"name":"Delete user after test::0","time":{"start":1733424724226,"stop":1733424724479,"duration":253},"status":"passed","steps":[],"attachments":[],"parameters":[],"shouldDisplayMessage":false,"attachmentsCount":0,"stepsCount":0,"hasContent":false,"attachmentStep":false},{"name":"Failed test artifacts::0","time":{"start":1733424724480,"stop":1733424724484,"duration":4},"status":"broken","statusMessage":"FileNotFoundError: [Errno 2] No such file or directory: 'artifacts/traces/test_cff_sign_up_website_qr_type[Default-website_qr_create-en].zip'\n","statusTrace":"  File \"/usr/local/lib/python3.12/dist-packages/allure_commons/_allure.py\", line 221, in __call__\n    return self._fixture_function(*args, **kwargs)\n           ^^^^^^^^^^^^^^^^^^^^^^^^^^^^^^^^^^^^^^^\n  File \"/usr/local/lib/python3.12/dist-packages/_pytest/fixtures.py\", line 907, in _teardown_yield_fixture\n    next(it)\n  File \"/app/workspace/conftest.py\", line 57, in artifacts\n    allure.attach.file(f\"artifacts/traces/{request.node.name}.zip\", name=\"trace\",\n  File \"/usr/local/lib/python3.12/dist-packages/allure_commons/_allure.py\", line 203, in file\n    plugin_manager.hook.attach_file(source=source, name=name, attachment_type=attachment_type, extension=extension)\n  File \"/usr/local/lib/python3.12/dist-packages/pluggy/_hooks.py\", line 513, in __call__\n    return self._hookexec(self.name, self._hookimpls.copy(), kwargs, firstresult)\n           ^^^^^^^^^^^^^^^^^^^^^^^^^^^^^^^^^^^^^^^^^^^^^^^^^^^^^^^^^^^^^^^^^^^^^^\n  File \"/usr/local/lib/python3.12/dist-packages/pluggy/_manager.py\", line 120, in _hookexec\n    return self._inner_hookexec(hook_name, methods, kwargs, firstresult)\n           ^^^^^^^^^^^^^^^^^^^^^^^^^^^^^^^^^^^^^^^^^^^^^^^^^^^^^^^^^^^^^\n  File \"/usr/local/lib/python3.12/dist-packages/pluggy/_callers.py\", line 139, in _multicall\n    raise exception.with_traceback(exception.__traceback__)\n  File \"/usr/local/lib/python3.12/dist-packages/pluggy/_callers.py\", line 103, in _multicall\n    res = hook_impl.function(*args)\n          ^^^^^^^^^^^^^^^^^^^^^^^^^\n  File \"/usr/local/lib/python3.12/dist-packages/allure_pytest/listener.py\", line 256, in attach_file\n    self.allure_logger.attach_file(uuid4(), source, name=name, attachment_type=attachment_type, extension=extension)\n  File \"/usr/local/lib/python3.12/dist-packages/allure_commons/reporter.py\", line 160, in attach_file\n    plugin_manager.hook.report_attached_file(source=source, file_name=file_name)\n  File \"/usr/local/lib/python3.12/dist-packages/pluggy/_hooks.py\", line 513, in __call__\n    return self._hookexec(self.name, self._hookimpls.copy(), kwargs, firstresult)\n           ^^^^^^^^^^^^^^^^^^^^^^^^^^^^^^^^^^^^^^^^^^^^^^^^^^^^^^^^^^^^^^^^^^^^^^\n  File \"/usr/local/lib/python3.12/dist-packages/pluggy/_manager.py\", line 120, in _hookexec\n    return self._inner_hookexec(hook_name, methods, kwargs, firstresult)\n           ^^^^^^^^^^^^^^^^^^^^^^^^^^^^^^^^^^^^^^^^^^^^^^^^^^^^^^^^^^^^^\n  File \"/usr/local/lib/python3.12/dist-packages/pluggy/_callers.py\", line 139, in _multicall\n    raise exception.with_traceback(exception.__traceback__)\n  File \"/usr/local/lib/python3.12/dist-packages/pluggy/_callers.py\", line 103, in _multicall\n    res = hook_impl.function(*args)\n          ^^^^^^^^^^^^^^^^^^^^^^^^^\n  File \"/usr/local/lib/python3.12/dist-packages/allure_commons/logger.py\", line 39, in report_attached_file\n    shutil.copy2(source, destination)\n  File \"/usr/lib/python3.12/shutil.py\", line 475, in copy2\n    copyfile(src, dst, follow_symlinks=follow_symlinks)\n  File \"/usr/lib/python3.12/shutil.py\", line 260, in copyfile\n    with open(src, 'rb') as fsrc:\n         ^^^^^^^^^^^^^^^\n","steps":[],"attachments":[{"uid":"9b7c2caa920d7cf1","name":"screenshot","source":"9b7c2caa920d7cf1.png","type":"image/png","size":142045},{"uid":"bfaf8a7188733e67","name":"video","source":"bfaf8a7188733e67.webm","type":"video/webm","size":2553482},{"name":"trace","type":"application/zip","size":0}],"parameters":[],"shouldDisplayMessage":true,"attachmentsCount":3,"stepsCount":0,"hasContent":true,"attachmentStep":false},{"name":"Set up browser: chromium::0","time":{"start":1733424724485,"stop":1733424724604,"duration":119},"status":"passed","steps":[],"attachments":[],"parameters":[],"shouldDisplayMessage":false,"attachmentsCount":0,"stepsCount":0,"hasContent":false,"attachmentStep":false}],"labels":[{"name":"feature","value":"CFF sign up flow - chromium"},{"name":"parentSuite","value":"tests.tests_dpf_flow.dpf_link_cff_flow"},{"name":"suite","value":"test_cff_sign_up_svg_download_from_welcome_modal"},{"name":"subSuite","value":"TestCFFSignUpFlow"},{"name":"host","value":"9f7856a4ab55"},{"name":"thread","value":"25-MainThread"},{"name":"framework","value":"pytest"},{"name":"language","value":"cpython3"},{"name":"package","value":"tests.tests_dpf_flow.dpf_link_cff_flow.test_cff_sign_up_svg_download_from_welcome_modal"},{"name":"resultFormat","value":"allure2"}],"parameters":[{"name":"language","value":"'en'"},{"name":"qr_create_method","value":"'website_qr_create'"},{"name":"resolution","value":"'Default'"}],"links":[],"hidden":false,"retry":false,"extra":{"severity":"normal","retries":[],"categories":[{"name":"Test defects","matchedStatuses":[],"flaky":false}],"history":{"statistic":{"failed":0,"broken":2,"skipped":0,"passed":0,"unknown":0,"total":2},"items":[{"uid":"a4b646091fd7c10d","reportUrl":"https://Bohdan-wtl.github.io/qr-generator/allure-action/main/chromium/12182115020_1733416269211/#testresult/a4b646091fd7c10d","status":"broken","statusDetails":"playwright._impl._errors.TimeoutError: Locator.click: Timeout 30000ms exceeded.\nCall log:\nwaiting for locator(\".billing-nav .animate-logo\")","time":{"start":1733414259929,"stop":1733414301597,"duration":41668}}]},"tags":[]},"source":"a69323a6b3f7a01.json","parameterValues":["'en'","'website_qr_create'","'Default'"]}