{"uid":"4f630c1e7afc4bd5","name":"test_default_sign_up_website_qr_type[A1-website_qr_create-da]","fullName":"tests.tests_default_flow.test_default_sign_up_pdf_download_welcome_modal.TestDefaultSignUpFlow#test_default_sign_up_website_qr_type","historyId":"3491f94fc6604d7925b095526f7830d2","time":{"start":1734449412727,"stop":1734449466649,"duration":53922},"status":"broken","statusMessage":"playwright._impl._errors.TimeoutError: Timeout 30000ms exceeded while waiting for event \"download\"\n=========================== logs ===========================\nwaiting for event \"download\"\n============================================================","statusTrace":"self = <tests.tests_default_flow.test_default_sign_up_pdf_download_welcome_modal.TestDefaultSignUpFlow object at 0x7f0c580a0c20>\nsign_up_fixture = None, qr_create_method = 'website_qr_create'\nfake_email = 'wtl-automation7082915744150@test.com', resolution = 'A1'\n\n    @pytest.mark.parametrize(\"qr_create_method\", [\"website_qr_create\", \"menu_link_qr_create\"])\n    @pytest.mark.parametrize(\"resolution\", resolution_qr_code_pdf)\n    def test_default_sign_up_website_qr_type(self, sign_up_fixture, qr_create_method, fake_email, resolution):\n        qr_create_method_func = getattr(self.qr_creation_page, qr_create_method)\n        qr_create_method_func()\n        try:\n            expect(self.qr_creation_page.locator.create_button).to_be_disabled(timeout=5000)\n        except AssertionError:\n            \"The button has not become disabled, continuing the test\"\n        self.qr_creation_page.locator.create_button.is_enabled()\n        self.qr_creation_page.locator.create_button.click()\n        self.my_qr_codes_page.expect(self.my_qr_codes_page.locator.sign_up_success_image).to_be_enabled(timeout=30000)\n>       self.my_qr_codes_page.download_parametrize_files(pdf_download_format, resolution)\n\ntests/tests_default_flow/test_default_sign_up_pdf_download_welcome_modal.py:42: \n_ _ _ _ _ _ _ _ _ _ _ _ _ _ _ _ _ _ _ _ _ _ _ _ _ _ _ _ _ _ _ _ _ _ _ _ _ _ _ _ \npages/my_qr_codes_page.py:35: in download_parametrize_files\n    with self.page.expect_download() as download_info:\n/usr/local/lib/python3.12/dist-packages/playwright/_impl/_sync_base.py:85: in __exit__\n    self._event.value\n_ _ _ _ _ _ _ _ _ _ _ _ _ _ _ _ _ _ _ _ _ _ _ _ _ _ _ _ _ _ _ _ _ _ _ _ _ _ _ _ \n\nself = <playwright._impl._sync_base.EventInfo object at 0x7f0c55f11550>\n\n    @property\n    def value(self) -> T:\n        while not self._future.done():\n            self._sync_base._dispatcher_fiber.switch()\n        asyncio._set_running_loop(self._sync_base._loop)\n        exception = self._future.exception()\n        if exception:\n>           raise exception\nE           playwright._impl._errors.TimeoutError: Timeout 30000ms exceeded while waiting for event \"download\"\nE           =========================== logs ===========================\nE           waiting for event \"download\"\nE           ============================================================\n\n/usr/local/lib/python3.12/dist-packages/playwright/_impl/_sync_base.py:59: TimeoutError","flaky":false,"newFailed":false,"newBroken":false,"newPassed":false,"retriesCount":0,"retriesStatusChange":false,"beforeStages":[{"name":"_session_faker","time":{"start":1734446304410,"stop":1734446304513,"duration":103},"status":"passed","steps":[],"attachments":[],"parameters":[],"shouldDisplayMessage":false,"attachmentsCount":0,"stepsCount":0,"hasContent":false,"attachmentStep":false},{"name":"_verify_url","time":{"start":1734446304514,"stop":1734446304514,"duration":0},"status":"passed","steps":[],"attachments":[],"parameters":[],"shouldDisplayMessage":false,"attachmentsCount":0,"stepsCount":0,"hasContent":false,"attachmentStep":false},{"name":"pytestconfig","time":{"start":1734446304514,"stop":1734446304514,"duration":0},"status":"passed","steps":[],"attachments":[],"parameters":[],"shouldDisplayMessage":false,"attachmentsCount":0,"stepsCount":0,"hasContent":false,"attachmentStep":false},{"name":"delete_output_dir","time":{"start":1734446304514,"stop":1734446304514,"duration":0},"status":"passed","steps":[],"attachments":[],"parameters":[],"shouldDisplayMessage":false,"attachmentsCount":0,"stepsCount":0,"hasContent":false,"attachmentStep":false},{"name":"base_url","time":{"start":1734446304514,"stop":1734446304514,"duration":0},"status":"passed","steps":[],"attachments":[],"parameters":[],"shouldDisplayMessage":false,"attachmentsCount":0,"stepsCount":0,"hasContent":false,"attachmentStep":false},{"name":"Set up browser: chromium","time":{"start":1734446304514,"stop":1734446305590,"duration":1076},"status":"passed","steps":[],"attachments":[],"parameters":[],"shouldDisplayMessage":false,"attachmentsCount":0,"stepsCount":0,"hasContent":false,"attachmentStep":false},{"name":"Failed test artifacts","time":{"start":1734449411463,"stop":1734449411464,"duration":1},"status":"passed","steps":[],"attachments":[],"parameters":[],"shouldDisplayMessage":false,"attachmentsCount":0,"stepsCount":0,"hasContent":false,"attachmentStep":false},{"name":"fake_email","time":{"start":1734449411464,"stop":1734449411464,"duration":0},"status":"passed","steps":[],"attachments":[],"parameters":[],"shouldDisplayMessage":false,"attachmentsCount":0,"stepsCount":0,"hasContent":false,"attachmentStep":false},{"name":"Delete user after test","time":{"start":1734449411464,"stop":1734449411464,"duration":0},"status":"passed","steps":[],"attachments":[],"parameters":[],"shouldDisplayMessage":false,"attachmentsCount":0,"stepsCount":0,"hasContent":false,"attachmentStep":false},{"name":"context","time":{"start":1734449411464,"stop":1734449411478,"duration":14},"status":"passed","steps":[],"attachments":[],"parameters":[],"shouldDisplayMessage":false,"attachmentsCount":0,"stepsCount":0,"hasContent":false,"attachmentStep":false},{"name":"page","time":{"start":1734449411478,"stop":1734449411560,"duration":82},"status":"passed","steps":[],"attachments":[],"parameters":[],"shouldDisplayMessage":false,"attachmentsCount":0,"stepsCount":0,"hasContent":false,"attachmentStep":false},{"name":"Sign up","time":{"start":1734449411560,"stop":1734449412726,"duration":1166},"status":"passed","steps":[{"name":"Sign up","time":{"start":1734449412338,"stop":1734449412726,"duration":388},"status":"passed","steps":[],"attachments":[],"parameters":[{"name":"temporary_mail","value":"'wtl-automation7082915744150@test.com'"},{"name":"signup_password","value":"'wtl-automation7082915744150@test.com'"}],"shouldDisplayMessage":false,"attachmentsCount":0,"stepsCount":0,"hasContent":true,"attachmentStep":false}],"attachments":[],"parameters":[],"shouldDisplayMessage":false,"attachmentsCount":0,"stepsCount":1,"hasContent":true,"attachmentStep":false},{"name":"setup","time":{"start":1734449411560,"stop":1734449411560,"duration":0},"status":"passed","steps":[],"attachments":[],"parameters":[],"shouldDisplayMessage":false,"attachmentsCount":0,"stepsCount":0,"hasContent":false,"attachmentStep":false}],"testStage":{"status":"broken","statusMessage":"playwright._impl._errors.TimeoutError: Timeout 30000ms exceeded while waiting for event \"download\"\n=========================== logs ===========================\nwaiting for event \"download\"\n============================================================","statusTrace":"self = <tests.tests_default_flow.test_default_sign_up_pdf_download_welcome_modal.TestDefaultSignUpFlow object at 0x7f0c580a0c20>\nsign_up_fixture = None, qr_create_method = 'website_qr_create'\nfake_email = 'wtl-automation7082915744150@test.com', resolution = 'A1'\n\n    @pytest.mark.parametrize(\"qr_create_method\", [\"website_qr_create\", \"menu_link_qr_create\"])\n    @pytest.mark.parametrize(\"resolution\", resolution_qr_code_pdf)\n    def test_default_sign_up_website_qr_type(self, sign_up_fixture, qr_create_method, fake_email, resolution):\n        qr_create_method_func = getattr(self.qr_creation_page, qr_create_method)\n        qr_create_method_func()\n        try:\n            expect(self.qr_creation_page.locator.create_button).to_be_disabled(timeout=5000)\n        except AssertionError:\n            \"The button has not become disabled, continuing the test\"\n        self.qr_creation_page.locator.create_button.is_enabled()\n        self.qr_creation_page.locator.create_button.click()\n        self.my_qr_codes_page.expect(self.my_qr_codes_page.locator.sign_up_success_image).to_be_enabled(timeout=30000)\n>       self.my_qr_codes_page.download_parametrize_files(pdf_download_format, resolution)\n\ntests/tests_default_flow/test_default_sign_up_pdf_download_welcome_modal.py:42: \n_ _ _ _ _ _ _ _ _ _ _ _ _ _ _ _ _ _ _ _ _ _ _ _ _ _ _ _ _ _ _ _ _ _ _ _ _ _ _ _ \npages/my_qr_codes_page.py:35: in download_parametrize_files\n    with self.page.expect_download() as download_info:\n/usr/local/lib/python3.12/dist-packages/playwright/_impl/_sync_base.py:85: in __exit__\n    self._event.value\n_ _ _ _ _ _ _ _ _ _ _ _ _ _ _ _ _ _ _ _ _ _ _ _ _ _ _ _ _ _ _ _ _ _ _ _ _ _ _ _ \n\nself = <playwright._impl._sync_base.EventInfo object at 0x7f0c55f11550>\n\n    @property\n    def value(self) -> T:\n        while not self._future.done():\n            self._sync_base._dispatcher_fiber.switch()\n        asyncio._set_running_loop(self._sync_base._loop)\n        exception = self._future.exception()\n        if exception:\n>           raise exception\nE           playwright._impl._errors.TimeoutError: Timeout 30000ms exceeded while waiting for event \"download\"\nE           =========================== logs ===========================\nE           waiting for event \"download\"\nE           ============================================================\n\n/usr/local/lib/python3.12/dist-packages/playwright/_impl/_sync_base.py:59: TimeoutError","steps":[{"name":"Create Webiste QR code","time":{"start":1734449412805,"stop":1734449432047,"duration":19242},"status":"passed","steps":[{"name":"Set QR code name","time":{"start":1734449420300,"stop":1734449420699,"duration":399},"status":"passed","steps":[],"attachments":[],"parameters":[{"name":"qr_code_type","value":"'Website'"}],"shouldDisplayMessage":false,"attachmentsCount":0,"stepsCount":0,"hasContent":true,"attachmentStep":false},{"name":"Close help modal window step 3","time":{"start":1734449421019,"stop":1734449422391,"duration":1372},"status":"passed","steps":[],"attachments":[],"parameters":[],"shouldDisplayMessage":false,"attachmentsCount":0,"stepsCount":0,"hasContent":false,"attachmentStep":false},{"name":"Select qr frame on step 3","time":{"start":1734449422391,"stop":1734449424770,"duration":2379},"status":"passed","steps":[],"attachments":[],"parameters":[],"shouldDisplayMessage":false,"attachmentsCount":0,"stepsCount":0,"hasContent":false,"attachmentStep":false},{"name":"Select QR cornets on step 3","time":{"start":1734449427484,"stop":1734449430643,"duration":3159},"status":"passed","steps":[],"attachments":[],"parameters":[],"shouldDisplayMessage":false,"attachmentsCount":0,"stepsCount":0,"hasContent":false,"attachmentStep":false},{"name":"Set file","time":{"start":1734449430876,"stop":1734449432047,"duration":1171},"status":"passed","steps":[{"name":"Generate file","time":{"start":1734449430876,"stop":1734449431973,"duration":1097},"status":"passed","steps":[],"attachments":[],"parameters":[{"name":"file_type","value":"'image'"}],"shouldDisplayMessage":false,"attachmentsCount":0,"stepsCount":0,"hasContent":true,"attachmentStep":false}],"attachments":[],"parameters":[{"name":"selector","value":"<Locator frame=<Frame name= url='https://oqg-staging.test-qr.com/qr?step=3&qr_onboarding=active'> selector=\"//input[@id='qr_code_logo']\">"},{"name":"file_type","value":"'image'"}],"shouldDisplayMessage":false,"attachmentsCount":0,"stepsCount":1,"hasContent":true,"attachmentStep":false}],"attachments":[],"parameters":[],"shouldDisplayMessage":false,"attachmentsCount":0,"stepsCount":6,"hasContent":true,"attachmentStep":false},{"name":"Download QR code with parameters","time":{"start":1734449435708,"stop":1734449466642,"duration":30934},"status":"broken","statusMessage":"playwright._impl._errors.TimeoutError: Timeout 30000ms exceeded while waiting for event \"download\"\n=========================== logs ===========================\nwaiting for event \"download\"\n============================================================\n","statusTrace":"  File \"/usr/local/lib/python3.12/dist-packages/allure_commons/_allure.py\", line 192, in impl\n    return func(*a, **kw)\n           ^^^^^^^^^^^^^^\n  File \"/app/workspace/pages/my_qr_codes_page.py\", line 35, in download_parametrize_files\n    with self.page.expect_download() as download_info:\n  File \"/usr/local/lib/python3.12/dist-packages/playwright/_impl/_sync_base.py\", line 85, in __exit__\n    self._event.value\n  File \"/usr/local/lib/python3.12/dist-packages/playwright/_impl/_sync_base.py\", line 59, in value\n    raise exception\n","steps":[],"attachments":[],"parameters":[{"name":"file_format","value":"'PDF'"},{"name":"resolution","value":"'A1'"}],"shouldDisplayMessage":true,"attachmentsCount":0,"stepsCount":0,"hasContent":true,"attachmentStep":false}],"attachments":[],"parameters":[],"shouldDisplayMessage":true,"attachmentsCount":0,"stepsCount":8,"hasContent":true,"attachmentStep":false},"afterStages":[{"name":"Sign up::0","time":{"start":1734449466662,"stop":1734449466663,"duration":1},"status":"passed","steps":[],"attachments":[],"parameters":[],"shouldDisplayMessage":false,"attachmentsCount":0,"stepsCount":0,"hasContent":false,"attachmentStep":false},{"name":"page::0","time":{"start":1734449466663,"stop":1734449471829,"duration":5166},"status":"passed","steps":[],"attachments":[],"parameters":[],"shouldDisplayMessage":false,"attachmentsCount":0,"stepsCount":0,"hasContent":false,"attachmentStep":false},{"name":"context::0","time":{"start":1734449471830,"stop":1734449471863,"duration":33},"status":"passed","steps":[],"attachments":[],"parameters":[],"shouldDisplayMessage":false,"attachmentsCount":0,"stepsCount":0,"hasContent":false,"attachmentStep":false},{"name":"Delete user after test::0","time":{"start":1734449471863,"stop":1734449472024,"duration":161},"status":"passed","steps":[],"attachments":[],"parameters":[],"shouldDisplayMessage":false,"attachmentsCount":0,"stepsCount":0,"hasContent":false,"attachmentStep":false},{"name":"Failed test artifacts::0","time":{"start":1734449472025,"stop":1734449472033,"duration":8},"status":"passed","steps":[],"attachments":[{"uid":"93f6d39c732769ca","name":"screenshot","source":"93f6d39c732769ca.png","type":"image/png","size":8391},{"uid":"ae3c6853a965458","name":"video","source":"ae3c6853a965458.webm","type":"video/webm","size":1995723}],"parameters":[],"shouldDisplayMessage":false,"attachmentsCount":2,"stepsCount":0,"hasContent":true,"attachmentStep":false},{"name":"Set up browser: chromium::0","time":{"start":1734449503941,"stop":1734449504076,"duration":135},"status":"passed","steps":[],"attachments":[],"parameters":[],"shouldDisplayMessage":false,"attachmentsCount":0,"stepsCount":0,"hasContent":false,"attachmentStep":false}],"labels":[{"name":"feature","value":"Default sign up flow - chromium - chromium"},{"name":"parentSuite","value":"tests.tests_default_flow"},{"name":"suite","value":"test_default_sign_up_pdf_download_welcome_modal"},{"name":"subSuite","value":"TestDefaultSignUpFlow"},{"name":"host","value":"91e9aa9c5e62"},{"name":"thread","value":"25-MainThread"},{"name":"framework","value":"pytest"},{"name":"language","value":"cpython3"},{"name":"package","value":"tests.tests_default_flow.test_default_sign_up_pdf_download_welcome_modal"},{"name":"resultFormat","value":"allure2"}],"parameters":[{"name":"language","value":"'da'"},{"name":"qr_create_method","value":"'website_qr_create'"},{"name":"resolution","value":"'A1'"}],"links":[],"hidden":false,"retry":false,"extra":{"severity":"normal","retries":[],"categories":[{"name":"Test defects","matchedStatuses":[],"flaky":false}],"tags":[]},"source":"4f630c1e7afc4bd5.json","parameterValues":["'da'","'website_qr_create'","'A1'"]}