{"uid":"d5b710c028bb9c62","name":"test_default_sign_up_website_qr_type[A3-menu_link_qr_create-de]","fullName":"tests.tests_default_flow.test_default_sign_up_pdf_download_welcome_modal.TestDefaultSignUpFlow#test_default_sign_up_website_qr_type","historyId":"9908c49dd1fe3982680ab386f2bc5585","time":{"start":1734449357520,"stop":1734449414025,"duration":56505},"status":"broken","statusMessage":"playwright._impl._errors.TimeoutError: Timeout 30000ms exceeded while waiting for event \"download\"\n=========================== logs ===========================\nwaiting for event \"download\"\n============================================================","statusTrace":"self = <tests.tests_default_flow.test_default_sign_up_pdf_download_welcome_modal.TestDefaultSignUpFlow object at 0x7f6fec364680>\nsign_up_fixture = None, qr_create_method = 'menu_link_qr_create'\nfake_email = 'wtl-automation5587412475172@test.com', resolution = 'A3'\n\n    @pytest.mark.parametrize(\"qr_create_method\", [\"website_qr_create\", \"menu_link_qr_create\"])\n    @pytest.mark.parametrize(\"resolution\", resolution_qr_code_pdf)\n    def test_default_sign_up_website_qr_type(self, sign_up_fixture, qr_create_method, fake_email, resolution):\n        qr_create_method_func = getattr(self.qr_creation_page, qr_create_method)\n        qr_create_method_func()\n        try:\n            expect(self.qr_creation_page.locator.create_button).to_be_disabled(timeout=5000)\n        except AssertionError:\n            \"The button has not become disabled, continuing the test\"\n        self.qr_creation_page.locator.create_button.is_enabled()\n        self.qr_creation_page.locator.create_button.click()\n        self.my_qr_codes_page.expect(self.my_qr_codes_page.locator.sign_up_success_image).to_be_enabled(timeout=30000)\n>       self.my_qr_codes_page.download_parametrize_files(pdf_download_format, resolution)\n\ntests/tests_default_flow/test_default_sign_up_pdf_download_welcome_modal.py:42: \n_ _ _ _ _ _ _ _ _ _ _ _ _ _ _ _ _ _ _ _ _ _ _ _ _ _ _ _ _ _ _ _ _ _ _ _ _ _ _ _ \npages/my_qr_codes_page.py:35: in download_parametrize_files\n    with self.page.expect_download() as download_info:\n/usr/local/lib/python3.12/dist-packages/playwright/_impl/_sync_base.py:85: in __exit__\n    self._event.value\n_ _ _ _ _ _ _ _ _ _ _ _ _ _ _ _ _ _ _ _ _ _ _ _ _ _ _ _ _ _ _ _ _ _ _ _ _ _ _ _ \n\nself = <playwright._impl._sync_base.EventInfo object at 0x7f6fea0e18e0>\n\n    @property\n    def value(self) -> T:\n        while not self._future.done():\n            self._sync_base._dispatcher_fiber.switch()\n        asyncio._set_running_loop(self._sync_base._loop)\n        exception = self._future.exception()\n        if exception:\n>           raise exception\nE           playwright._impl._errors.TimeoutError: Timeout 30000ms exceeded while waiting for event \"download\"\nE           =========================== logs ===========================\nE           waiting for event \"download\"\nE           ============================================================\n\n/usr/local/lib/python3.12/dist-packages/playwright/_impl/_sync_base.py:59: TimeoutError","flaky":false,"newFailed":false,"newBroken":false,"newPassed":false,"retriesCount":0,"retriesStatusChange":false,"beforeStages":[{"name":"_session_faker","time":{"start":1734446304410,"stop":1734446304514,"duration":104},"status":"passed","steps":[],"attachments":[],"parameters":[],"shouldDisplayMessage":false,"attachmentsCount":0,"stepsCount":0,"hasContent":false,"attachmentStep":false},{"name":"pytestconfig","time":{"start":1734446304514,"stop":1734446304514,"duration":0},"status":"passed","steps":[],"attachments":[],"parameters":[],"shouldDisplayMessage":false,"attachmentsCount":0,"stepsCount":0,"hasContent":false,"attachmentStep":false},{"name":"base_url","time":{"start":1734446304514,"stop":1734446304514,"duration":0},"status":"passed","steps":[],"attachments":[],"parameters":[],"shouldDisplayMessage":false,"attachmentsCount":0,"stepsCount":0,"hasContent":false,"attachmentStep":false},{"name":"_verify_url","time":{"start":1734446304514,"stop":1734446304514,"duration":0},"status":"passed","steps":[],"attachments":[],"parameters":[],"shouldDisplayMessage":false,"attachmentsCount":0,"stepsCount":0,"hasContent":false,"attachmentStep":false},{"name":"delete_output_dir","time":{"start":1734446304514,"stop":1734446304514,"duration":0},"status":"passed","steps":[],"attachments":[],"parameters":[],"shouldDisplayMessage":false,"attachmentsCount":0,"stepsCount":0,"hasContent":false,"attachmentStep":false},{"name":"Set up browser: chromium","time":{"start":1734446304515,"stop":1734446305618,"duration":1103},"status":"passed","steps":[],"attachments":[],"parameters":[],"shouldDisplayMessage":false,"attachmentsCount":0,"stepsCount":0,"hasContent":false,"attachmentStep":false},{"name":"Failed test artifacts","time":{"start":1734449355170,"stop":1734449355170,"duration":0},"status":"passed","steps":[],"attachments":[],"parameters":[],"shouldDisplayMessage":false,"attachmentsCount":0,"stepsCount":0,"hasContent":false,"attachmentStep":false},{"name":"fake_email","time":{"start":1734449355171,"stop":1734449355171,"duration":0},"status":"passed","steps":[],"attachments":[],"parameters":[],"shouldDisplayMessage":false,"attachmentsCount":0,"stepsCount":0,"hasContent":false,"attachmentStep":false},{"name":"Delete user after test","time":{"start":1734449355171,"stop":1734449355171,"duration":0},"status":"passed","steps":[],"attachments":[],"parameters":[],"shouldDisplayMessage":false,"attachmentsCount":0,"stepsCount":0,"hasContent":false,"attachmentStep":false},{"name":"context","time":{"start":1734449355171,"stop":1734449355184,"duration":13},"status":"passed","steps":[],"attachments":[],"parameters":[],"shouldDisplayMessage":false,"attachmentsCount":0,"stepsCount":0,"hasContent":false,"attachmentStep":false},{"name":"page","time":{"start":1734449355184,"stop":1734449355255,"duration":71},"status":"passed","steps":[],"attachments":[],"parameters":[],"shouldDisplayMessage":false,"attachmentsCount":0,"stepsCount":0,"hasContent":false,"attachmentStep":false},{"name":"Sign up","time":{"start":1734449355256,"stop":1734449357519,"duration":2263},"status":"passed","steps":[{"name":"Sign up","time":{"start":1734449356939,"stop":1734449357519,"duration":580},"status":"passed","steps":[],"attachments":[],"parameters":[{"name":"temporary_mail","value":"'wtl-automation5587412475172@test.com'"},{"name":"signup_password","value":"'wtl-automation5587412475172@test.com'"}],"shouldDisplayMessage":false,"attachmentsCount":0,"stepsCount":0,"hasContent":true,"attachmentStep":false}],"attachments":[],"parameters":[],"shouldDisplayMessage":false,"attachmentsCount":0,"stepsCount":1,"hasContent":true,"attachmentStep":false},{"name":"setup","time":{"start":1734449355256,"stop":1734449355256,"duration":0},"status":"passed","steps":[],"attachments":[],"parameters":[],"shouldDisplayMessage":false,"attachmentsCount":0,"stepsCount":0,"hasContent":false,"attachmentStep":false}],"testStage":{"status":"broken","statusMessage":"playwright._impl._errors.TimeoutError: Timeout 30000ms exceeded while waiting for event \"download\"\n=========================== logs ===========================\nwaiting for event \"download\"\n============================================================","statusTrace":"self = <tests.tests_default_flow.test_default_sign_up_pdf_download_welcome_modal.TestDefaultSignUpFlow object at 0x7f6fec364680>\nsign_up_fixture = None, qr_create_method = 'menu_link_qr_create'\nfake_email = 'wtl-automation5587412475172@test.com', resolution = 'A3'\n\n    @pytest.mark.parametrize(\"qr_create_method\", [\"website_qr_create\", \"menu_link_qr_create\"])\n    @pytest.mark.parametrize(\"resolution\", resolution_qr_code_pdf)\n    def test_default_sign_up_website_qr_type(self, sign_up_fixture, qr_create_method, fake_email, resolution):\n        qr_create_method_func = getattr(self.qr_creation_page, qr_create_method)\n        qr_create_method_func()\n        try:\n            expect(self.qr_creation_page.locator.create_button).to_be_disabled(timeout=5000)\n        except AssertionError:\n            \"The button has not become disabled, continuing the test\"\n        self.qr_creation_page.locator.create_button.is_enabled()\n        self.qr_creation_page.locator.create_button.click()\n        self.my_qr_codes_page.expect(self.my_qr_codes_page.locator.sign_up_success_image).to_be_enabled(timeout=30000)\n>       self.my_qr_codes_page.download_parametrize_files(pdf_download_format, resolution)\n\ntests/tests_default_flow/test_default_sign_up_pdf_download_welcome_modal.py:42: \n_ _ _ _ _ _ _ _ _ _ _ _ _ _ _ _ _ _ _ _ _ _ _ _ _ _ _ _ _ _ _ _ _ _ _ _ _ _ _ _ \npages/my_qr_codes_page.py:35: in download_parametrize_files\n    with self.page.expect_download() as download_info:\n/usr/local/lib/python3.12/dist-packages/playwright/_impl/_sync_base.py:85: in __exit__\n    self._event.value\n_ _ _ _ _ _ _ _ _ _ _ _ _ _ _ _ _ _ _ _ _ _ _ _ _ _ _ _ _ _ _ _ _ _ _ _ _ _ _ _ \n\nself = <playwright._impl._sync_base.EventInfo object at 0x7f6fea0e18e0>\n\n    @property\n    def value(self) -> T:\n        while not self._future.done():\n            self._sync_base._dispatcher_fiber.switch()\n        asyncio._set_running_loop(self._sync_base._loop)\n        exception = self._future.exception()\n        if exception:\n>           raise exception\nE           playwright._impl._errors.TimeoutError: Timeout 30000ms exceeded while waiting for event \"download\"\nE           =========================== logs ===========================\nE           waiting for event \"download\"\nE           ============================================================\n\n/usr/local/lib/python3.12/dist-packages/playwright/_impl/_sync_base.py:59: TimeoutError","steps":[{"name":"Create Menu - Website QR code","time":{"start":1734449357816,"stop":1734449379307,"duration":21491},"status":"passed","steps":[{"name":"Set QR code name","time":{"start":1734449367947,"stop":1734449368279,"duration":332},"status":"passed","steps":[],"attachments":[],"parameters":[{"name":"qr_code_type","value":"'Menu - Website'"}],"shouldDisplayMessage":false,"attachmentsCount":0,"stepsCount":0,"hasContent":true,"attachmentStep":false},{"name":"Close help modal window step 3","time":{"start":1734449368604,"stop":1734449369809,"duration":1205},"status":"passed","steps":[],"attachments":[],"parameters":[],"shouldDisplayMessage":false,"attachmentsCount":0,"stepsCount":0,"hasContent":false,"attachmentStep":false},{"name":"Select qr frame on step 3","time":{"start":1734449369809,"stop":1734449372056,"duration":2247},"status":"passed","steps":[],"attachments":[],"parameters":[],"shouldDisplayMessage":false,"attachmentsCount":0,"stepsCount":0,"hasContent":false,"attachmentStep":false},{"name":"Select QR cornets on step 3","time":{"start":1734449374476,"stop":1734449377958,"duration":3482},"status":"passed","steps":[],"attachments":[],"parameters":[],"shouldDisplayMessage":false,"attachmentsCount":0,"stepsCount":0,"hasContent":false,"attachmentStep":false},{"name":"Set file","time":{"start":1734449378297,"stop":1734449379307,"duration":1010},"status":"passed","steps":[{"name":"Generate file","time":{"start":1734449378297,"stop":1734449379235,"duration":938},"status":"passed","steps":[],"attachments":[],"parameters":[{"name":"file_type","value":"'image'"}],"shouldDisplayMessage":false,"attachmentsCount":0,"stepsCount":0,"hasContent":true,"attachmentStep":false}],"attachments":[],"parameters":[{"name":"selector","value":"<Locator frame=<Frame name= url='https://oqg-staging.test-qr.com/qr?step=3&qr_onboarding=active'> selector=\"//input[@id='qr_code_logo']\">"},{"name":"file_type","value":"'image'"}],"shouldDisplayMessage":false,"attachmentsCount":0,"stepsCount":1,"hasContent":true,"attachmentStep":false}],"attachments":[],"parameters":[],"shouldDisplayMessage":false,"attachmentsCount":0,"stepsCount":6,"hasContent":true,"attachmentStep":false},{"name":"Download QR code with parameters","time":{"start":1734449383240,"stop":1734449414024,"duration":30784},"status":"broken","statusMessage":"playwright._impl._errors.TimeoutError: Timeout 30000ms exceeded while waiting for event \"download\"\n=========================== logs ===========================\nwaiting for event \"download\"\n============================================================\n","statusTrace":"  File \"/usr/local/lib/python3.12/dist-packages/allure_commons/_allure.py\", line 192, in impl\n    return func(*a, **kw)\n           ^^^^^^^^^^^^^^\n  File \"/app/workspace/pages/my_qr_codes_page.py\", line 35, in download_parametrize_files\n    with self.page.expect_download() as download_info:\n  File \"/usr/local/lib/python3.12/dist-packages/playwright/_impl/_sync_base.py\", line 85, in __exit__\n    self._event.value\n  File \"/usr/local/lib/python3.12/dist-packages/playwright/_impl/_sync_base.py\", line 59, in value\n    raise exception\n","steps":[],"attachments":[],"parameters":[{"name":"file_format","value":"'PDF'"},{"name":"resolution","value":"'A3'"}],"shouldDisplayMessage":true,"attachmentsCount":0,"stepsCount":0,"hasContent":true,"attachmentStep":false}],"attachments":[],"parameters":[],"shouldDisplayMessage":true,"attachmentsCount":0,"stepsCount":8,"hasContent":true,"attachmentStep":false},"afterStages":[{"name":"Sign up::0","time":{"start":1734449414069,"stop":1734449414069,"duration":0},"status":"passed","steps":[],"attachments":[],"parameters":[],"shouldDisplayMessage":false,"attachmentsCount":0,"stepsCount":0,"hasContent":false,"attachmentStep":false},{"name":"page::0","time":{"start":1734449414070,"stop":1734449421136,"duration":7066},"status":"passed","steps":[],"attachments":[],"parameters":[],"shouldDisplayMessage":false,"attachmentsCount":0,"stepsCount":0,"hasContent":false,"attachmentStep":false},{"name":"context::0","time":{"start":1734449421137,"stop":1734449421182,"duration":45},"status":"passed","steps":[],"attachments":[],"parameters":[],"shouldDisplayMessage":false,"attachmentsCount":0,"stepsCount":0,"hasContent":false,"attachmentStep":false},{"name":"Delete user after test::0","time":{"start":1734449421183,"stop":1734449421387,"duration":204},"status":"passed","steps":[],"attachments":[],"parameters":[],"shouldDisplayMessage":false,"attachmentsCount":0,"stepsCount":0,"hasContent":false,"attachmentStep":false},{"name":"Failed test artifacts::0","time":{"start":1734449421387,"stop":1734449421401,"duration":14},"status":"passed","steps":[],"attachments":[{"uid":"c1a17fdd72a65b39","name":"screenshot","source":"c1a17fdd72a65b39.png","type":"image/png","size":8391},{"uid":"642ef488823b6921","name":"video","source":"642ef488823b6921.webm","type":"video/webm","size":2223514}],"parameters":[],"shouldDisplayMessage":false,"attachmentsCount":2,"stepsCount":0,"hasContent":true,"attachmentStep":false},{"name":"Set up browser: chromium::0","time":{"start":1734449504601,"stop":1734449504682,"duration":81},"status":"passed","steps":[],"attachments":[],"parameters":[],"shouldDisplayMessage":false,"attachmentsCount":0,"stepsCount":0,"hasContent":false,"attachmentStep":false}],"labels":[{"name":"feature","value":"Default sign up flow - chromium - chromium"},{"name":"parentSuite","value":"tests.tests_default_flow"},{"name":"suite","value":"test_default_sign_up_pdf_download_welcome_modal"},{"name":"subSuite","value":"TestDefaultSignUpFlow"},{"name":"host","value":"91e9aa9c5e62"},{"name":"thread","value":"28-MainThread"},{"name":"framework","value":"pytest"},{"name":"language","value":"cpython3"},{"name":"package","value":"tests.tests_default_flow.test_default_sign_up_pdf_download_welcome_modal"},{"name":"resultFormat","value":"allure2"}],"parameters":[{"name":"language","value":"'de'"},{"name":"qr_create_method","value":"'menu_link_qr_create'"},{"name":"resolution","value":"'A3'"}],"links":[],"hidden":false,"retry":false,"extra":{"severity":"normal","retries":[],"categories":[{"name":"Test defects","matchedStatuses":[],"flaky":false}],"tags":[]},"source":"d5b710c028bb9c62.json","parameterValues":["'de'","'menu_link_qr_create'","'A3'"]}